#
# There is insufficient memory for the Java Runtime Environment to continue.
# Native memory allocation (mmap) failed to map 150994944 bytes for G1 virtual space
# Possible reasons:
#   The system is out of physical RAM or swap space
#   The process is running with CompressedOops enabled, and the Java Heap may be blocking the growth of the native heap
# Possible solutions:
#   Reduce memory load on the system
#   Increase physical memory or swap space
#   Check if swap backing store is full
#   Decrease Java heap size (-Xmx/-Xms)
#   Decrease number of Java threads
#   Decrease Java thread stack sizes (-Xss)
#   Set larger code cache with -XX:ReservedCodeCacheSize=
#   JVM is running with Unscaled Compressed Oops mode in which the Java heap is
#     placed in the first 4GB address space. The Java Heap base address is the
#     maximum limit for the native heap growth. Please use -XX:HeapBaseMinAddress
#     to set the Java Heap base and to place the Java Heap above 4GB virtual address.
# This output file may be truncated or incomplete.
#
#  Out of Memory Error (os_windows.cpp:3536), pid=22712, tid=7624
#
# JRE version: Java(TM) SE Runtime Environment (19.0.2+7) (build 19.0.2+7-44)
# Java VM: Java HotSpot(TM) 64-Bit Server VM (19.0.2+7-44, mixed mode, sharing, tiered, compressed oops, compressed class ptrs, g1 gc, windows-amd64)
# No core dump will be written. Minidumps are not enabled by default on client versions of Windows
#

---------------  S U M M A R Y ------------

Command Line: -Dfile.encoding=UTF-8 --module-path=C:\Users\akrit\OneDrive\Documents\NetBeansProjects\Tripify Management System\build\classes tripify.management.system.Dashboard

Host: Intel(R) Core(TM) i5-1035G1 CPU @ 1.00GHz, 8 cores, 7G,  Windows 11 , 64 bit Build 22621 (10.0.22621.1778)
Time: Wed Jul 12 15:00:39 2023 India Standard Time elapsed time: 5.633344 seconds (0d 0h 0m 5s)

---------------  T H R E A D  ---------------

Current thread (0x00000260ac478fa0):  VMThread "VM Thread" [stack: 0x000000d267600000,0x000000d267700000] [id=7624]

Stack: [0x000000d267600000,0x000000d267700000]
Native frames: (J=compiled Java code, j=interpreted, Vv=VM code, C=native code)
V  [jvm.dll+0x6ee21a]
V  [jvm.dll+0x85765e]
V  [jvm.dll+0x85904e]
V  [jvm.dll+0x859703]
V  [jvm.dll+0x28298f]
V  [jvm.dll+0x6eb009]
V  [jvm.dll+0x6dfbaa]
V  [jvm.dll+0x3573f6]
V  [jvm.dll+0x35ee56]
V  [jvm.dll+0x3b541e]
V  [jvm.dll+0x3b564f]
V  [jvm.dll+0x32c9ea]
V  [jvm.dll+0x32ca97]
V  [jvm.dll+0x374cd2]
V  [jvm.dll+0x37340f]
V  [jvm.dll+0x32c210]
V  [jvm.dll+0x372ccd]
V  [jvm.dll+0x85ebc3]
V  [jvm.dll+0x85f989]
V  [jvm.dll+0x85febd]
V  [jvm.dll+0x86034b]
V  [jvm.dll+0x860407]
V  [jvm.dll+0x80125a]
V  [jvm.dll+0x6ecf0b]
C  [ucrtbase.dll+0x29363]
C  [KERNEL32.DLL+0x126ad]
C  [ntdll.dll+0x5a9f8]

VM_Operation (0x000000d268ffdd98): G1TryInitiateConcMark, mode: safepoint, requested by thread 0x00000260b17c64b0


---------------  P R O C E S S  ---------------

Threads class SMR info:
_java_thread_list=0x00000260b0cebf80, length=18, elements={
0x00000260ac494030, 0x00000260ac494c50, 0x00000260ac497b00, 0x00000260ac49ac40,
0x00000260ac49ba70, 0x00000260ac49c490, 0x00000260ac4a3e40, 0x00000260ac4ae820,
0x00000260ac4b2a50, 0x00000260b09bd860, 0x00000260b0addf60, 0x00000260b0b97d10,
0x00000260b0c485a0, 0x00000260b0c89bc0, 0x00000260b17c64b0, 0x00000260b1873990,
0x00000260b1a77860, 0x000002608e0a73e0
}

Java Threads: ( => current thread )
  0x00000260ac494030 JavaThread "Reference Handler" daemon [_thread_blocked, id=14424, stack(0x000000d267700000,0x000000d267800000)]
  0x00000260ac494c50 JavaThread "Finalizer" daemon [_thread_blocked, id=22804, stack(0x000000d267800000,0x000000d267900000)]
  0x00000260ac497b00 JavaThread "Signal Dispatcher" daemon [_thread_blocked, id=23412, stack(0x000000d267900000,0x000000d267a00000)]
  0x00000260ac49ac40 JavaThread "Attach Listener" daemon [_thread_blocked, id=16092, stack(0x000000d267a00000,0x000000d267b00000)]
  0x00000260ac49ba70 JavaThread "Service Thread" daemon [_thread_blocked, id=21736, stack(0x000000d267b00000,0x000000d267c00000)]
  0x00000260ac49c490 JavaThread "Monitor Deflation Thread" daemon [_thread_blocked, id=22140, stack(0x000000d267c00000,0x000000d267d00000)]
  0x00000260ac4a3e40 JavaThread "C2 CompilerThread0" daemon [_thread_blocked, id=12232, stack(0x000000d267d00000,0x000000d267e00000)]
  0x00000260ac4ae820 JavaThread "C1 CompilerThread0" daemon [_thread_blocked, id=26524, stack(0x000000d267e00000,0x000000d267f00000)]
  0x00000260ac4b2a50 JavaThread "Sweeper thread" daemon [_thread_blocked, id=25340, stack(0x000000d267f00000,0x000000d268000000)]
  0x00000260b09bd860 JavaThread "Common-Cleaner" daemon [_thread_blocked, id=23028, stack(0x000000d268000000,0x000000d268100000)]
  0x00000260b0addf60 JavaThread "Notification Thread" daemon [_thread_blocked, id=25304, stack(0x000000d268100000,0x000000d268200000)]
  0x00000260b0b97d10 JavaThread "Java2D Disposer" daemon [_thread_blocked, id=24264, stack(0x000000d268300000,0x000000d268400000)]
  0x00000260b0c485a0 JavaThread "AWT-Windows" daemon [_thread_in_native, id=7116, stack(0x000000d268500000,0x000000d268600000)]
  0x00000260b0c89bc0 JavaThread "Image Fetcher 0" daemon [_thread_blocked, id=8172, stack(0x000000d268600000,0x000000d268700000)]
  0x00000260b17c64b0 JavaThread "Image Fetcher 1" daemon [_thread_blocked, id=7352, stack(0x000000d268f00000,0x000000d269000000)]
  0x00000260b1873990 JavaThread "AWT-Shutdown" [_thread_blocked, id=25220, stack(0x000000d268400000,0x000000d268500000)]
  0x00000260b1a77860 JavaThread "AWT-EventQueue-0" [_thread_blocked, id=1708, stack(0x000000d269000000,0x000000d269100000)]
  0x000002608e0a73e0 JavaThread "DestroyJavaVM" [_thread_blocked, id=18556, stack(0x000000d267000000,0x000000d267100000)]

Other Threads:
=>0x00000260ac478fa0 VMThread "VM Thread" [stack: 0x000000d267600000,0x000000d267700000] [id=7624]
  0x00000260b0a83e60 WatcherThread "VM Periodic Task Thread" [stack: 0x000000d268200000,0x000000d268300000] [id=26192]
  0x000002608e106590 WorkerThread "GC Thread#0" [stack: 0x000000d267100000,0x000000d267200000] [id=5068]
  0x00000260b19bc480 WorkerThread "GC Thread#1" [stack: 0x000000d268800000,0x000000d268900000] [id=24548]
  0x00000260b187af10 WorkerThread "GC Thread#2" [stack: 0x000000d268900000,0x000000d268a00000] [id=4000]
  0x00000260b187a970 WorkerThread "GC Thread#3" [stack: 0x000000d268a00000,0x000000d268b00000] [id=23100]
  0x00000260b187b1e0 WorkerThread "GC Thread#4" [stack: 0x000000d268b00000,0x000000d268c00000] [id=19408]
  0x00000260b187b4b0 WorkerThread "GC Thread#5" [stack: 0x000000d268c00000,0x000000d268d00000] [id=9472]
  0x00000260b187a6a0 WorkerThread "GC Thread#6" [stack: 0x000000d268d00000,0x000000d268e00000] [id=4376]
  0x00000260b187ac40 WorkerThread "GC Thread#7" [stack: 0x000000d268e00000,0x000000d268f00000] [id=2416]
  0x000002608e1170b0 ConcurrentGCThread "G1 Main Marker" [stack: 0x000000d267200000,0x000000d267300000] [id=3464]
  0x000002608e118280 WorkerThread "G1 Conc#0" [stack: 0x000000d267300000,0x000000d267400000] [id=25064]
  0x00000260b1879b60 WorkerThread "G1 Conc#1" [stack: 0x000000d268700000,0x000000d268800000] [id=6480]
  0x000002608e16e210 ConcurrentGCThread "G1 Refine#0" [stack: 0x000000d267400000,0x000000d267500000] [id=22024]
  0x000002608e16ebf0 ConcurrentGCThread "G1 Service" [stack: 0x000000d267500000,0x000000d267600000] [id=25164]

Threads with active compile tasks:

VM state: at safepoint (normal execution)

VM Mutex/Monitor currently owned by a thread:  ([mutex/lock_event])
[0x000002608e0a28f0] Threads_lock - owner thread: 0x00000260ac478fa0
[0x000002608e0a2e90] Heap_lock - owner thread: 0x00000260b17c64b0

Heap address: 0x0000000083a00000, size: 1990 MB, Compressed Oops mode: 32-bit

CDS archive(s) mapped at: [0x0000000800000000-0x0000000800c40000-0x0000000800c40000), size 12845056, SharedBaseAddress: 0x0000000800000000, ArchiveRelocationMode: 0.
Compressed class space mapped at: 0x0000000801000000-0x0000000841000000, reserved size: 1073741824
Narrow klass base: 0x0000000800000000, Narrow klass shift: 0, Narrow klass range: 0x100000000

GC Precious Log:
 CardTable entry size: 512
 Card Set container configuration: InlinePtr #cards 5 size 8 Array Of Cards #cards 12 size 40 Howl #buckets 4 coarsen threshold 1843 Howl Bitmap #cards 512 size 80 coarsen threshold 460 Card regions per heap region 1 cards per card region 2048
 CPUs: 8 total, 8 available
 Memory: 7959M
 Large Page Support: Disabled
 NUMA Support: Disabled
 Compressed Oops: Enabled (32-bit)
 Heap Region Size: 1M
 Heap Min Capacity: 8M
 Heap Initial Capacity: 126M
 Heap Max Capacity: 1990M
 Pre-touch: Disabled
 Parallel Workers: 8
 Concurrent Workers: 2
 Concurrent Refinement Workers: 8
 Periodic GC: Disabled

Heap:
 garbage-first heap   total 147456K, used 86780K [0x0000000083a00000, 0x0000000100000000)
  region size 1024K, 2 young (2048K), 2 survivors (2048K)
 Metaspace       used 7626K, committed 7872K, reserved 1114112K
  class space    used 782K, committed 896K, reserved 1048576K

Heap Regions: E=young(eden), S=young(survivor), O=old, HS=humongous(starts), HC=humongous(continues), CS=collection set, F=free, OA=open archive, CA=closed archive, TAMS=top-at-mark-start (previous, next)
|   0|0x0000000083a00000, 0x0000000083b00000, 0x0000000083b00000|100%|HS|  |TAMS 0x0000000083b00000, 0x0000000083b00000| Complete 
|   1|0x0000000083b00000, 0x0000000083c00000, 0x0000000083c00000|100%|HC|  |TAMS 0x0000000083c00000, 0x0000000083c00000| Complete 
|   2|0x0000000083c00000, 0x0000000083d00000, 0x0000000083d00000|100%|HS|  |TAMS 0x0000000083d00000, 0x0000000083d00000| Complete 
|   3|0x0000000083d00000, 0x0000000083e00000, 0x0000000083e00000|100%|HC|  |TAMS 0x0000000083e00000, 0x0000000083e00000| Complete 
|   4|0x0000000083e00000, 0x0000000083f00000, 0x0000000083f00000|100%|HC|  |TAMS 0x0000000083f00000, 0x0000000083f00000| Complete 
|   5|0x0000000083f00000, 0x0000000084000000, 0x0000000084000000|100%|HC|  |TAMS 0x0000000084000000, 0x0000000084000000| Complete 
|   6|0x0000000084000000, 0x0000000084100000, 0x0000000084100000|100%|HC|  |TAMS 0x0000000084100000, 0x0000000084100000| Complete 
|   7|0x0000000084100000, 0x0000000084200000, 0x0000000084200000|100%|HC|  |TAMS 0x0000000084200000, 0x0000000084200000| Complete 
|   8|0x0000000084200000, 0x0000000084300000, 0x0000000084300000|100%|HC|  |TAMS 0x0000000084300000, 0x0000000084300000| Complete 
|   9|0x0000000084300000, 0x0000000084400000, 0x0000000084400000|100%|HC|  |TAMS 0x0000000084400000, 0x0000000084400000| Complete 
|  10|0x0000000084400000, 0x0000000084500000, 0x0000000084500000|100%|HC|  |TAMS 0x0000000084500000, 0x0000000084500000| Complete 
|  11|0x0000000084500000, 0x0000000084600000, 0x0000000084600000|100%|HC|  |TAMS 0x0000000084600000, 0x0000000084600000| Complete 
|  12|0x0000000084600000, 0x0000000084700000, 0x0000000084700000|100%|HC|  |TAMS 0x0000000084700000, 0x0000000084700000| Complete 
|  13|0x0000000084700000, 0x0000000084800000, 0x0000000084800000|100%|HC|  |TAMS 0x0000000084800000, 0x0000000084800000| Complete 
|  14|0x0000000084800000, 0x0000000084900000, 0x0000000084900000|100%|HC|  |TAMS 0x0000000084900000, 0x0000000084900000| Complete 
|  15|0x0000000084900000, 0x0000000084a00000, 0x0000000084a00000|100%|HC|  |TAMS 0x0000000084a00000, 0x0000000084a00000| Complete 
|  16|0x0000000084a00000, 0x0000000084b00000, 0x0000000084b00000|100%|HC|  |TAMS 0x0000000084b00000, 0x0000000084b00000| Complete 
|  17|0x0000000084b00000, 0x0000000084c00000, 0x0000000084c00000|100%|HC|  |TAMS 0x0000000084c00000, 0x0000000084c00000| Complete 
|  18|0x0000000084c00000, 0x0000000084d00000, 0x0000000084d00000|100%|HC|  |TAMS 0x0000000084d00000, 0x0000000084d00000| Complete 
|  19|0x0000000084d00000, 0x0000000084e00000, 0x0000000084e00000|100%|HC|  |TAMS 0x0000000084e00000, 0x0000000084e00000| Complete 
|  20|0x0000000084e00000, 0x0000000084f00000, 0x0000000084f00000|100%|HC|  |TAMS 0x0000000084f00000, 0x0000000084f00000| Complete 
|  21|0x0000000084f00000, 0x0000000085000000, 0x0000000085000000|100%|HC|  |TAMS 0x0000000085000000, 0x0000000085000000| Complete 
|  22|0x0000000085000000, 0x0000000085100000, 0x0000000085100000|100%|HC|  |TAMS 0x0000000085100000, 0x0000000085100000| Complete 
|  23|0x0000000085100000, 0x0000000085200000, 0x0000000085200000|100%|HC|  |TAMS 0x0000000085200000, 0x0000000085200000| Complete 
|  24|0x0000000085200000, 0x0000000085300000, 0x0000000085300000|100%|HC|  |TAMS 0x0000000085300000, 0x0000000085300000| Complete 
|  25|0x0000000085300000, 0x0000000085400000, 0x0000000085400000|100%|HC|  |TAMS 0x0000000085400000, 0x0000000085400000| Complete 
|  26|0x0000000085400000, 0x0000000085500000, 0x0000000085500000|100%|HC|  |TAMS 0x0000000085500000, 0x0000000085500000| Complete 
|  27|0x0000000085500000, 0x0000000085600000, 0x0000000085600000|100%|HC|  |TAMS 0x0000000085600000, 0x0000000085600000| Complete 
|  28|0x0000000085600000, 0x0000000085700000, 0x0000000085700000|100%|HC|  |TAMS 0x0000000085700000, 0x0000000085700000| Complete 
|  29|0x0000000085700000, 0x0000000085800000, 0x0000000085800000|100%|HC|  |TAMS 0x0000000085800000, 0x0000000085800000| Complete 
|  30|0x0000000085800000, 0x0000000085900000, 0x0000000085900000|100%|HC|  |TAMS 0x0000000085900000, 0x0000000085900000| Complete 
|  31|0x0000000085900000, 0x0000000085a00000, 0x0000000085a00000|100%|HC|  |TAMS 0x0000000085a00000, 0x0000000085a00000| Complete 
|  32|0x0000000085a00000, 0x0000000085b00000, 0x0000000085b00000|100%|HC|  |TAMS 0x0000000085b00000, 0x0000000085b00000| Complete 
|  33|0x0000000085b00000, 0x0000000085c00000, 0x0000000085c00000|100%|HC|  |TAMS 0x0000000085c00000, 0x0000000085c00000| Complete 
|  34|0x0000000085c00000, 0x0000000085d00000, 0x0000000085d00000|100%|HC|  |TAMS 0x0000000085d00000, 0x0000000085d00000| Complete 
|  35|0x0000000085d00000, 0x0000000085e00000, 0x0000000085e00000|100%|HC|  |TAMS 0x0000000085e00000, 0x0000000085e00000| Complete 
|  36|0x0000000085e00000, 0x0000000085f00000, 0x0000000085f00000|100%|HC|  |TAMS 0x0000000085f00000, 0x0000000085f00000| Complete 
|  37|0x0000000085f00000, 0x0000000086000000, 0x0000000086000000|100%|HC|  |TAMS 0x0000000086000000, 0x0000000086000000| Complete 
|  38|0x0000000086000000, 0x0000000086100000, 0x0000000086100000|100%|HC|  |TAMS 0x0000000086100000, 0x0000000086100000| Complete 
|  39|0x0000000086100000, 0x0000000086200000, 0x0000000086200000|100%|HC|  |TAMS 0x0000000086200000, 0x0000000086200000| Complete 
|  40|0x0000000086200000, 0x0000000086300000, 0x0000000086300000|100%|HC|  |TAMS 0x0000000086300000, 0x0000000086300000| Complete 
|  41|0x0000000086300000, 0x0000000086400000, 0x0000000086400000|100%|HC|  |TAMS 0x0000000086400000, 0x0000000086400000| Complete 
|  42|0x0000000086400000, 0x0000000086500000, 0x0000000086500000|100%|HC|  |TAMS 0x0000000086500000, 0x0000000086500000| Complete 
|  43|0x0000000086500000, 0x0000000086600000, 0x0000000086600000|100%|HC|  |TAMS 0x0000000086600000, 0x0000000086600000| Complete 
|  44|0x0000000086600000, 0x0000000086700000, 0x0000000086700000|100%|HC|  |TAMS 0x0000000086700000, 0x0000000086700000| Complete 
|  45|0x0000000086700000, 0x0000000086800000, 0x0000000086800000|100%|HC|  |TAMS 0x0000000086800000, 0x0000000086800000| Complete 
|  46|0x0000000086800000, 0x0000000086900000, 0x0000000086900000|100%|HC|  |TAMS 0x0000000086900000, 0x0000000086900000| Complete 
|  47|0x0000000086900000, 0x0000000086a00000, 0x0000000086a00000|100%|HC|  |TAMS 0x0000000086a00000, 0x0000000086a00000| Complete 
|  48|0x0000000086a00000, 0x0000000086b00000, 0x0000000086b00000|100%|HC|  |TAMS 0x0000000086b00000, 0x0000000086b00000| Complete 
|  49|0x0000000086b00000, 0x0000000086c00000, 0x0000000086c00000|100%|HC|  |TAMS 0x0000000086c00000, 0x0000000086c00000| Complete 
|  50|0x0000000086c00000, 0x0000000086d00000, 0x0000000086d00000|100%|HC|  |TAMS 0x0000000086d00000, 0x0000000086d00000| Complete 
|  51|0x0000000086d00000, 0x0000000086e00000, 0x0000000086e00000|100%|HC|  |TAMS 0x0000000086e00000, 0x0000000086e00000| Complete 
|  52|0x0000000086e00000, 0x0000000086f00000, 0x0000000086f00000|100%|HC|  |TAMS 0x0000000086f00000, 0x0000000086f00000| Complete 
|  53|0x0000000086f00000, 0x0000000087000000, 0x0000000087000000|100%|HC|  |TAMS 0x0000000087000000, 0x0000000087000000| Complete 
|  54|0x0000000087000000, 0x0000000087100000, 0x0000000087100000|100%|HC|  |TAMS 0x0000000087100000, 0x0000000087100000| Complete 
|  55|0x0000000087100000, 0x0000000087200000, 0x0000000087200000|100%|HC|  |TAMS 0x0000000087200000, 0x0000000087200000| Complete 
|  56|0x0000000087200000, 0x0000000087300000, 0x0000000087300000|100%|HC|  |TAMS 0x0000000087300000, 0x0000000087300000| Complete 
|  57|0x0000000087300000, 0x0000000087400000, 0x0000000087400000|100%|HC|  |TAMS 0x0000000087400000, 0x0000000087400000| Complete 
|  58|0x0000000087400000, 0x0000000087500000, 0x0000000087500000|100%|HC|  |TAMS 0x0000000087500000, 0x0000000087500000| Complete 
|  59|0x0000000087500000, 0x0000000087600000, 0x0000000087600000|100%|HC|  |TAMS 0x0000000087600000, 0x0000000087600000| Complete 
|  60|0x0000000087600000, 0x0000000087700000, 0x0000000087700000|100%|HC|  |TAMS 0x0000000087700000, 0x0000000087700000| Complete 
|  61|0x0000000087700000, 0x0000000087800000, 0x0000000087800000|100%|HC|  |TAMS 0x0000000087800000, 0x0000000087800000| Complete 
|  62|0x0000000087800000, 0x0000000087900000, 0x0000000087900000|100%|HC|  |TAMS 0x0000000087900000, 0x0000000087900000| Complete 
|  63|0x0000000087900000, 0x0000000087a00000, 0x0000000087a00000|100%|HC|  |TAMS 0x0000000087a00000, 0x0000000087a00000| Complete 
|  64|0x0000000087a00000, 0x0000000087b00000, 0x0000000087b00000|100%|HC|  |TAMS 0x0000000087b00000, 0x0000000087b00000| Complete 
|  65|0x0000000087b00000, 0x0000000087c00000, 0x0000000087c00000|100%|HC|  |TAMS 0x0000000087c00000, 0x0000000087c00000| Complete 
|  66|0x0000000087c00000, 0x0000000087d00000, 0x0000000087d00000|100%|HC|  |TAMS 0x0000000087d00000, 0x0000000087d00000| Complete 
|  67|0x0000000087d00000, 0x0000000087e00000, 0x0000000087e00000|100%|HC|  |TAMS 0x0000000087e00000, 0x0000000087e00000| Complete 
|  68|0x0000000087e00000, 0x0000000087f00000, 0x0000000087f00000|100%| O|  |TAMS 0x0000000087f00000, 0x0000000087f00000| Untracked 
|  69|0x0000000087f00000, 0x0000000088000000, 0x0000000088000000|100%| O|  |TAMS 0x0000000088000000, 0x0000000088000000| Untracked 
|  70|0x0000000088000000, 0x0000000088070200, 0x0000000088100000| 43%| O|  |TAMS 0x0000000088070200, 0x0000000088070200| Untracked 
|  71|0x0000000088100000, 0x0000000088200000, 0x0000000088200000|100%|HS|  |TAMS 0x0000000088200000, 0x0000000088200000| Complete 
|  72|0x0000000088200000, 0x0000000088300000, 0x0000000088300000|100%|HC|  |TAMS 0x0000000088300000, 0x0000000088300000| Complete 
|  73|0x0000000088300000, 0x0000000088400000, 0x0000000088400000|100%|HC|  |TAMS 0x0000000088400000, 0x0000000088400000| Complete 
|  74|0x0000000088400000, 0x0000000088500000, 0x0000000088500000|100%|HC|  |TAMS 0x0000000088500000, 0x0000000088500000| Complete 
|  75|0x0000000088500000, 0x0000000088600000, 0x0000000088600000|100%|HC|  |TAMS 0x0000000088600000, 0x0000000088600000| Complete 
|  76|0x0000000088600000, 0x0000000088700000, 0x0000000088700000|100%|HS|  |TAMS 0x0000000088600000, 0x0000000088700000| Complete 
|  77|0x0000000088700000, 0x0000000088800000, 0x0000000088800000|100%|HC|  |TAMS 0x0000000088700000, 0x0000000088800000| Complete 
|  78|0x0000000088800000, 0x0000000088900000, 0x0000000088900000|100%|HC|  |TAMS 0x0000000088800000, 0x0000000088900000| Complete 
|  79|0x0000000088900000, 0x0000000088a00000, 0x0000000088a00000|100%|HC|  |TAMS 0x0000000088900000, 0x0000000088a00000| Complete 
|  80|0x0000000088a00000, 0x0000000088b00000, 0x0000000088b00000|100%|HC|  |TAMS 0x0000000088a00000, 0x0000000088b00000| Complete 
|  81|0x0000000088b00000, 0x0000000088c00000, 0x0000000088c00000|100%|HC|  |TAMS 0x0000000088b00000, 0x0000000088c00000| Complete 
|  82|0x0000000088c00000, 0x0000000088d00000, 0x0000000088d00000|100%|HC|  |TAMS 0x0000000088c00000, 0x0000000088d00000| Complete 
|  83|0x0000000088d00000, 0x0000000088e00000, 0x0000000088e00000|100%|HC|  |TAMS 0x0000000088d00000, 0x0000000088e00000| Complete 
|  84|0x0000000088e00000, 0x0000000088e00000, 0x0000000088f00000|  0%| F|  |TAMS 0x0000000088e00000, 0x0000000088e00000| Untracked 
|  85|0x0000000088f00000, 0x0000000088f00000, 0x0000000089000000|  0%| F|  |TAMS 0x0000000088f00000, 0x0000000088f00000| Untracked 
|  86|0x0000000089000000, 0x0000000089000000, 0x0000000089100000|  0%| F|  |TAMS 0x0000000089000000, 0x0000000089000000| Untracked 
|  87|0x0000000089100000, 0x0000000089100000, 0x0000000089200000|  0%| F|  |TAMS 0x0000000089100000, 0x0000000089100000| Untracked 
|  88|0x0000000089200000, 0x0000000089200000, 0x0000000089300000|  0%| F|  |TAMS 0x0000000089200000, 0x0000000089200000| Untracked 
|  89|0x0000000089300000, 0x0000000089300000, 0x0000000089400000|  0%| F|  |TAMS 0x0000000089300000, 0x0000000089300000| Untracked 
|  90|0x0000000089400000, 0x0000000089400000, 0x0000000089500000|  0%| F|  |TAMS 0x0000000089400000, 0x0000000089400000| Untracked 
|  91|0x0000000089500000, 0x0000000089500000, 0x0000000089600000|  0%| F|  |TAMS 0x0000000089500000, 0x0000000089500000| Untracked 
|  92|0x0000000089600000, 0x0000000089600000, 0x0000000089700000|  0%| F|  |TAMS 0x0000000089600000, 0x0000000089600000| Untracked 
|  93|0x0000000089700000, 0x0000000089700000, 0x0000000089800000|  0%| F|  |TAMS 0x0000000089700000, 0x0000000089700000| Untracked 
|  94|0x0000000089800000, 0x0000000089800000, 0x0000000089900000|  0%| F|  |TAMS 0x0000000089800000, 0x0000000089800000| Untracked 
|  95|0x0000000089900000, 0x0000000089900000, 0x0000000089a00000|  0%| F|  |TAMS 0x0000000089900000, 0x0000000089900000| Untracked 
|  96|0x0000000089a00000, 0x0000000089a00000, 0x0000000089b00000|  0%| F|  |TAMS 0x0000000089a00000, 0x0000000089a00000| Untracked 
|  97|0x0000000089b00000, 0x0000000089b00000, 0x0000000089c00000|  0%| F|  |TAMS 0x0000000089b00000, 0x0000000089b00000| Untracked 
|  98|0x0000000089c00000, 0x0000000089c00000, 0x0000000089d00000|  0%| F|  |TAMS 0x0000000089c00000, 0x0000000089c00000| Untracked 
|  99|0x0000000089d00000, 0x0000000089d00000, 0x0000000089e00000|  0%| F|  |TAMS 0x0000000089d00000, 0x0000000089d00000| Untracked 
| 100|0x0000000089e00000, 0x0000000089e00000, 0x0000000089f00000|  0%| F|  |TAMS 0x0000000089e00000, 0x0000000089e00000| Untracked 
| 101|0x0000000089f00000, 0x0000000089f00000, 0x000000008a000000|  0%| F|  |TAMS 0x0000000089f00000, 0x0000000089f00000| Untracked 
| 102|0x000000008a000000, 0x000000008a000000, 0x000000008a100000|  0%| F|  |TAMS 0x000000008a000000, 0x000000008a000000| Untracked 
| 103|0x000000008a100000, 0x000000008a100000, 0x000000008a200000|  0%| F|  |TAMS 0x000000008a100000, 0x000000008a100000| Untracked 
| 104|0x000000008a200000, 0x000000008a200000, 0x000000008a300000|  0%| F|  |TAMS 0x000000008a200000, 0x000000008a200000| Untracked 
| 105|0x000000008a300000, 0x000000008a300000, 0x000000008a400000|  0%| F|  |TAMS 0x000000008a300000, 0x000000008a300000| Untracked 
| 106|0x000000008a400000, 0x000000008a400000, 0x000000008a500000|  0%| F|  |TAMS 0x000000008a400000, 0x000000008a400000| Untracked 
| 107|0x000000008a500000, 0x000000008a500000, 0x000000008a600000|  0%| F|  |TAMS 0x000000008a500000, 0x000000008a500000| Untracked 
| 108|0x000000008a600000, 0x000000008a600000, 0x000000008a700000|  0%| F|  |TAMS 0x000000008a600000, 0x000000008a600000| Untracked 
| 109|0x000000008a700000, 0x000000008a700000, 0x000000008a800000|  0%| F|  |TAMS 0x000000008a700000, 0x000000008a700000| Untracked 
| 110|0x000000008a800000, 0x000000008a800000, 0x000000008a900000|  0%| F|  |TAMS 0x000000008a800000, 0x000000008a800000| Untracked 
| 111|0x000000008a900000, 0x000000008a900000, 0x000000008aa00000|  0%| F|  |TAMS 0x000000008a900000, 0x000000008a900000| Untracked 
| 112|0x000000008aa00000, 0x000000008aa00000, 0x000000008ab00000|  0%| F|  |TAMS 0x000000008aa00000, 0x000000008aa00000| Untracked 
| 113|0x000000008ab00000, 0x000000008ab00000, 0x000000008ac00000|  0%| F|  |TAMS 0x000000008ab00000, 0x000000008ab00000| Untracked 
| 114|0x000000008ac00000, 0x000000008ac00000, 0x000000008ad00000|  0%| F|  |TAMS 0x000000008ac00000, 0x000000008ac00000| Untracked 
| 115|0x000000008ad00000, 0x000000008ad00000, 0x000000008ae00000|  0%| F|  |TAMS 0x000000008ad00000, 0x000000008ad00000| Untracked 
| 116|0x000000008ae00000, 0x000000008ae00000, 0x000000008af00000|  0%| F|  |TAMS 0x000000008ae00000, 0x000000008ae00000| Untracked 
| 117|0x000000008af00000, 0x000000008af00000, 0x000000008b000000|  0%| F|  |TAMS 0x000000008af00000, 0x000000008af00000| Untracked 
| 118|0x000000008b000000, 0x000000008b000000, 0x000000008b100000|  0%| F|  |TAMS 0x000000008b000000, 0x000000008b000000| Untracked 
| 119|0x000000008b100000, 0x000000008b100000, 0x000000008b200000|  0%| F|  |TAMS 0x000000008b100000, 0x000000008b100000| Untracked 
| 120|0x000000008b200000, 0x000000008b200000, 0x000000008b300000|  0%| F|  |TAMS 0x000000008b200000, 0x000000008b200000| Untracked 
| 121|0x000000008b300000, 0x000000008b300000, 0x000000008b400000|  0%| F|  |TAMS 0x000000008b300000, 0x000000008b300000| Untracked 
| 122|0x000000008b400000, 0x000000008b400000, 0x000000008b500000|  0%| F|  |TAMS 0x000000008b400000, 0x000000008b400000| Untracked 
| 123|0x000000008b500000, 0x000000008b500000, 0x000000008b600000|  0%| F|  |TAMS 0x000000008b500000, 0x000000008b500000| Untracked 
| 124|0x000000008b600000, 0x000000008b600000, 0x000000008b700000|  0%| F|  |TAMS 0x000000008b600000, 0x000000008b600000| Untracked 
| 125|0x000000008b700000, 0x000000008b700000, 0x000000008b800000|  0%| F|  |TAMS 0x000000008b700000, 0x000000008b700000| Untracked 
| 126|0x000000008b800000, 0x000000008b800000, 0x000000008b900000|  0%| F|  |TAMS 0x000000008b800000, 0x000000008b800000| Untracked 
| 127|0x000000008b900000, 0x000000008b900000, 0x000000008ba00000|  0%| F|  |TAMS 0x000000008b900000, 0x000000008b900000| Untracked 
| 128|0x000000008ba00000, 0x000000008ba00000, 0x000000008bb00000|  0%| F|  |TAMS 0x000000008ba00000, 0x000000008ba00000| Untracked 
| 129|0x000000008bb00000, 0x000000008bb00000, 0x000000008bc00000|  0%| F|  |TAMS 0x000000008bb00000, 0x000000008bb00000| Untracked 
| 130|0x000000008bc00000, 0x000000008bc00000, 0x000000008bd00000|  0%| F|  |TAMS 0x000000008bc00000, 0x000000008bc00000| Untracked 
| 131|0x000000008bd00000, 0x000000008bd00000, 0x000000008be00000|  0%| F|  |TAMS 0x000000008bd00000, 0x000000008bd00000| Untracked 
| 132|0x000000008be00000, 0x000000008be4f1a0, 0x000000008bf00000| 30%| S|CS|TAMS 0x000000008be00000, 0x000000008be00000| Complete 
| 133|0x000000008bf00000, 0x000000008c000000, 0x000000008c000000|100%| S|CS|TAMS 0x000000008bf00000, 0x000000008bf00000| Complete 
| 134|0x000000008c000000, 0x000000008c000000, 0x000000008c100000|  0%| F|  |TAMS 0x000000008c000000, 0x000000008c000000| Untracked 
| 135|0x000000008c100000, 0x000000008c100000, 0x000000008c200000|  0%| F|  |TAMS 0x000000008c100000, 0x000000008c100000| Untracked 
| 136|0x000000008c200000, 0x000000008c200000, 0x000000008c300000|  0%| F|  |TAMS 0x000000008c200000, 0x000000008c200000| Untracked 
| 137|0x000000008c300000, 0x000000008c300000, 0x000000008c400000|  0%| F|  |TAMS 0x000000008c300000, 0x000000008c300000| Untracked 
| 138|0x000000008c400000, 0x000000008c400000, 0x000000008c500000|  0%| F|  |TAMS 0x000000008c400000, 0x000000008c400000| Untracked 
| 139|0x000000008c500000, 0x000000008c500000, 0x000000008c600000|  0%| F|  |TAMS 0x000000008c500000, 0x000000008c500000| Untracked 
| 140|0x000000008c600000, 0x000000008c600000, 0x000000008c700000|  0%| F|  |TAMS 0x000000008c600000, 0x000000008c600000| Untracked 
| 141|0x000000008c700000, 0x000000008c700000, 0x000000008c800000|  0%| F|  |TAMS 0x000000008c700000, 0x000000008c700000| Untracked 
| 142|0x000000008c800000, 0x000000008c800000, 0x000000008c900000|  0%| F|  |TAMS 0x000000008c800000, 0x000000008c800000| Untracked 
| 143|0x000000008c900000, 0x000000008c900000, 0x000000008ca00000|  0%| F|  |TAMS 0x000000008c900000, 0x000000008c900000| Untracked 

Card table byte_map: [0x00000260a5740000,0x00000260a5b30000] _byte_map_base: 0x00000260a5323000

Marking Bits (Prev, Next): (CMBitMap*) 0x000002608e106c00, (CMBitMap*) 0x000002608e106bc0
 Prev Bits: [0x00000260a7e40000, 0x00000260a9d58000)
 Next Bits: [0x00000260a5f20000, 0x00000260a7e38000)

Polling page: 0x000002608d870000

Metaspace:

Usage:
  Non-class:      6.68 MB used.
      Class:    782.18 KB used.
       Both:      7.45 MB used.

Virtual space:
  Non-class space:       64.00 MB reserved,       6.81 MB ( 11%) committed,  1 nodes.
      Class space:        1.00 GB reserved,     896.00 KB ( <1%) committed,  1 nodes.
             Both:        1.06 GB reserved,       7.69 MB ( <1%) committed. 

Chunk freelists:
   Non-Class:  1016.00 KB
       Class:  3.10 MB
        Both:  4.09 MB

MaxMetaspaceSize: unlimited
CompressedClassSpaceSize: 1.00 GB
Initial GC threshold: 21.00 MB
Current GC threshold: 21.00 MB
CDS: on
MetaspaceReclaimPolicy: balanced
 - commit_granule_bytes: 65536.
 - commit_granule_words: 8192.
 - virtual_space_node_default_size: 8388608.
 - enlarge_chunks_in_place: 1.
 - new_chunks_are_fully_committed: 0.
 - uncommit_free_chunks: 1.
 - use_allocation_guard: 0.


Internal statistics:

num_allocs_failed_limit: 0.
num_arena_births: 154.
num_arena_deaths: 0.
num_vsnodes_births: 2.
num_vsnodes_deaths: 0.
num_space_committed: 123.
num_space_uncommitted: 0.
num_chunks_returned_to_freelist: 0.
num_chunks_taken_from_freelist: 168.
num_chunk_merges: 0.
num_chunk_splits: 116.
num_chunks_enlarged: 75.
num_inconsistent_stats: 0.

CodeHeap 'non-profiled nmethods': size=120000Kb used=482Kb max_used=482Kb free=119517Kb
 bounds [0x000002609dae0000, 0x000002609dd50000, 0x00000260a5010000]
CodeHeap 'profiled nmethods': size=120000Kb used=2312Kb max_used=2312Kb free=117688Kb
 bounds [0x0000026096010000, 0x0000026096280000, 0x000002609d540000]
CodeHeap 'non-nmethods': size=5760Kb used=1377Kb max_used=1417Kb free=4382Kb
 bounds [0x000002609d540000, 0x000002609d7b0000, 0x000002609dae0000]
 total_blobs=2002 nmethods=1396 adapters=517
 compilation: enabled
              stopped_count=0, restarted_count=0
 full_count=0

Compilation events (20 events):
Event: 5.607 Thread 0x00000260ac4ae820 nmethod 1388 0x000002609624ba10 code [0x000002609624bbe0, 0x000002609624bea8]
Event: 5.610 Thread 0x00000260ac4ae820 1389       3       java.lang.Float::isNaN (12 bytes)
Event: 5.610 Thread 0x00000260ac4ae820 nmethod 1389 0x000002609624c090 code [0x000002609624c220, 0x000002609624c398]
Event: 5.611 Thread 0x00000260ac4ae820 1390       3       javax.swing.RepaintManager::getDelegate (14 bytes)
Event: 5.611 Thread 0x00000260ac4ae820 nmethod 1390 0x000002609624c410 code [0x000002609624c5c0, 0x000002609624c748]
Event: 5.611 Thread 0x00000260ac4ae820 1393   !   3       javax.swing.UIDefaults::getFromResourceBundle (69 bytes)
Event: 5.612 Thread 0x00000260ac4ae820 nmethod 1393 0x000002609624c810 code [0x000002609624ca00, 0x000002609624d118]
Event: 5.612 Thread 0x00000260ac4ae820 1392       3       javax.swing.UIManager::getDefaults (10 bytes)
Event: 5.612 Thread 0x00000260ac4ae820 nmethod 1392 0x000002609624d310 code [0x000002609624d4c0, 0x000002609624d5f8]
Event: 5.612 Thread 0x00000260ac4ae820 1391       3       com.sun.java.swing.SwingUtilities3::getDelegateRepaintManager (73 bytes)
Event: 5.613 Thread 0x00000260ac4ae820 nmethod 1391 0x000002609624d710 code [0x000002609624d980, 0x000002609624e718]
Event: 5.613 Thread 0x00000260ac4ae820 1394       3       java.lang.invoke.Invokers$Holder::linkToTargetMethod (9 bytes)
Event: 5.613 Thread 0x00000260ac4ae820 nmethod 1394 0x000002609624eb10 code [0x000002609624ecc0, 0x000002609624f098]
Event: 5.613 Thread 0x00000260ac4ae820 1396   !   3       javax.swing.RepaintManager::addDirtyRegion0 (205 bytes)
Event: 5.615 Thread 0x00000260ac4ae820 nmethod 1396 0x000002609624f190 code [0x000002609624f4c0, 0x0000026096250fd8]
Event: 5.615 Thread 0x00000260ac4ae820 1397  s    3       java.beans.ChangeListenerMap::get (25 bytes)
Event: 5.615 Thread 0x00000260ac4ae820 nmethod 1397 0x0000026096251690 code [0x0000026096251860, 0x0000026096251c48]
Event: 5.615 Thread 0x00000260ac4ae820 1395       3       java.lang.StringConcatHelper::initialCoder (14 bytes)
Event: 5.615 Thread 0x00000260ac4ae820 nmethod 1395 0x0000026096251d10 code [0x0000026096251ea0, 0x0000026096251fb8]
Event: 5.627 Thread 0x00000260ac4a3e40 nmethod 1387 0x000002609db57090 code [0x000002609db57280, 0x000002609db58110]

GC Heap History (11 events):
Event: 0.521 GC heap before
{Heap before GC invocations=0 (full 0):
 garbage-first heap   total 129024K, used 10240K [0x0000000083a00000, 0x0000000100000000)
  region size 1024K, 9 young (9216K), 0 survivors (0K)
 Metaspace       used 5058K, committed 5312K, reserved 1114112K
  class space    used 515K, committed 640K, reserved 1048576K
}
Event: 0.526 GC heap after
{Heap after GC invocations=1 (full 0):
 garbage-first heap   total 129024K, used 4672K [0x0000000083a00000, 0x0000000100000000)
  region size 1024K, 3 young (3072K), 3 survivors (3072K)
 Metaspace       used 5058K, committed 5312K, reserved 1114112K
  class space    used 515K, committed 640K, reserved 1048576K
}
Event: 0.748 GC heap before
{Heap before GC invocations=1 (full 0):
 garbage-first heap   total 129024K, used 91712K [0x0000000083a00000, 0x0000000100000000)
  region size 1024K, 23 young (23552K), 3 survivors (3072K)
 Metaspace       used 5063K, committed 5312K, reserved 1114112K
  class space    used 516K, committed 640K, reserved 1048576K
}
Event: 0.753 GC heap after
{Heap after GC invocations=2 (full 0):
 garbage-first heap   total 129024K, used 72360K [0x0000000083a00000, 0x0000000100000000)
  region size 1024K, 1 young (1024K), 1 survivors (1024K)
 Metaspace       used 5063K, committed 5312K, reserved 1114112K
  class space    used 516K, committed 640K, reserved 1048576K
}
Event: 0.828 GC heap before
{Heap before GC invocations=2 (full 0):
 garbage-first heap   total 129024K, used 105128K [0x0000000083a00000, 0x0000000100000000)
  region size 1024K, 34 young (34816K), 1 survivors (1024K)
 Metaspace       used 5063K, committed 5312K, reserved 1114112K
  class space    used 516K, committed 640K, reserved 1048576K
}
Event: 0.828 GC heap after
{Heap after GC invocations=3 (full 0):
 garbage-first heap   total 129024K, used 72186K [0x0000000083a00000, 0x0000000100000000)
  region size 1024K, 1 young (1024K), 1 survivors (1024K)
 Metaspace       used 5063K, committed 5312K, reserved 1114112K
  class space    used 516K, committed 640K, reserved 1048576K
}
Event: 0.965 GC heap before
{Heap before GC invocations=4 (full 0):
 garbage-first heap   total 129024K, used 99834K [0x0000000083a00000, 0x0000000100000000)
  region size 1024K, 30 young (30720K), 1 survivors (1024K)
 Metaspace       used 5063K, committed 5312K, reserved 1114112K
  class space    used 516K, committed 640K, reserved 1048576K
}
Event: 0.966 GC heap after
{Heap after GC invocations=5 (full 0):
 garbage-first heap   total 129024K, used 72191K [0x0000000083a00000, 0x0000000100000000)
  region size 1024K, 1 young (1024K), 1 survivors (1024K)
 Metaspace       used 5063K, committed 5312K, reserved 1114112K
  class space    used 516K, committed 640K, reserved 1048576K
}
Event: 1.615 GC heap before
{Heap before GC invocations=6 (full 0):
 garbage-first heap   total 133120K, used 85503K [0x0000000083a00000, 0x0000000100000000)
  region size 1024K, 10 young (10240K), 1 survivors (1024K)
 Metaspace       used 6410K, committed 6592K, reserved 1114112K
  class space    used 678K, committed 768K, reserved 1048576K
}
Event: 1.618 GC heap after
{Heap after GC invocations=7 (full 0):
 garbage-first heap   total 133120K, used 77488K [0x0000000083a00000, 0x0000000100000000)
  region size 1024K, 1 young (1024K), 1 survivors (1024K)
 Metaspace       used 6410K, committed 6592K, reserved 1114112K
  class space    used 678K, committed 768K, reserved 1048576K
}
Event: 5.629 GC heap before
{Heap before GC invocations=8 (full 0):
 garbage-first heap   total 147456K, used 94896K [0x0000000083a00000, 0x0000000100000000)
  region size 1024K, 12 young (12288K), 1 survivors (1024K)
 Metaspace       used 7626K, committed 7872K, reserved 1114112K
  class space    used 782K, committed 896K, reserved 1048576K
}

Dll operation events (10 events):
Event: 0.013 Loaded shared library C:\Program Files\Java\jdk-19\bin\java.dll
Event: 0.029 Loaded shared library C:\Program Files\Java\jdk-19\bin\jsvml.dll
Event: 0.088 Loaded shared library C:\Program Files\Java\jdk-19\bin\net.dll
Event: 0.090 Loaded shared library C:\Program Files\Java\jdk-19\bin\nio.dll
Event: 0.109 Loaded shared library C:\Program Files\Java\jdk-19\bin\zip.dll
Event: 0.120 Loaded shared library C:\Program Files\Java\jdk-19\bin\jimage.dll
Event: 0.134 Loaded shared library C:\Program Files\Java\jdk-19\bin\awt.dll
Event: 0.450 Loaded shared library C:\Program Files\Java\jdk-19\bin\javajpeg.dll
Event: 1.551 Loaded shared library C:\Program Files\Java\jdk-19\bin\freetype.dll
Event: 1.553 Loaded shared library C:\Program Files\Java\jdk-19\bin\fontmanager.dll

Deoptimization events (20 events):
Event: 3.358 Thread 0x00000260b1a77860 Uncommon trap: trap_request=0xffffffde fr.pc=0x000002609db1c7c4 relative=0x0000000000000284
Event: 3.358 Thread 0x00000260b1a77860 Uncommon trap: reason=class_check action=maybe_recompile pc=0x000002609db1c7c4 method=java.util.HashMap.getNode(Ljava/lang/Object;)Ljava/util/HashMap$Node; @ 63 c2
Event: 3.358 Thread 0x00000260b1a77860 DEOPT PACKING pc=0x000002609db1c7c4 sp=0x000000d2690fd7e0
Event: 3.358 Thread 0x00000260b1a77860 DEOPT UNPACKING pc=0x000002609d5aa5a3 sp=0x000000d2690fd6e8 mode 2
Event: 3.365 Thread 0x00000260b1a77860 Uncommon trap: trap_request=0xffffffde fr.pc=0x000002609db1c7c4 relative=0x0000000000000284
Event: 3.365 Thread 0x00000260b1a77860 Uncommon trap: reason=class_check action=maybe_recompile pc=0x000002609db1c7c4 method=java.util.HashMap.getNode(Ljava/lang/Object;)Ljava/util/HashMap$Node; @ 63 c2
Event: 3.365 Thread 0x00000260b1a77860 DEOPT PACKING pc=0x000002609db1c7c4 sp=0x000000d2690fd770
Event: 3.365 Thread 0x00000260b1a77860 DEOPT UNPACKING pc=0x000002609d5aa5a3 sp=0x000000d2690fd678 mode 2
Event: 3.369 Thread 0x00000260b1a77860 Uncommon trap: trap_request=0xffffffde fr.pc=0x000002609db1c7c4 relative=0x0000000000000284
Event: 3.369 Thread 0x00000260b1a77860 Uncommon trap: reason=class_check action=maybe_recompile pc=0x000002609db1c7c4 method=java.util.HashMap.getNode(Ljava/lang/Object;)Ljava/util/HashMap$Node; @ 63 c2
Event: 3.369 Thread 0x00000260b1a77860 DEOPT PACKING pc=0x000002609db1c7c4 sp=0x000000d2690fd660
Event: 3.369 Thread 0x00000260b1a77860 DEOPT UNPACKING pc=0x000002609d5aa5a3 sp=0x000000d2690fd568 mode 2
Event: 3.370 Thread 0x00000260b1a77860 Uncommon trap: trap_request=0xffffffde fr.pc=0x000002609db2c7d4 relative=0x0000000000000294
Event: 3.370 Thread 0x00000260b1a77860 Uncommon trap: reason=class_check action=maybe_recompile pc=0x000002609db2c7d4 method=java.util.HashMap.getNode(Ljava/lang/Object;)Ljava/util/HashMap$Node; @ 63 c2
Event: 3.370 Thread 0x00000260b1a77860 DEOPT PACKING pc=0x000002609db2c7d4 sp=0x000000d2690fd700
Event: 3.370 Thread 0x00000260b1a77860 DEOPT UNPACKING pc=0x000002609d5aa5a3 sp=0x000000d2690fd678 mode 2
Event: 5.615 Thread 0x00000260b17c64b0 Uncommon trap: trap_request=0xffffff45 fr.pc=0x000002609db3cf10 relative=0x00000000000001f0
Event: 5.615 Thread 0x00000260b17c64b0 Uncommon trap: reason=unstable_if action=reinterpret pc=0x000002609db3cf10 method=java.io.WinNTFileSystem.normalize(Ljava/lang/String;)Ljava/lang/String; @ 104 c2
Event: 5.615 Thread 0x00000260b17c64b0 DEOPT PACKING pc=0x000002609db3cf10 sp=0x000000d268fff000
Event: 5.615 Thread 0x00000260b17c64b0 DEOPT UNPACKING pc=0x000002609d5aa5a3 sp=0x000000d268ffef78 mode 2

Classes loaded (20 events):
Event: 5.608 Loading class javax/swing/DefaultSingleSelectionModel
Event: 5.608 Loading class javax/swing/SingleSelectionModel
Event: 5.608 Loading class javax/swing/SingleSelectionModel done
Event: 5.608 Loading class javax/swing/DefaultSingleSelectionModel done
Event: 5.608 Loading class javax/swing/JTabbedPane$ModelListener
Event: 5.608 Loading class javax/swing/JTabbedPane$ModelListener done
Event: 5.608 Loading class javax/swing/plaf/metal/MetalTabbedPaneUI
Event: 5.608 Loading class javax/swing/plaf/basic/BasicTabbedPaneUI
Event: 5.609 Loading class javax/swing/plaf/TabbedPaneUI
Event: 5.609 Loading class javax/swing/plaf/TabbedPaneUI done
Event: 5.609 Loading class javax/swing/plaf/basic/BasicTabbedPaneUI done
Event: 5.609 Loading class javax/swing/plaf/metal/MetalTabbedPaneUI done
Event: 5.610 Loading class javax/swing/plaf/metal/MetalTabbedPaneUI$TabbedPaneLayout
Event: 5.610 Loading class javax/swing/plaf/basic/BasicTabbedPaneUI$TabbedPaneLayout
Event: 5.610 Loading class javax/swing/plaf/basic/BasicTabbedPaneUI$TabbedPaneLayout done
Event: 5.610 Loading class javax/swing/plaf/metal/MetalTabbedPaneUI$TabbedPaneLayout done
Event: 5.610 Loading class javax/swing/plaf/basic/BasicTabbedPaneUI$TabbedPaneScrollLayout
Event: 5.611 Loading class javax/swing/plaf/basic/BasicTabbedPaneUI$TabbedPaneScrollLayout done
Event: 5.611 Loading class javax/swing/plaf/basic/BasicTabbedPaneUI$Handler
Event: 5.611 Loading class javax/swing/plaf/basic/BasicTabbedPaneUI$Handler done

Classes unloaded (0 events):
No events

Classes redefined (0 events):
No events

Internal exceptions (17 events):
Event: 0.092 Thread 0x000002608e0a73e0 Exception <a 'sun/nio/fs/WindowsException'{0x000000008b6455e8}> (0x000000008b6455e8) 
thrown [s\open\src\hotspot\share\prims\jni.cpp, line 517]
Event: 0.092 Thread 0x000002608e0a73e0 Exception <a 'sun/nio/fs/WindowsException'{0x000000008b645ba8}> (0x000000008b645ba8) 
thrown [s\open\src\hotspot\share\prims\jni.cpp, line 517]
Event: 0.093 Thread 0x000002608e0a73e0 Exception <a 'sun/nio/fs/WindowsException'{0x000000008b648198}> (0x000000008b648198) 
thrown [s\open\src\hotspot\share\prims\jni.cpp, line 517]
Event: 0.093 Thread 0x000002608e0a73e0 Exception <a 'sun/nio/fs/WindowsException'{0x000000008b648d48}> (0x000000008b648d48) 
thrown [s\open\src\hotspot\share\prims\jni.cpp, line 517]
Event: 0.125 Thread 0x000002608e0a73e0 Exception <a 'java/lang/ClassNotFoundException'{0x000000008b593fc8}: sun/awt/resources/spi/awtProvider> (0x000000008b593fc8) 
thrown [s\open\src\hotspot\share\classfile\systemDictionary.cpp, line 255]
Event: 0.147 Thread 0x000002608e0a73e0 Exception <a 'java/io/FileNotFoundException'{0x000000008b5eb598}> (0x000000008b5eb598) 
thrown [s\open\src\hotspot\share\prims\jni.cpp, line 517]
Event: 0.154 Thread 0x000002608e0a73e0 Exception <a 'java/io/FileNotFoundException'{0x000000008b417f60}> (0x000000008b417f60) 
thrown [s\open\src\hotspot\share\prims\jni.cpp, line 517]
Event: 0.195 Thread 0x000002608e0a73e0 Exception <a 'java/lang/NoSuchMethodError'{0x000000008b45c978}: 'java.lang.Object java.lang.invoke.DirectMethodHandle$Holder.invokeStaticInit(java.lang.Object)'> (0x000000008b45c978) 
thrown [s\open\src\hotspot\share\interpreter\linkResolver.cpp, line 774]
Event: 0.234 Thread 0x000002608e0a73e0 Exception <a 'java/lang/NoSuchMethodError'{0x000000008b33b628}: 'void java.lang.invoke.DirectMethodHandle$Holder.invokeSpecial(java.lang.Object, java.lang.Object, java.lang.Object)'> (0x000000008b33b628) 
thrown [s\open\src\hotspot\share\interpreter\linkResolver.cpp, line 774]
Event: 0.243 Thread 0x000002608e0a73e0 Exception <a 'java/lang/NoSuchMethodError'{0x000000008b3661a8}: 'java.lang.Object java.lang.invoke.DirectMethodHandle$Holder.newInvokeSpecial(java.lang.Object, java.lang.Object, java.lang.Object, java.lang.Object, java.lang.Object)'> (0x000000008b3661a8) 
thrown [s\open\src\hotspot\share\interpreter\linkResolver.cpp, line 774]
Event: 0.251 Thread 0x000002608e0a73e0 Exception <a 'java/lang/NoSuchMethodError'{0x000000008b397ae0}: 'java.lang.Object java.lang.invoke.DirectMethodHandle$Holder.invokeStatic(java.lang.Object, int, java.lang.Object)'> (0x000000008b397ae0) 
thrown [s\open\src\hotspot\share\interpreter\linkResolver.cpp, line 774]
Event: 0.300 Thread 0x000002608e0a73e0 Exception <a 'java/lang/ClassNotFoundException'{0x000000008b253708}: com/sun/swing/internal/plaf/metal/resources/spi/metalProvider> (0x000000008b253708) 
thrown [s\open\src\hotspot\share\classfile\systemDictionary.cpp, line 255]
Event: 0.301 Thread 0x000002608e0a73e0 Exception <a 'java/lang/ClassNotFoundException'{0x000000008b257638}: com/sun/swing/internal/plaf/basic/resources/spi/basicProvider> (0x000000008b257638) 
thrown [s\open\src\hotspot\share\classfile\systemDictionary.cpp, line 255]
Event: 0.309 Thread 0x000002608e0a73e0 Exception <a 'java/lang/NoSuchMethodError'{0x000000008b2775a8}: 'int java.lang.invoke.Invokers$Holder.invokeExact_MT(java.lang.Object, java.lang.Object)'> (0x000000008b2775a8) 
thrown [s\open\src\hotspot\share\interpreter\linkResolver.cpp, line 774]
Event: 0.371 Thread 0x00000260b0c89bc0 Exception <a 'java/lang/NoSuchMethodError'{0x000000008b088538}: 'java.lang.Object java.lang.invoke.DirectMethodHandle$Holder.newInvokeSpecial(java.lang.Object, java.lang.Object, java.lang.Object, int, int, int, int, int)'> (0x000000008b088538) 
thrown [s\open\src\hotspot\share\interpreter\linkResolver.cpp, line 774]
Event: 1.525 Thread 0x00000260b0c485a0 Exception <a 'java/lang/NoSuchMethodError'{0x000000008b4a41d8}: 'void java.lang.invoke.DirectMethodHandle$Holder.invokeVirtual(java.lang.Object, java.lang.Object)'> (0x000000008b4a41d8) 
thrown [s\open\src\hotspot\share\interpreter\linkResolver.cpp, line 774]
Event: 1.547 Thread 0x000002608e0a73e0 Exception <a 'java/lang/NoSuchMethodError'{0x000000008b4275d8}: 'void java.lang.invoke.DirectMethodHandle$Holder.invokeStaticInit(java.lang.Object)'> (0x000000008b4275d8) 
thrown [s\open\src\hotspot\share\interpreter\linkResolver.cpp, line 774]

VM Operations (20 events):
Event: 0.966 Executing VM operation: G1TryInitiateConcMark done
Event: 0.970 Executing VM operation: G1PauseRemark
Event: 0.971 Executing VM operation: G1PauseRemark done
Event: 0.972 Executing VM operation: G1PauseCleanup
Event: 0.973 Executing VM operation: G1PauseCleanup done
Event: 1.615 Executing VM operation: G1TryInitiateConcMark
Event: 1.618 Executing VM operation: G1TryInitiateConcMark done
Event: 1.622 Executing VM operation: G1PauseRemark
Event: 1.623 Executing VM operation: G1PauseRemark done
Event: 1.625 Executing VM operation: G1PauseCleanup
Event: 1.625 Executing VM operation: G1PauseCleanup done
Event: 2.628 Executing VM operation: Cleanup
Event: 2.629 Executing VM operation: Cleanup done
Event: 3.392 Executing VM operation: HandshakeAllThreads
Event: 3.393 Executing VM operation: HandshakeAllThreads done
Event: 4.398 Executing VM operation: Cleanup
Event: 4.399 Executing VM operation: Cleanup done
Event: 5.413 Executing VM operation: Cleanup
Event: 5.413 Executing VM operation: Cleanup done
Event: 5.629 Executing VM operation: G1TryInitiateConcMark

Events (20 events):
Event: 0.047 Thread 0x00000260ac49c490 Thread added: 0x00000260ac49c490
Event: 0.047 Thread 0x00000260ac4a3e40 Thread added: 0x00000260ac4a3e40
Event: 0.048 Thread 0x00000260ac4ae820 Thread added: 0x00000260ac4ae820
Event: 0.048 Thread 0x00000260ac4b2a50 Thread added: 0x00000260ac4b2a50
Event: 0.073 Thread 0x00000260b09bd860 Thread added: 0x00000260b09bd860
Event: 0.103 Thread 0x00000260b0addf60 Thread added: 0x00000260b0addf60
Event: 0.196 Thread 0x00000260b0b97d10 Thread added: 0x00000260b0b97d10
Event: 0.197 Thread 0x00000260b0b98250 Thread added: 0x00000260b0b98250
Event: 0.199 Thread 0x00000260b0c485a0 Thread added: 0x00000260b0c485a0
Event: 0.314 Thread 0x00000260b0c89bc0 Thread added: 0x00000260b0c89bc0
Event: 0.357 Thread 0x00000260ac4aedb0 Thread added: 0x00000260ac4aedb0
Event: 0.578 Thread 0x00000260ac4aedb0 Thread exited: 0x00000260ac4aedb0
Event: 0.908 Thread 0x00000260b17c64b0 Thread added: 0x00000260b17c64b0
Event: 1.226 Thread 0x00000260b0b98250 Thread exited: 0x00000260b0b98250
Event: 1.512 Thread 0x00000260b1873990 Thread added: 0x00000260b1873990
Event: 1.512 Thread 0x00000260b1a77860 Thread added: 0x00000260b1a77860
Event: 1.609 Thread 0x000002608e0a73e0 Thread exited: 0x000002608e0a73e0
Event: 1.609 Thread 0x000002608e0a73e0 Thread added: 0x000002608e0a73e0
Event: 3.358 Thread 0x00000260ac4aedb0 Thread added: 0x00000260ac4aedb0
Event: 4.422 Thread 0x00000260ac4aedb0 Thread exited: 0x00000260ac4aedb0


Dynamic libraries:
0x00007ff6583a0000 - 0x00007ff6583b0000 	C:\Program Files\Java\jdk-19\bin\java.exe
0x00007ffa71390000 - 0x00007ffa715a4000 	C:\WINDOWS\SYSTEM32\ntdll.dll
0x00007ffa6f6b0000 - 0x00007ffa6f772000 	C:\WINDOWS\System32\KERNEL32.DLL
0x00007ffa6e8f0000 - 0x00007ffa6ec93000 	C:\WINDOWS\System32\KERNELBASE.dll
0x00007ffa6eca0000 - 0x00007ffa6edb1000 	C:\WINDOWS\System32\ucrtbase.dll
0x00007ffa697f0000 - 0x00007ffa69808000 	C:\Program Files\Java\jdk-19\bin\jli.dll
0x00007ffa6b7f0000 - 0x00007ffa6b80b000 	C:\Program Files\Java\jdk-19\bin\VCRUNTIME140.dll
0x00007ffa71240000 - 0x00007ffa712ee000 	C:\WINDOWS\System32\ADVAPI32.dll
0x00007ffa6f600000 - 0x00007ffa6f6a7000 	C:\WINDOWS\System32\msvcrt.dll
0x00007ffa71090000 - 0x00007ffa71134000 	C:\WINDOWS\System32\sechost.dll
0x00007ffa6f8a0000 - 0x00007ffa6f9b7000 	C:\WINDOWS\System32\RPCRT4.dll
0x00007ffa70e60000 - 0x00007ffa7100b000 	C:\WINDOWS\System32\USER32.dll
0x00007ffa6e8c0000 - 0x00007ffa6e8e6000 	C:\WINDOWS\System32\win32u.dll
0x00007ffa6f200000 - 0x00007ffa6f229000 	C:\WINDOWS\System32\GDI32.dll
0x00007ffa4fdf0000 - 0x00007ffa5007e000 	C:\WINDOWS\WinSxS\amd64_microsoft.windows.common-controls_6595b64144ccf1df_6.0.22621.1635_none_270f70857386168e\COMCTL32.dll
0x00007ffa6efb0000 - 0x00007ffa6f0c9000 	C:\WINDOWS\System32\gdi32full.dll
0x00007ffa6f0d0000 - 0x00007ffa6f16a000 	C:\WINDOWS\System32\msvcp_win.dll
0x00007ffa67200000 - 0x00007ffa6720a000 	C:\WINDOWS\SYSTEM32\VERSION.dll
0x00007ffa6f540000 - 0x00007ffa6f571000 	C:\WINDOWS\System32\IMM32.DLL
0x00007ffa6b7d0000 - 0x00007ffa6b7dc000 	C:\Program Files\Java\jdk-19\bin\vcruntime140_1.dll
0x00007ffa3de50000 - 0x00007ffa3dede000 	C:\Program Files\Java\jdk-19\bin\msvcp140.dll
0x00007ff9ec5f0000 - 0x00007ff9ed2b0000 	C:\Program Files\Java\jdk-19\bin\server\jvm.dll
0x00007ffa6b7e0000 - 0x00007ffa6b7e9000 	C:\WINDOWS\SYSTEM32\WSOCK32.dll
0x00007ffa71010000 - 0x00007ffa71081000 	C:\WINDOWS\System32\WS2_32.dll
0x00007ffa66b90000 - 0x00007ffa66bc4000 	C:\WINDOWS\SYSTEM32\WINMM.dll
0x00007ffa6d7e0000 - 0x00007ffa6d7f8000 	C:\WINDOWS\SYSTEM32\kernel.appcore.dll
0x00007ffa6b750000 - 0x00007ffa6b75a000 	C:\Program Files\Java\jdk-19\bin\jimage.dll
0x00007ffa6c0b0000 - 0x00007ffa6c2de000 	C:\WINDOWS\SYSTEM32\DBGHELP.DLL
0x00007ffa6fa50000 - 0x00007ffa6fdd9000 	C:\WINDOWS\System32\combase.dll
0x00007ffa71160000 - 0x00007ffa71237000 	C:\WINDOWS\System32\OLEAUT32.dll
0x00007ffa56480000 - 0x00007ffa564b2000 	C:\WINDOWS\SYSTEM32\dbgcore.DLL
0x00007ffa6edc0000 - 0x00007ffa6ee3b000 	C:\WINDOWS\System32\bcryptPrimitives.dll
0x00007ffa6b760000 - 0x00007ffa6b786000 	C:\Program Files\Java\jdk-19\bin\java.dll
0x00007ffa561c0000 - 0x00007ffa56297000 	C:\Program Files\Java\jdk-19\bin\jsvml.dll
0x00007ffa701d0000 - 0x00007ffa709ca000 	C:\WINDOWS\System32\SHELL32.dll
0x00007ffa6c790000 - 0x00007ffa6d05e000 	C:\WINDOWS\SYSTEM32\windows.storage.dll
0x00007ffa6c650000 - 0x00007ffa6c78e000 	C:\WINDOWS\SYSTEM32\wintypes.dll
0x00007ffa6ffd0000 - 0x00007ffa700c1000 	C:\WINDOWS\System32\SHCORE.dll
0x00007ffa6f5a0000 - 0x00007ffa6f5fe000 	C:\WINDOWS\System32\shlwapi.dll
0x00007ffa6e6c0000 - 0x00007ffa6e6e1000 	C:\WINDOWS\SYSTEM32\profapi.dll
0x00007ffa6b730000 - 0x00007ffa6b743000 	C:\Program Files\Java\jdk-19\bin\net.dll
0x00007ffa66f40000 - 0x00007ffa67077000 	C:\WINDOWS\SYSTEM32\WINHTTP.dll
0x00007ffa6dc50000 - 0x00007ffa6dcb9000 	C:\WINDOWS\system32\mswsock.dll
0x00007ffa69b10000 - 0x00007ffa69b26000 	C:\Program Files\Java\jdk-19\bin\nio.dll
0x00007ffa561a0000 - 0x00007ffa561b8000 	C:\Program Files\Java\jdk-19\bin\zip.dll
0x00007ffa55ff0000 - 0x00007ffa56181000 	C:\Program Files\Java\jdk-19\bin\awt.dll
0x00007ffa6b860000 - 0x00007ffa6b8f7000 	C:\WINDOWS\SYSTEM32\apphelp.dll
0x00007ffa6bd50000 - 0x00007ffa6bd7b000 	C:\WINDOWS\system32\DWMAPI.DLL
0x00007ffa6b940000 - 0x00007ffa6b9eb000 	C:\WINDOWS\system32\uxtheme.dll
0x00007ffa3f420000 - 0x00007ffa3f520000 	C:\WINDOWS\system32\opengl32.dll
0x00007ffa425b0000 - 0x00007ffa425dd000 	C:\WINDOWS\SYSTEM32\GLU32.dll
0x00007ffa6ba20000 - 0x00007ffa6ba58000 	C:\WINDOWS\SYSTEM32\dxcore.dll
0x00007ffa6f410000 - 0x00007ffa6f537000 	C:\WINDOWS\System32\MSCTF.dll
0x00007ffa6fe30000 - 0x00007ffa6ffcc000 	C:\WINDOWS\System32\ole32.dll
0x00007ffa68880000 - 0x00007ffa688ae000 	C:\Program Files\Java\jdk-19\bin\javajpeg.dll
0x00007ffa3ce30000 - 0x00007ffa3ceb6000 	C:\Program Files\Java\jdk-19\bin\freetype.dll
0x00007ffa3c790000 - 0x00007ffa3c856000 	C:\Program Files\Java\jdk-19\bin\fontmanager.dll
0x00007ffa5f690000 - 0x00007ffa5f7bd000 	C:\WINDOWS\SYSTEM32\textinputframework.dll
0x00007ffa6b490000 - 0x00007ffa6b5c3000 	C:\WINDOWS\SYSTEM32\CoreMessaging.dll
0x00007ffa68f80000 - 0x00007ffa692ec000 	C:\WINDOWS\SYSTEM32\CoreUIComponents.dll
0x00007ffa6ded0000 - 0x00007ffa6dedc000 	C:\WINDOWS\SYSTEM32\CRYPTBASE.DLL

dbghelp: loaded successfully - version: 4.0.5 - missing functions: none
symbol engine: initialized successfully - sym options: 0x614 - pdb path: .;C:\Program Files\Java\jdk-19\bin;C:\WINDOWS\SYSTEM32;C:\WINDOWS\WinSxS\amd64_microsoft.windows.common-controls_6595b64144ccf1df_6.0.22621.1635_none_270f70857386168e;C:\Program Files\Java\jdk-19\bin\server

VM Arguments:
jvm_args: -Dfile.encoding=UTF-8 --module-path=C:\Users\akrit\OneDrive\Documents\NetBeansProjects\Tripify Management System\build\classes 
java_command: tripify.management.system.Dashboard
java_class_path (initial): C:\Users\akrit\Downloads\mysql-connector-java-8.0.28.jar;C:\Users\akrit\OneDrive\Documents\NetBeansProjects\Tripify Management System\build\classes
Launcher Type: SUN_STANDARD

[Global flags]
     intx CICompilerCount                          = 4                                         {product} {ergonomic}
     uint ConcGCThreads                            = 2                                         {product} {ergonomic}
     uint G1ConcRefinementThreads                  = 8                                         {product} {ergonomic}
   size_t G1HeapRegionSize                         = 1048576                                   {product} {ergonomic}
    uintx GCDrainStackTargetSize                   = 64                                        {product} {ergonomic}
   size_t InitialHeapSize                          = 132120576                                 {product} {ergonomic}
   size_t MarkStackSize                            = 4194304                                   {product} {ergonomic}
   size_t MaxHeapSize                              = 2086666240                                {product} {ergonomic}
   size_t MaxNewSize                               = 1251999744                                {product} {ergonomic}
   size_t MinHeapDeltaBytes                        = 1048576                                   {product} {ergonomic}
   size_t MinHeapSize                              = 8388608                                   {product} {ergonomic}
    uintx NonNMethodCodeHeapSize                   = 5839372                                {pd product} {ergonomic}
    uintx NonProfiledCodeHeapSize                  = 122909434                              {pd product} {ergonomic}
    uintx ProfiledCodeHeapSize                     = 122909434                              {pd product} {ergonomic}
    uintx ReservedCodeCacheSize                    = 251658240                              {pd product} {ergonomic}
     bool SegmentedCodeCache                       = true                                      {product} {ergonomic}
   size_t SoftMaxHeapSize                          = 2086666240                             {manageable} {ergonomic}
     bool UseCompressedClassPointers               = true                           {product lp64_product} {ergonomic}
     bool UseCompressedOops                        = true                           {product lp64_product} {ergonomic}
     bool UseG1GC                                  = true                                      {product} {ergonomic}
     bool UseLargePagesIndividualAllocation        = false                                  {pd product} {ergonomic}

Logging:
Log output configuration:
 #0: stdout all=warning uptime,level,tags foldmultilines=false
 #1: stderr all=off uptime,level,tags foldmultilines=false

Environment Variables:
PATH=C:\Program Files\Java\jdk-17\bin;C:\Program Files\Common Files\Oracle\Java\javapath;C:\Python3.10\Scripts\;C:\Python3.10\;C:\WINDOWS\system32;C:\WINDOWS;C:\WINDOWS\System32\Wbem;C:\WINDOWS\System32\WindowsPowerShell\v1.0\;C:\WINDOWS\System32\OpenSSH\;C:\Program Files\dotnet\;C:\Program Files\Amazon\AWSCLIV2\;C:\Program Files\PuTTY\;C:\Program Files\nodejs\;C:\Program Files\Java\jdk-19\bin;C:\Program Files\MySQL\MySQL Shell 8.0\bin\;C:\Users\akrit\AppData\Local\Microsoft\WindowsApps;;C:\Users\akrit\AppData\Local\Programs\Microsoft VS Code\bin;C:\Program Files\JetBrains\IntelliJ IDEA Community Edition 2022.2.3\new\IntelliJ IDEA Community Edition 2022.2.3\bin;;C:\Users\akrit\AppData\Roaming\npm
USERNAME=akrit
OS=Windows_NT
PROCESSOR_IDENTIFIER=Intel64 Family 6 Model 126 Stepping 5, GenuineIntel
TMP=C:\Users\akrit\AppData\Local\Temp
TEMP=C:\Users\akrit\AppData\Local\Temp



---------------  S Y S T E M  ---------------

OS:
 Windows 11 , 64 bit Build 22621 (10.0.22621.1778)
OS uptime: 0 days 19:58 hours

CPU: total 8 (initial active 8) (4 cores per cpu, 2 threads per core) family 6 model 126 stepping 5 microcode 0xb8, cx8, cmov, fxsr, ht, mmx, 3dnowpref, sse, sse2, sse3, ssse3, sse4.1, sse4.2, popcnt, lzcnt, tsc, tscinvbit, avx, avx2, aes, erms, clmul, bmi1, bmi2, adx, avx512f, avx512dq, avx512cd, avx512bw, avx512vl, sha, fma, vzeroupper, avx512_vpopcntdq, avx512_vpclmulqdq, avx512_vaes, avx512_vnni, clflush, clflushopt, avx512_vbmi2, avx512_vbmi, rdtscp, rdpid, fsrm, gfni, avx512_bitalg

Memory: 4k page, system-wide physical 7959M (896M free)
TotalPageFile size 32535M (AvailPageFile size 121M)
current process WorkingSet (physical memory assigned to process): 220M, peak: 230M
current process commit charge ("private bytes"): 298M, peak: 442M

vm_info: Java HotSpot(TM) 64-Bit Server VM (19.0.2+7-44) for windows-amd64 JRE (19.0.2+7-44), built on 2022-11-30T18:02:09Z by "mach5one" with MS VC++ 17.1 (VS2022)

END.
