#
# There is insufficient memory for the Java Runtime Environment to continue.
# Native memory allocation (mmap) failed to map 132120576 bytes for G1 virtual space
# Possible reasons:
#   The system is out of physical RAM or swap space
#   The process is running with CompressedOops enabled, and the Java Heap may be blocking the growth of the native heap
# Possible solutions:
#   Reduce memory load on the system
#   Increase physical memory or swap space
#   Check if swap backing store is full
#   Decrease Java heap size (-Xmx/-Xms)
#   Decrease number of Java threads
#   Decrease Java thread stack sizes (-Xss)
#   Set larger code cache with -XX:ReservedCodeCacheSize=
#   JVM is running with Unscaled Compressed Oops mode in which the Java heap is
#     placed in the first 4GB address space. The Java Heap base address is the
#     maximum limit for the native heap growth. Please use -XX:HeapBaseMinAddress
#     to set the Java Heap base and to place the Java Heap above 4GB virtual address.
# This output file may be truncated or incomplete.
#
#  Out of Memory Error (os_windows.cpp:3536), pid=24336, tid=27404
#
# JRE version:  (19.0.2+7) (build )
# Java VM: Java HotSpot(TM) 64-Bit Server VM (19.0.2+7-44, mixed mode, sharing, tiered, compressed oops, compressed class ptrs, g1 gc, windows-amd64)
# No core dump will be written. Minidumps are not enabled by default on client versions of Windows
#

---------------  S U M M A R Y ------------

Command Line: -Dfile.encoding=UTF-8 --module-path=C:\Users\akrit\OneDrive\Documents\NetBeansProjects\Tripify Management System\build\classes tripify.management.system.Signup

Host: Intel(R) Core(TM) i5-1035G1 CPU @ 1.00GHz, 8 cores, 7G,  Windows 11 , 64 bit Build 22621 (10.0.22621.1778)
Time: Sat Jul  8 21:40:44 2023 India Standard Time elapsed time: 0.013718 seconds (0d 0h 0m 0s)

---------------  T H R E A D  ---------------

Current thread (0x000002441405aa00):  JavaThread "Unknown thread" [_thread_in_vm, id=27404, stack(0x000000ec81600000,0x000000ec81700000)]

Stack: [0x000000ec81600000,0x000000ec81700000]
Native frames: (J=compiled Java code, j=interpreted, Vv=VM code, C=native code)
V  [jvm.dll+0x6ee21a]
V  [jvm.dll+0x85765e]
V  [jvm.dll+0x85904e]
V  [jvm.dll+0x859703]
V  [jvm.dll+0x28298f]
V  [jvm.dll+0x6eb009]
V  [jvm.dll+0x6dfbaa]
V  [jvm.dll+0x3573f6]
V  [jvm.dll+0x35ee56]
V  [jvm.dll+0x3b541e]
V  [jvm.dll+0x3b564f]
V  [jvm.dll+0x32c9ea]
V  [jvm.dll+0x32d89e]
V  [jvm.dll+0x821780]
V  [jvm.dll+0x3c2661]
V  [jvm.dll+0x801f51]
V  [jvm.dll+0x44ae8f]
V  [jvm.dll+0x44c811]
C  [jli.dll+0x5287]
C  [ucrtbase.dll+0x29363]
C  [KERNEL32.DLL+0x126ad]
C  [ntdll.dll+0x5a9f8]


---------------  P R O C E S S  ---------------

Threads class SMR info:
_java_thread_list=0x00007ffcce9ed048, length=0, elements={
}

Java Threads: ( => current thread )

Other Threads:
  0x00000244140b80e0 WorkerThread "GC Thread#0" [stack: 0x000000ec81700000,0x000000ec81800000] [id=2308]
  0x00000244140c8c00 ConcurrentGCThread "G1 Main Marker" [stack: 0x000000ec81800000,0x000000ec81900000] [id=26064]
  0x00000244140c9dd0 WorkerThread "G1 Conc#0" [stack: 0x000000ec81900000,0x000000ec81a00000] [id=10136]

[error occurred during error reporting (printing all threads), id 0xc0000005, EXCEPTION_ACCESS_VIOLATION (0xc0000005) at pc=0x00007ffcce1ad427]

VM state: not at safepoint (not fully initialized)

VM Mutex/Monitor currently owned by a thread:  ([mutex/lock_event])
[0x0000024414057880] Heap_lock - owner thread: 0x000002441405aa00

Heap address: 0x0000000083a00000, size: 1990 MB, Compressed Oops mode: 32-bit

CDS archive(s) mapped at: [0x0000000000000000-0x0000000000000000-0x0000000000000000), size 0, SharedBaseAddress: 0x0000000800000000, ArchiveRelocationMode: 0.
Narrow klass base: 0x0000000000000000, Narrow klass shift: 0, Narrow klass range: 0x0

GC Precious Log:
 CardTable entry size: 512
 Card Set container configuration: InlinePtr #cards 5 size 8 Array Of Cards #cards 12 size 40 Howl #buckets 4 coarsen threshold 1843 Howl Bitmap #cards 512 size 80 coarsen threshold 460 Card regions per heap region 1 cards per card region 2048

Heap:
 garbage-first heap   total 0K, used 0K [0x0000000083a00000, 0x0000000100000000)
  region size 1024K, 0 young (0K), 0 survivors (0K)

[error occurred during error reporting (printing heap information), id 0xc0000005, EXCEPTION_ACCESS_VIOLATION (0xc0000005) at pc=0x00007ffcce5b6649]

GC Heap History (0 events):
No events

Dll operation events (1 events):
Event: 0.007 Loaded shared library C:\Program Files\Java\jdk-19\bin\java.dll

Deoptimization events (0 events):
No events

Classes loaded (0 events):
No events

Classes unloaded (0 events):
No events

Classes redefined (0 events):
No events

Internal exceptions (0 events):
No events

VM Operations (0 events):
No events

Events (0 events):
No events


Dynamic libraries:
0x00007ff619280000 - 0x00007ff619290000 	C:\Program Files\Java\jdk-19\bin\java.exe
0x00007ffd42670000 - 0x00007ffd42884000 	C:\WINDOWS\SYSTEM32\ntdll.dll
0x00007ffd424c0000 - 0x00007ffd42582000 	C:\WINDOWS\System32\KERNEL32.DLL
0x00007ffd3fdc0000 - 0x00007ffd40163000 	C:\WINDOWS\System32\KERNELBASE.dll
0x00007ffd3cad0000 - 0x00007ffd3cb67000 	C:\WINDOWS\SYSTEM32\apphelp.dll
0x00007ffd3fa70000 - 0x00007ffd3fb81000 	C:\WINDOWS\System32\ucrtbase.dll
0x00007ffd3a540000 - 0x00007ffd3a558000 	C:\Program Files\Java\jdk-19\bin\jli.dll
0x00007ffd42410000 - 0x00007ffd424be000 	C:\WINDOWS\System32\ADVAPI32.dll
0x00007ffd39a30000 - 0x00007ffd39a4b000 	C:\Program Files\Java\jdk-19\bin\VCRUNTIME140.dll
0x00007ffd409c0000 - 0x00007ffd40a67000 	C:\WINDOWS\System32\msvcrt.dll
0x00007ffd412c0000 - 0x00007ffd41364000 	C:\WINDOWS\System32\sechost.dll
0x00007ffd406c0000 - 0x00007ffd407d7000 	C:\WINDOWS\System32\RPCRT4.dll
0x00007ffd41370000 - 0x00007ffd4151b000 	C:\WINDOWS\System32\USER32.dll
0x00007ffd40290000 - 0x00007ffd402b6000 	C:\WINDOWS\System32\win32u.dll
0x00007ffd205f0000 - 0x00007ffd2087e000 	C:\WINDOWS\WinSxS\amd64_microsoft.windows.common-controls_6595b64144ccf1df_6.0.22621.1635_none_270f70857386168e\COMCTL32.dll
0x00007ffd41270000 - 0x00007ffd41299000 	C:\WINDOWS\System32\GDI32.dll
0x00007ffd40170000 - 0x00007ffd40289000 	C:\WINDOWS\System32\gdi32full.dll
0x00007ffd40330000 - 0x00007ffd403ca000 	C:\WINDOWS\System32\msvcp_win.dll
0x00007ffd38bd0000 - 0x00007ffd38bda000 	C:\WINDOWS\SYSTEM32\VERSION.dll
0x00007ffd425f0000 - 0x00007ffd42621000 	C:\WINDOWS\System32\IMM32.DLL
0x00007ffd3acc0000 - 0x00007ffd3accc000 	C:\Program Files\Java\jdk-19\bin\vcruntime140_1.dll
0x00007ffd2f900000 - 0x00007ffd2f98e000 	C:\Program Files\Java\jdk-19\bin\msvcp140.dll
0x00007ffccde70000 - 0x00007ffcceb30000 	C:\Program Files\Java\jdk-19\bin\server\jvm.dll
0x00007ffd37c00000 - 0x00007ffd37c34000 	C:\WINDOWS\SYSTEM32\WINMM.dll
0x00007ffd39930000 - 0x00007ffd39939000 	C:\WINDOWS\SYSTEM32\WSOCK32.dll
0x00007ffd41520000 - 0x00007ffd41591000 	C:\WINDOWS\System32\WS2_32.dll
0x00007ffd3ea70000 - 0x00007ffd3ea88000 	C:\WINDOWS\SYSTEM32\kernel.appcore.dll
0x00007ffd39a20000 - 0x00007ffd39a2a000 	C:\Program Files\Java\jdk-19\bin\jimage.dll
0x00007ffd3d3c0000 - 0x00007ffd3d5ee000 	C:\WINDOWS\SYSTEM32\DBGHELP.DLL
0x00007ffd42080000 - 0x00007ffd42409000 	C:\WINDOWS\System32\combase.dll
0x00007ffd408e0000 - 0x00007ffd409b7000 	C:\WINDOWS\System32\OLEAUT32.dll
0x00007ffd23c10000 - 0x00007ffd23c42000 	C:\WINDOWS\SYSTEM32\dbgcore.DLL
0x00007ffd403d0000 - 0x00007ffd4044b000 	C:\WINDOWS\System32\bcryptPrimitives.dll
0x00007ffd39940000 - 0x00007ffd39966000 	C:\Program Files\Java\jdk-19\bin\java.dll

dbghelp: loaded successfully - version: 4.0.5 - missing functions: none
symbol engine: initialized successfully - sym options: 0x614 - pdb path: .;C:\Program Files\Java\jdk-19\bin;C:\WINDOWS\SYSTEM32;C:\WINDOWS\WinSxS\amd64_microsoft.windows.common-controls_6595b64144ccf1df_6.0.22621.1635_none_270f70857386168e;C:\Program Files\Java\jdk-19\bin\server

VM Arguments:
jvm_args: -Dfile.encoding=UTF-8 --module-path=C:\Users\akrit\OneDrive\Documents\NetBeansProjects\Tripify Management System\build\classes 
java_command: tripify.management.system.Signup
java_class_path (initial): C:\Users\akrit\OneDrive\Documents\NetBeansProjects\Tripify Management System\build\classes
Launcher Type: SUN_STANDARD

[Global flags]
     intx CICompilerCount                          = 4                                         {product} {ergonomic}
     uint ConcGCThreads                            = 2                                         {product} {ergonomic}
     uint G1ConcRefinementThreads                  = 8                                         {product} {ergonomic}
   size_t G1HeapRegionSize                         = 1048576                                   {product} {ergonomic}
    uintx GCDrainStackTargetSize                   = 64                                        {product} {ergonomic}
   size_t InitialHeapSize                          = 132120576                                 {product} {ergonomic}
   size_t MarkStackSize                            = 4194304                                   {product} {ergonomic}
   size_t MaxHeapSize                              = 2086666240                                {product} {ergonomic}
   size_t MinHeapDeltaBytes                        = 1048576                                   {product} {ergonomic}
   size_t MinHeapSize                              = 8388608                                   {product} {ergonomic}
    uintx NonNMethodCodeHeapSize                   = 5839372                                {pd product} {ergonomic}
    uintx NonProfiledCodeHeapSize                  = 122909434                              {pd product} {ergonomic}
    uintx ProfiledCodeHeapSize                     = 122909434                              {pd product} {ergonomic}
    uintx ReservedCodeCacheSize                    = 251658240                              {pd product} {ergonomic}
     bool SegmentedCodeCache                       = true                                      {product} {ergonomic}
   size_t SoftMaxHeapSize                          = 2086666240                             {manageable} {ergonomic}
     bool UseCompressedClassPointers               = true                           {product lp64_product} {ergonomic}
     bool UseCompressedOops                        = true                           {product lp64_product} {ergonomic}
     bool UseG1GC                                  = true                                      {product} {ergonomic}
     bool UseLargePagesIndividualAllocation        = false                                  {pd product} {ergonomic}

Logging:
Log output configuration:
 #0: stdout all=warning uptime,level,tags foldmultilines=false
 #1: stderr all=off uptime,level,tags foldmultilines=false

Environment Variables:
PATH=C:\Program Files\Java\jdk-17\bin;C:\Program Files\Common Files\Oracle\Java\javapath;C:\Python3.10\Scripts\;C:\Python3.10\;C:\WINDOWS\system32;C:\WINDOWS;C:\WINDOWS\System32\Wbem;C:\WINDOWS\System32\WindowsPowerShell\v1.0\;C:\WINDOWS\System32\OpenSSH\;C:\Program Files\dotnet\;C:\Program Files\Amazon\AWSCLIV2\;C:\Program Files\PuTTY\;C:\Program Files\nodejs\;C:\Program Files\Java\jdk-19\bin;C:\Program Files\MySQL\MySQL Shell 8.0\bin\;C:\Users\akrit\AppData\Local\Microsoft\WindowsApps;;C:\Users\akrit\AppData\Local\Programs\Microsoft VS Code\bin;C:\Program Files\JetBrains\IntelliJ IDEA Community Edition 2022.2.3\new\IntelliJ IDEA Community Edition 2022.2.3\bin;;C:\Users\akrit\AppData\Roaming\npm
USERNAME=akrit
OS=Windows_NT
PROCESSOR_IDENTIFIER=Intel64 Family 6 Model 126 Stepping 5, GenuineIntel
TMP=C:\Users\akrit\AppData\Local\Temp
TEMP=C:\Users\akrit\AppData\Local\Temp



---------------  S Y S T E M  ---------------

OS:
 Windows 11 , 64 bit Build 22621 (10.0.22621.1778)
OS uptime: 9 days 9:44 hours

CPU: total 8 (initial active 8) (4 cores per cpu, 2 threads per core) family 6 model 126 stepping 5 microcode 0xb8, cx8, cmov, fxsr, ht, mmx, 3dnowpref, sse, sse2, sse3, ssse3, sse4.1, sse4.2, popcnt, lzcnt, tsc, tscinvbit, avx, avx2, aes, erms, clmul, bmi1, bmi2, adx, avx512f, avx512dq, avx512cd, avx512bw, avx512vl, sha, fma, vzeroupper, avx512_vpopcntdq, avx512_vpclmulqdq, avx512_vaes, avx512_vnni, clflush, clflushopt, avx512_vbmi2, avx512_vbmi, rdtscp, rdpid, fsrm, gfni, avx512_bitalg

Memory: 4k page, system-wide physical 7959M (416M free)
TotalPageFile size 32535M (AvailPageFile size 18M)
current process WorkingSet (physical memory assigned to process): 12M, peak: 12M
current process commit charge ("private bytes"): 60M, peak: 186M

vm_info: Java HotSpot(TM) 64-Bit Server VM (19.0.2+7-44) for windows-amd64 JRE (19.0.2+7-44), built on 2022-11-30T18:02:09Z by "mach5one" with MS VC++ 17.1 (VS2022)

END.
