#
# There is insufficient memory for the Java Runtime Environment to continue.
# Native memory allocation (mmap) failed to map 228589568 bytes for G1 virtual space
# Possible reasons:
#   The system is out of physical RAM or swap space
#   The process is running with CompressedOops enabled, and the Java Heap may be blocking the growth of the native heap
# Possible solutions:
#   Reduce memory load on the system
#   Increase physical memory or swap space
#   Check if swap backing store is full
#   Decrease Java heap size (-Xmx/-Xms)
#   Decrease number of Java threads
#   Decrease Java thread stack sizes (-Xss)
#   Set larger code cache with -XX:ReservedCodeCacheSize=
#   JVM is running with Unscaled Compressed Oops mode in which the Java heap is
#     placed in the first 4GB address space. The Java Heap base address is the
#     maximum limit for the native heap growth. Please use -XX:HeapBaseMinAddress
#     to set the Java Heap base and to place the Java Heap above 4GB virtual address.
# This output file may be truncated or incomplete.
#
#  Out of Memory Error (os_windows.cpp:3536), pid=3828, tid=17624
#
# JRE version: Java(TM) SE Runtime Environment (19.0.2+7) (build 19.0.2+7-44)
# Java VM: Java HotSpot(TM) 64-Bit Server VM (19.0.2+7-44, mixed mode, sharing, tiered, compressed oops, compressed class ptrs, g1 gc, windows-amd64)
# No core dump will be written. Minidumps are not enabled by default on client versions of Windows
#

---------------  S U M M A R Y ------------

Command Line: -Dfile.encoding=UTF-8 --module-path=C:\Users\akrit\OneDrive\Documents\NetBeansProjects\Tripify Management System\build\classes tripify.management.system.Dashboard

Host: Intel(R) Core(TM) i5-1035G1 CPU @ 1.00GHz, 8 cores, 7G,  Windows 11 , 64 bit Build 22621 (10.0.22621.2070)
Time: Wed Sep  6 16:22:39 2023 India Standard Time elapsed time: 11.820147 seconds (0d 0h 0m 11s)

---------------  T H R E A D  ---------------

Current thread (0x0000019dd85c9620):  VMThread "VM Thread" [stack: 0x0000006f50a00000,0x0000006f50b00000] [id=17624]

Stack: [0x0000006f50a00000,0x0000006f50b00000]
Native frames: (J=compiled Java code, j=interpreted, Vv=VM code, C=native code)
V  [jvm.dll+0x6ee21a]
V  [jvm.dll+0x85765e]
V  [jvm.dll+0x85904e]
V  [jvm.dll+0x859703]
V  [jvm.dll+0x28298f]
V  [jvm.dll+0x6eb009]
V  [jvm.dll+0x6dfbaa]
V  [jvm.dll+0x3573f6]
V  [jvm.dll+0x35ee56]
V  [jvm.dll+0x3b541e]
V  [jvm.dll+0x3b564f]
V  [jvm.dll+0x32c9ea]
V  [jvm.dll+0x32ca97]
V  [jvm.dll+0x374cd2]
V  [jvm.dll+0x37340f]
V  [jvm.dll+0x32c210]
V  [jvm.dll+0x372ccd]
V  [jvm.dll+0x85ebc3]
V  [jvm.dll+0x85f989]
V  [jvm.dll+0x85febd]
V  [jvm.dll+0x86034b]
V  [jvm.dll+0x860407]
V  [jvm.dll+0x80125a]
V  [jvm.dll+0x6ecf0b]
C  [ucrtbase.dll+0x29363]
C  [KERNEL32.DLL+0x126ad]
C  [ntdll.dll+0x5aa68]

VM_Operation (0x0000006f51afdd88): G1TryInitiateConcMark, mode: safepoint, requested by thread 0x0000019ddcbd0010


---------------  P R O C E S S  ---------------

Threads class SMR info:
_java_thread_list=0x0000019ddcb376a0, length=20, elements={
0x0000019dd85e13b0, 0x0000019dd85e1ce0, 0x0000019dd85e48a0, 0x0000019dd85e51d0,
0x0000019dd85e5b00, 0x0000019dd85e6430, 0x0000019dd85ef0a0, 0x0000019dd85f6f30,
0x0000019dd86018a0, 0x0000019ddc871360, 0x0000019ddc924f60, 0x0000019ddca52850,
0x0000019ddca52d90, 0x0000019ddcbd0010, 0x0000019ddd6856a0, 0x0000019ddcbfe140,
0x0000019db9f17ed0, 0x0000019ddde381a0, 0x0000019ddd935b50, 0x0000019dde64d910
}

Java Threads: ( => current thread )
  0x0000019dd85e13b0 JavaThread "Reference Handler" daemon [_thread_blocked, id=15164, stack(0x0000006f50b00000,0x0000006f50c00000)]
  0x0000019dd85e1ce0 JavaThread "Finalizer" daemon [_thread_blocked, id=17256, stack(0x0000006f50c00000,0x0000006f50d00000)]
  0x0000019dd85e48a0 JavaThread "Signal Dispatcher" daemon [_thread_blocked, id=17884, stack(0x0000006f50d00000,0x0000006f50e00000)]
  0x0000019dd85e51d0 JavaThread "Attach Listener" daemon [_thread_blocked, id=13232, stack(0x0000006f50e00000,0x0000006f50f00000)]
  0x0000019dd85e5b00 JavaThread "Service Thread" daemon [_thread_blocked, id=14044, stack(0x0000006f50f00000,0x0000006f51000000)]
  0x0000019dd85e6430 JavaThread "Monitor Deflation Thread" daemon [_thread_blocked, id=1688, stack(0x0000006f51000000,0x0000006f51100000)]
  0x0000019dd85ef0a0 JavaThread "C2 CompilerThread0" daemon [_thread_blocked, id=14532, stack(0x0000006f51100000,0x0000006f51200000)]
  0x0000019dd85f6f30 JavaThread "C1 CompilerThread0" daemon [_thread_blocked, id=8452, stack(0x0000006f51200000,0x0000006f51300000)]
  0x0000019dd86018a0 JavaThread "Sweeper thread" daemon [_thread_blocked, id=12300, stack(0x0000006f51300000,0x0000006f51400000)]
  0x0000019ddc871360 JavaThread "Common-Cleaner" daemon [_thread_blocked, id=9404, stack(0x0000006f51400000,0x0000006f51500000)]
  0x0000019ddc924f60 JavaThread "Notification Thread" daemon [_thread_blocked, id=9420, stack(0x0000006f51500000,0x0000006f51600000)]
  0x0000019ddca52850 JavaThread "Java2D Disposer" daemon [_thread_blocked, id=7160, stack(0x0000006f51700000,0x0000006f51800000)]
  0x0000019ddca52d90 JavaThread "AWT-Windows" daemon [_thread_blocked, id=6324, stack(0x0000006f51900000,0x0000006f51a00000)]
  0x0000019ddcbd0010 JavaThread "Image Fetcher 0" daemon [_thread_blocked, id=13168, stack(0x0000006f51a00000,0x0000006f51b00000)]
  0x0000019ddd6856a0 JavaThread "AWT-Shutdown" [_thread_blocked, id=17760, stack(0x0000006f51800000,0x0000006f51900000)]
  0x0000019ddcbfe140 JavaThread "AWT-EventQueue-0" [_thread_blocked, id=10644, stack(0x0000006f52300000,0x0000006f52400000)]
  0x0000019db9f17ed0 JavaThread "DestroyJavaVM" [_thread_blocked, id=15960, stack(0x0000006f50400000,0x0000006f50500000)]
  0x0000019ddde381a0 JavaThread "Image Fetcher 1" daemon [_thread_blocked, id=18384, stack(0x0000006f52400000,0x0000006f52500000)]
  0x0000019ddd935b50 JavaThread "mysql-cj-abandoned-connection-cleanup" daemon [_thread_blocked, id=17532, stack(0x0000006f52500000,0x0000006f52600000)]
  0x0000019dde64d910 JavaThread "TimerQueue" daemon [_thread_blocked, id=18380, stack(0x0000006f52a00000,0x0000006f52b00000)]

Other Threads:
=>0x0000019dd85c9620 VMThread "VM Thread" [stack: 0x0000006f50a00000,0x0000006f50b00000] [id=17624]
  0x0000019ddc9274b0 WatcherThread "VM Periodic Task Thread" [stack: 0x0000006f51600000,0x0000006f51700000] [id=17448]
  0x0000019db9f755a0 WorkerThread "GC Thread#0" [stack: 0x0000006f50500000,0x0000006f50600000] [id=17436]
  0x0000019ddd69faa0 WorkerThread "GC Thread#1" [stack: 0x0000006f51b00000,0x0000006f51c00000] [id=14400]
  0x0000019ddd833280 WorkerThread "GC Thread#2" [stack: 0x0000006f51c00000,0x0000006f51d00000] [id=12152]
  0x0000019ddd833dc0 WorkerThread "GC Thread#3" [stack: 0x0000006f51d00000,0x0000006f51e00000] [id=14880]
  0x0000019ddd834630 WorkerThread "GC Thread#4" [stack: 0x0000006f51e00000,0x0000006f51f00000] [id=8820]
  0x0000019ddd833550 WorkerThread "GC Thread#5" [stack: 0x0000006f51f00000,0x0000006f52000000] [id=17892]
  0x0000019ddd832fb0 WorkerThread "GC Thread#6" [stack: 0x0000006f52000000,0x0000006f52100000] [id=18196]
  0x0000019ddd833af0 WorkerThread "GC Thread#7" [stack: 0x0000006f52100000,0x0000006f52200000] [id=17788]
  0x0000019db9f86770 ConcurrentGCThread "G1 Main Marker" [stack: 0x0000006f50600000,0x0000006f50700000] [id=11056]
  0x0000019db9f873b0 WorkerThread "G1 Conc#0" [stack: 0x0000006f50700000,0x0000006f50800000] [id=13128]
  0x0000019ddd834900 WorkerThread "G1 Conc#1" [stack: 0x0000006f52200000,0x0000006f52300000] [id=14744]
  0x0000019db9fde6b0 ConcurrentGCThread "G1 Refine#0" [stack: 0x0000006f50800000,0x0000006f50900000] [id=17872]
  0x0000019dd8482150 ConcurrentGCThread "G1 Service" [stack: 0x0000006f50900000,0x0000006f50a00000] [id=11620]

Threads with active compile tasks:

VM state: at safepoint (normal execution)

VM Mutex/Monitor currently owned by a thread:  ([mutex/lock_event])
[0x0000019db9f13470] Threads_lock - owner thread: 0x0000019dd85c9620
[0x0000019db9f141f0] Heap_lock - owner thread: 0x0000019ddcbd0010

Heap address: 0x0000000083a00000, size: 1990 MB, Compressed Oops mode: 32-bit

CDS archive(s) mapped at: [0x0000000800000000-0x0000000800c40000-0x0000000800c40000), size 12845056, SharedBaseAddress: 0x0000000800000000, ArchiveRelocationMode: 0.
Compressed class space mapped at: 0x0000000801000000-0x0000000841000000, reserved size: 1073741824
Narrow klass base: 0x0000000800000000, Narrow klass shift: 0, Narrow klass range: 0x100000000

GC Precious Log:
 CardTable entry size: 512
 Card Set container configuration: InlinePtr #cards 5 size 8 Array Of Cards #cards 12 size 40 Howl #buckets 4 coarsen threshold 1843 Howl Bitmap #cards 512 size 80 coarsen threshold 460 Card regions per heap region 1 cards per card region 2048
 CPUs: 8 total, 8 available
 Memory: 7959M
 Large Page Support: Disabled
 NUMA Support: Disabled
 Compressed Oops: Enabled (32-bit)
 Heap Region Size: 1M
 Heap Min Capacity: 8M
 Heap Initial Capacity: 126M
 Heap Max Capacity: 1990M
 Pre-touch: Disabled
 Parallel Workers: 8
 Concurrent Workers: 2
 Concurrent Refinement Workers: 8
 Periodic GC: Disabled

Heap:
 garbage-first heap   total 301056K, used 178459K [0x0000000083a00000, 0x0000000100000000)
  region size 1024K, 5 young (5120K), 5 survivors (5120K)
 Metaspace       used 18238K, committed 18432K, reserved 1114112K
  class space    used 1934K, committed 2048K, reserved 1048576K

Heap Regions: E=young(eden), S=young(survivor), O=old, HS=humongous(starts), HC=humongous(continues), CS=collection set, F=free, OA=open archive, CA=closed archive, TAMS=top-at-mark-start (previous, next)
|   0|0x0000000083a00000, 0x0000000083b00000, 0x0000000083b00000|100%|HS|  |TAMS 0x0000000083b00000, 0x0000000083b00000| Complete 
|   1|0x0000000083b00000, 0x0000000083c00000, 0x0000000083c00000|100%|HC|  |TAMS 0x0000000083c00000, 0x0000000083c00000| Complete 
|   2|0x0000000083c00000, 0x0000000083d00000, 0x0000000083d00000|100%|HS|  |TAMS 0x0000000083d00000, 0x0000000083d00000| Complete 
|   3|0x0000000083d00000, 0x0000000083e00000, 0x0000000083e00000|100%|HC|  |TAMS 0x0000000083e00000, 0x0000000083e00000| Complete 
|   4|0x0000000083e00000, 0x0000000083f00000, 0x0000000083f00000|100%|HC|  |TAMS 0x0000000083f00000, 0x0000000083f00000| Complete 
|   5|0x0000000083f00000, 0x0000000084000000, 0x0000000084000000|100%|HC|  |TAMS 0x0000000084000000, 0x0000000084000000| Complete 
|   6|0x0000000084000000, 0x0000000084100000, 0x0000000084100000|100%|HC|  |TAMS 0x0000000084100000, 0x0000000084100000| Complete 
|   7|0x0000000084100000, 0x0000000084200000, 0x0000000084200000|100%|HC|  |TAMS 0x0000000084200000, 0x0000000084200000| Complete 
|   8|0x0000000084200000, 0x0000000084300000, 0x0000000084300000|100%|HC|  |TAMS 0x0000000084300000, 0x0000000084300000| Complete 
|   9|0x0000000084300000, 0x0000000084400000, 0x0000000084400000|100%|HC|  |TAMS 0x0000000084400000, 0x0000000084400000| Complete 
|  10|0x0000000084400000, 0x0000000084500000, 0x0000000084500000|100%|HC|  |TAMS 0x0000000084500000, 0x0000000084500000| Complete 
|  11|0x0000000084500000, 0x0000000084600000, 0x0000000084600000|100%|HC|  |TAMS 0x0000000084600000, 0x0000000084600000| Complete 
|  12|0x0000000084600000, 0x0000000084700000, 0x0000000084700000|100%|HC|  |TAMS 0x0000000084700000, 0x0000000084700000| Complete 
|  13|0x0000000084700000, 0x0000000084800000, 0x0000000084800000|100%|HC|  |TAMS 0x0000000084800000, 0x0000000084800000| Complete 
|  14|0x0000000084800000, 0x0000000084900000, 0x0000000084900000|100%|HC|  |TAMS 0x0000000084900000, 0x0000000084900000| Complete 
|  15|0x0000000084900000, 0x0000000084a00000, 0x0000000084a00000|100%|HC|  |TAMS 0x0000000084a00000, 0x0000000084a00000| Complete 
|  16|0x0000000084a00000, 0x0000000084b00000, 0x0000000084b00000|100%|HC|  |TAMS 0x0000000084b00000, 0x0000000084b00000| Complete 
|  17|0x0000000084b00000, 0x0000000084c00000, 0x0000000084c00000|100%|HC|  |TAMS 0x0000000084c00000, 0x0000000084c00000| Complete 
|  18|0x0000000084c00000, 0x0000000084d00000, 0x0000000084d00000|100%|HC|  |TAMS 0x0000000084d00000, 0x0000000084d00000| Complete 
|  19|0x0000000084d00000, 0x0000000084e00000, 0x0000000084e00000|100%|HC|  |TAMS 0x0000000084e00000, 0x0000000084e00000| Complete 
|  20|0x0000000084e00000, 0x0000000084f00000, 0x0000000084f00000|100%|HC|  |TAMS 0x0000000084f00000, 0x0000000084f00000| Complete 
|  21|0x0000000084f00000, 0x0000000085000000, 0x0000000085000000|100%|HC|  |TAMS 0x0000000085000000, 0x0000000085000000| Complete 
|  22|0x0000000085000000, 0x0000000085100000, 0x0000000085100000|100%|HC|  |TAMS 0x0000000085100000, 0x0000000085100000| Complete 
|  23|0x0000000085100000, 0x0000000085200000, 0x0000000085200000|100%|HC|  |TAMS 0x0000000085200000, 0x0000000085200000| Complete 
|  24|0x0000000085200000, 0x0000000085300000, 0x0000000085300000|100%|HC|  |TAMS 0x0000000085300000, 0x0000000085300000| Complete 
|  25|0x0000000085300000, 0x0000000085400000, 0x0000000085400000|100%|HC|  |TAMS 0x0000000085400000, 0x0000000085400000| Complete 
|  26|0x0000000085400000, 0x0000000085500000, 0x0000000085500000|100%|HC|  |TAMS 0x0000000085500000, 0x0000000085500000| Complete 
|  27|0x0000000085500000, 0x0000000085600000, 0x0000000085600000|100%|HC|  |TAMS 0x0000000085600000, 0x0000000085600000| Complete 
|  28|0x0000000085600000, 0x0000000085700000, 0x0000000085700000|100%|HC|  |TAMS 0x0000000085700000, 0x0000000085700000| Complete 
|  29|0x0000000085700000, 0x0000000085800000, 0x0000000085800000|100%|HC|  |TAMS 0x0000000085800000, 0x0000000085800000| Complete 
|  30|0x0000000085800000, 0x0000000085900000, 0x0000000085900000|100%|HC|  |TAMS 0x0000000085900000, 0x0000000085900000| Complete 
|  31|0x0000000085900000, 0x0000000085a00000, 0x0000000085a00000|100%|HC|  |TAMS 0x0000000085a00000, 0x0000000085a00000| Complete 
|  32|0x0000000085a00000, 0x0000000085b00000, 0x0000000085b00000|100%|HC|  |TAMS 0x0000000085b00000, 0x0000000085b00000| Complete 
|  33|0x0000000085b00000, 0x0000000085c00000, 0x0000000085c00000|100%|HC|  |TAMS 0x0000000085c00000, 0x0000000085c00000| Complete 
|  34|0x0000000085c00000, 0x0000000085d00000, 0x0000000085d00000|100%|HC|  |TAMS 0x0000000085d00000, 0x0000000085d00000| Complete 
|  35|0x0000000085d00000, 0x0000000085e00000, 0x0000000085e00000|100%|HC|  |TAMS 0x0000000085e00000, 0x0000000085e00000| Complete 
|  36|0x0000000085e00000, 0x0000000085f00000, 0x0000000085f00000|100%|HC|  |TAMS 0x0000000085f00000, 0x0000000085f00000| Complete 
|  37|0x0000000085f00000, 0x0000000086000000, 0x0000000086000000|100%|HC|  |TAMS 0x0000000086000000, 0x0000000086000000| Complete 
|  38|0x0000000086000000, 0x0000000086100000, 0x0000000086100000|100%|HC|  |TAMS 0x0000000086100000, 0x0000000086100000| Complete 
|  39|0x0000000086100000, 0x0000000086200000, 0x0000000086200000|100%|HC|  |TAMS 0x0000000086200000, 0x0000000086200000| Complete 
|  40|0x0000000086200000, 0x0000000086300000, 0x0000000086300000|100%|HC|  |TAMS 0x0000000086300000, 0x0000000086300000| Complete 
|  41|0x0000000086300000, 0x0000000086400000, 0x0000000086400000|100%|HC|  |TAMS 0x0000000086400000, 0x0000000086400000| Complete 
|  42|0x0000000086400000, 0x0000000086500000, 0x0000000086500000|100%|HC|  |TAMS 0x0000000086500000, 0x0000000086500000| Complete 
|  43|0x0000000086500000, 0x0000000086600000, 0x0000000086600000|100%|HC|  |TAMS 0x0000000086600000, 0x0000000086600000| Complete 
|  44|0x0000000086600000, 0x0000000086700000, 0x0000000086700000|100%|HC|  |TAMS 0x0000000086700000, 0x0000000086700000| Complete 
|  45|0x0000000086700000, 0x0000000086800000, 0x0000000086800000|100%|HC|  |TAMS 0x0000000086800000, 0x0000000086800000| Complete 
|  46|0x0000000086800000, 0x0000000086900000, 0x0000000086900000|100%|HC|  |TAMS 0x0000000086900000, 0x0000000086900000| Complete 
|  47|0x0000000086900000, 0x0000000086a00000, 0x0000000086a00000|100%|HC|  |TAMS 0x0000000086a00000, 0x0000000086a00000| Complete 
|  48|0x0000000086a00000, 0x0000000086b00000, 0x0000000086b00000|100%|HC|  |TAMS 0x0000000086b00000, 0x0000000086b00000| Complete 
|  49|0x0000000086b00000, 0x0000000086c00000, 0x0000000086c00000|100%|HC|  |TAMS 0x0000000086c00000, 0x0000000086c00000| Complete 
|  50|0x0000000086c00000, 0x0000000086d00000, 0x0000000086d00000|100%|HC|  |TAMS 0x0000000086d00000, 0x0000000086d00000| Complete 
|  51|0x0000000086d00000, 0x0000000086e00000, 0x0000000086e00000|100%|HC|  |TAMS 0x0000000086e00000, 0x0000000086e00000| Complete 
|  52|0x0000000086e00000, 0x0000000086f00000, 0x0000000086f00000|100%|HC|  |TAMS 0x0000000086f00000, 0x0000000086f00000| Complete 
|  53|0x0000000086f00000, 0x0000000087000000, 0x0000000087000000|100%|HC|  |TAMS 0x0000000087000000, 0x0000000087000000| Complete 
|  54|0x0000000087000000, 0x0000000087100000, 0x0000000087100000|100%|HC|  |TAMS 0x0000000087100000, 0x0000000087100000| Complete 
|  55|0x0000000087100000, 0x0000000087200000, 0x0000000087200000|100%|HC|  |TAMS 0x0000000087200000, 0x0000000087200000| Complete 
|  56|0x0000000087200000, 0x0000000087300000, 0x0000000087300000|100%|HC|  |TAMS 0x0000000087300000, 0x0000000087300000| Complete 
|  57|0x0000000087300000, 0x0000000087400000, 0x0000000087400000|100%|HC|  |TAMS 0x0000000087400000, 0x0000000087400000| Complete 
|  58|0x0000000087400000, 0x0000000087500000, 0x0000000087500000|100%|HC|  |TAMS 0x0000000087500000, 0x0000000087500000| Complete 
|  59|0x0000000087500000, 0x0000000087600000, 0x0000000087600000|100%|HC|  |TAMS 0x0000000087600000, 0x0000000087600000| Complete 
|  60|0x0000000087600000, 0x0000000087700000, 0x0000000087700000|100%|HC|  |TAMS 0x0000000087700000, 0x0000000087700000| Complete 
|  61|0x0000000087700000, 0x0000000087800000, 0x0000000087800000|100%|HC|  |TAMS 0x0000000087800000, 0x0000000087800000| Complete 
|  62|0x0000000087800000, 0x0000000087900000, 0x0000000087900000|100%|HC|  |TAMS 0x0000000087900000, 0x0000000087900000| Complete 
|  63|0x0000000087900000, 0x0000000087a00000, 0x0000000087a00000|100%|HC|  |TAMS 0x0000000087a00000, 0x0000000087a00000| Complete 
|  64|0x0000000087a00000, 0x0000000087b00000, 0x0000000087b00000|100%|HC|  |TAMS 0x0000000087b00000, 0x0000000087b00000| Complete 
|  65|0x0000000087b00000, 0x0000000087c00000, 0x0000000087c00000|100%|HC|  |TAMS 0x0000000087c00000, 0x0000000087c00000| Complete 
|  66|0x0000000087c00000, 0x0000000087d00000, 0x0000000087d00000|100%|HC|  |TAMS 0x0000000087d00000, 0x0000000087d00000| Complete 
|  67|0x0000000087d00000, 0x0000000087e00000, 0x0000000087e00000|100%|HC|  |TAMS 0x0000000087e00000, 0x0000000087e00000| Complete 
|  68|0x0000000087e00000, 0x0000000087f00000, 0x0000000087f00000|100%| O|  |TAMS 0x0000000087f00000, 0x0000000087f00000| Untracked 
|  69|0x0000000087f00000, 0x0000000088000000, 0x0000000088000000|100%| O|  |TAMS 0x0000000088000000, 0x0000000088000000| Untracked 
|  70|0x0000000088000000, 0x00000000880a9800, 0x0000000088100000| 66%| O|  |TAMS 0x00000000880a9800, 0x00000000880a9800| Untracked 
|  71|0x0000000088100000, 0x0000000088200000, 0x0000000088200000|100%|HS|  |TAMS 0x0000000088200000, 0x0000000088200000| Complete 
|  72|0x0000000088200000, 0x0000000088300000, 0x0000000088300000|100%|HC|  |TAMS 0x0000000088300000, 0x0000000088300000| Complete 
|  73|0x0000000088300000, 0x0000000088400000, 0x0000000088400000|100%|HC|  |TAMS 0x0000000088400000, 0x0000000088400000| Complete 
|  74|0x0000000088400000, 0x0000000088500000, 0x0000000088500000|100%|HC|  |TAMS 0x0000000088500000, 0x0000000088500000| Complete 
|  75|0x0000000088500000, 0x0000000088600000, 0x0000000088600000|100%|HC|  |TAMS 0x0000000088600000, 0x0000000088600000| Complete 
|  76|0x0000000088600000, 0x0000000088700000, 0x0000000088700000|100%|HS|  |TAMS 0x0000000088700000, 0x0000000088700000| Complete 
|  77|0x0000000088700000, 0x0000000088800000, 0x0000000088800000|100%|HC|  |TAMS 0x0000000088800000, 0x0000000088800000| Complete 
|  78|0x0000000088800000, 0x0000000088900000, 0x0000000088900000|100%|HC|  |TAMS 0x0000000088900000, 0x0000000088900000| Complete 
|  79|0x0000000088900000, 0x0000000088a00000, 0x0000000088a00000|100%|HC|  |TAMS 0x0000000088a00000, 0x0000000088a00000| Complete 
|  80|0x0000000088a00000, 0x0000000088b00000, 0x0000000088b00000|100%|HC|  |TAMS 0x0000000088b00000, 0x0000000088b00000| Complete 
|  81|0x0000000088b00000, 0x0000000088c00000, 0x0000000088c00000|100%|HC|  |TAMS 0x0000000088c00000, 0x0000000088c00000| Complete 
|  82|0x0000000088c00000, 0x0000000088d00000, 0x0000000088d00000|100%|HC|  |TAMS 0x0000000088d00000, 0x0000000088d00000| Complete 
|  83|0x0000000088d00000, 0x0000000088e00000, 0x0000000088e00000|100%|HC|  |TAMS 0x0000000088e00000, 0x0000000088e00000| Complete 
|  84|0x0000000088e00000, 0x0000000088f00000, 0x0000000088f00000|100%|HS|  |TAMS 0x0000000088f00000, 0x0000000088f00000| Complete 
|  85|0x0000000088f00000, 0x0000000089000000, 0x0000000089000000|100%|HC|  |TAMS 0x0000000089000000, 0x0000000089000000| Complete 
|  86|0x0000000089000000, 0x0000000089100000, 0x0000000089100000|100%|HC|  |TAMS 0x0000000089100000, 0x0000000089100000| Complete 
|  87|0x0000000089100000, 0x0000000089200000, 0x0000000089200000|100%|HC|  |TAMS 0x0000000089200000, 0x0000000089200000| Complete 
|  88|0x0000000089200000, 0x0000000089300000, 0x0000000089300000|100%|HS|  |TAMS 0x0000000089300000, 0x0000000089300000| Complete 
|  89|0x0000000089300000, 0x0000000089400000, 0x0000000089400000|100%|HS|  |TAMS 0x0000000089400000, 0x0000000089400000| Complete 
|  90|0x0000000089400000, 0x0000000089500000, 0x0000000089500000|100%|HC|  |TAMS 0x0000000089500000, 0x0000000089500000| Complete 
|  91|0x0000000089500000, 0x0000000089600000, 0x0000000089600000|100%|HC|  |TAMS 0x0000000089600000, 0x0000000089600000| Complete 
|  92|0x0000000089600000, 0x0000000089700000, 0x0000000089700000|100%|HS|  |TAMS 0x0000000089700000, 0x0000000089700000| Complete 
|  93|0x0000000089700000, 0x0000000089800000, 0x0000000089800000|100%|HS|  |TAMS 0x0000000089800000, 0x0000000089800000| Complete 
|  94|0x0000000089800000, 0x0000000089900000, 0x0000000089900000|100%|HC|  |TAMS 0x0000000089900000, 0x0000000089900000| Complete 
|  95|0x0000000089900000, 0x0000000089a00000, 0x0000000089a00000|100%|HS|  |TAMS 0x0000000089a00000, 0x0000000089a00000| Complete 
|  96|0x0000000089a00000, 0x0000000089b00000, 0x0000000089b00000|100%|HC|  |TAMS 0x0000000089b00000, 0x0000000089b00000| Complete 
|  97|0x0000000089b00000, 0x0000000089c00000, 0x0000000089c00000|100%|HS|  |TAMS 0x0000000089c00000, 0x0000000089c00000| Complete 
|  98|0x0000000089c00000, 0x0000000089d00000, 0x0000000089d00000|100%|HC|  |TAMS 0x0000000089d00000, 0x0000000089d00000| Complete 
|  99|0x0000000089d00000, 0x0000000089e00000, 0x0000000089e00000|100%|HC|  |TAMS 0x0000000089e00000, 0x0000000089e00000| Complete 
| 100|0x0000000089e00000, 0x0000000089f00000, 0x0000000089f00000|100%|HC|  |TAMS 0x0000000089f00000, 0x0000000089f00000| Complete 
| 101|0x0000000089f00000, 0x000000008a000000, 0x000000008a000000|100%|HC|  |TAMS 0x000000008a000000, 0x000000008a000000| Complete 
| 102|0x000000008a000000, 0x000000008a100000, 0x000000008a100000|100%|HC|  |TAMS 0x000000008a100000, 0x000000008a100000| Complete 
| 103|0x000000008a100000, 0x000000008a200000, 0x000000008a200000|100%|HC|  |TAMS 0x000000008a200000, 0x000000008a200000| Complete 
| 104|0x000000008a200000, 0x000000008a300000, 0x000000008a300000|100%|HC|  |TAMS 0x000000008a300000, 0x000000008a300000| Complete 
| 105|0x000000008a300000, 0x000000008a400000, 0x000000008a400000|100%|HC|  |TAMS 0x000000008a400000, 0x000000008a400000| Complete 
| 106|0x000000008a400000, 0x000000008a500000, 0x000000008a500000|100%|HC|  |TAMS 0x000000008a500000, 0x000000008a500000| Complete 
| 107|0x000000008a500000, 0x000000008a600000, 0x000000008a600000|100%|HC|  |TAMS 0x000000008a600000, 0x000000008a600000| Complete 
| 108|0x000000008a600000, 0x000000008a700000, 0x000000008a700000|100%|HC|  |TAMS 0x000000008a700000, 0x000000008a700000| Complete 
| 109|0x000000008a700000, 0x000000008a800000, 0x000000008a800000|100%|HC|  |TAMS 0x000000008a800000, 0x000000008a800000| Complete 
| 110|0x000000008a800000, 0x000000008a900000, 0x000000008a900000|100%|HC|  |TAMS 0x000000008a900000, 0x000000008a900000| Complete 
| 111|0x000000008a900000, 0x000000008aa00000, 0x000000008aa00000|100%|HC|  |TAMS 0x000000008aa00000, 0x000000008aa00000| Complete 
| 112|0x000000008aa00000, 0x000000008ab00000, 0x000000008ab00000|100%|HC|  |TAMS 0x000000008ab00000, 0x000000008ab00000| Complete 
| 113|0x000000008ab00000, 0x000000008ac00000, 0x000000008ac00000|100%|HC|  |TAMS 0x000000008ac00000, 0x000000008ac00000| Complete 
| 114|0x000000008ac00000, 0x000000008ad00000, 0x000000008ad00000|100%|HC|  |TAMS 0x000000008ad00000, 0x000000008ad00000| Complete 
| 115|0x000000008ad00000, 0x000000008ae00000, 0x000000008ae00000|100%|HC|  |TAMS 0x000000008ae00000, 0x000000008ae00000| Complete 
| 116|0x000000008ae00000, 0x000000008af00000, 0x000000008af00000|100%|HC|  |TAMS 0x000000008af00000, 0x000000008af00000| Complete 
| 117|0x000000008af00000, 0x000000008b000000, 0x000000008b000000|100%|HC|  |TAMS 0x000000008b000000, 0x000000008b000000| Complete 
| 118|0x000000008b000000, 0x000000008b100000, 0x000000008b100000|100%|HC|  |TAMS 0x000000008b100000, 0x000000008b100000| Complete 
| 119|0x000000008b100000, 0x000000008b200000, 0x000000008b200000|100%|HC|  |TAMS 0x000000008b200000, 0x000000008b200000| Complete 
| 120|0x000000008b200000, 0x000000008b300000, 0x000000008b300000|100%|HC|  |TAMS 0x000000008b300000, 0x000000008b300000| Complete 
| 121|0x000000008b300000, 0x000000008b400000, 0x000000008b400000|100%|HC|  |TAMS 0x000000008b400000, 0x000000008b400000| Complete 
| 122|0x000000008b400000, 0x000000008b500000, 0x000000008b500000|100%|HC|  |TAMS 0x000000008b500000, 0x000000008b500000| Complete 
| 123|0x000000008b500000, 0x000000008b600000, 0x000000008b600000|100%|HC|  |TAMS 0x000000008b600000, 0x000000008b600000| Complete 
| 124|0x000000008b600000, 0x000000008b700000, 0x000000008b700000|100%|HC|  |TAMS 0x000000008b700000, 0x000000008b700000| Complete 
| 125|0x000000008b700000, 0x000000008b800000, 0x000000008b800000|100%|HC|  |TAMS 0x000000008b800000, 0x000000008b800000| Complete 
| 126|0x000000008b800000, 0x000000008b900000, 0x000000008b900000|100%|HC|  |TAMS 0x000000008b900000, 0x000000008b900000| Complete 
| 127|0x000000008b900000, 0x000000008ba00000, 0x000000008ba00000|100%|HC|  |TAMS 0x000000008ba00000, 0x000000008ba00000| Complete 
| 128|0x000000008ba00000, 0x000000008bb00000, 0x000000008bb00000|100%|HC|  |TAMS 0x000000008bb00000, 0x000000008bb00000| Complete 
| 129|0x000000008bb00000, 0x000000008bc00000, 0x000000008bc00000|100%|HC|  |TAMS 0x000000008bc00000, 0x000000008bc00000| Complete 
| 130|0x000000008bc00000, 0x000000008bd00000, 0x000000008bd00000|100%|HC|  |TAMS 0x000000008bd00000, 0x000000008bd00000| Complete 
| 131|0x000000008bd00000, 0x000000008be00000, 0x000000008be00000|100%|HC|  |TAMS 0x000000008be00000, 0x000000008be00000| Complete 
| 132|0x000000008be00000, 0x000000008bf00000, 0x000000008bf00000|100%|HC|  |TAMS 0x000000008bf00000, 0x000000008bf00000| Complete 
| 133|0x000000008bf00000, 0x000000008c000000, 0x000000008c000000|100%|HC|  |TAMS 0x000000008c000000, 0x000000008c000000| Complete 
| 134|0x000000008c000000, 0x000000008c100000, 0x000000008c100000|100%|HC|  |TAMS 0x000000008c100000, 0x000000008c100000| Complete 
| 135|0x000000008c100000, 0x000000008c200000, 0x000000008c200000|100%|HC|  |TAMS 0x000000008c200000, 0x000000008c200000| Complete 
| 136|0x000000008c200000, 0x000000008c300000, 0x000000008c300000|100%|HC|  |TAMS 0x000000008c300000, 0x000000008c300000| Complete 
| 137|0x000000008c300000, 0x000000008c400000, 0x000000008c400000|100%|HC|  |TAMS 0x000000008c400000, 0x000000008c400000| Complete 
| 138|0x000000008c400000, 0x000000008c500000, 0x000000008c500000|100%|HC|  |TAMS 0x000000008c500000, 0x000000008c500000| Complete 
| 139|0x000000008c500000, 0x000000008c600000, 0x000000008c600000|100%|HC|  |TAMS 0x000000008c600000, 0x000000008c600000| Complete 
| 140|0x000000008c600000, 0x000000008c700000, 0x000000008c700000|100%|HC|  |TAMS 0x000000008c700000, 0x000000008c700000| Complete 
| 141|0x000000008c700000, 0x000000008c800000, 0x000000008c800000|100%|HC|  |TAMS 0x000000008c800000, 0x000000008c800000| Complete 
| 142|0x000000008c800000, 0x000000008c900000, 0x000000008c900000|100%|HC|  |TAMS 0x000000008c900000, 0x000000008c900000| Complete 
| 143|0x000000008c900000, 0x000000008ca00000, 0x000000008ca00000|100%|HC|  |TAMS 0x000000008ca00000, 0x000000008ca00000| Complete 
| 144|0x000000008ca00000, 0x000000008cb00000, 0x000000008cb00000|100%|HC|  |TAMS 0x000000008cb00000, 0x000000008cb00000| Complete 
| 145|0x000000008cb00000, 0x000000008cc00000, 0x000000008cc00000|100%|HC|  |TAMS 0x000000008cc00000, 0x000000008cc00000| Complete 
| 146|0x000000008cc00000, 0x000000008cd00000, 0x000000008cd00000|100%|HC|  |TAMS 0x000000008cd00000, 0x000000008cd00000| Complete 
| 147|0x000000008cd00000, 0x000000008ce00000, 0x000000008ce00000|100%|HC|  |TAMS 0x000000008ce00000, 0x000000008ce00000| Complete 
| 148|0x000000008ce00000, 0x000000008cf00000, 0x000000008cf00000|100%|HC|  |TAMS 0x000000008cf00000, 0x000000008cf00000| Complete 
| 149|0x000000008cf00000, 0x000000008d000000, 0x000000008d000000|100%|HC|  |TAMS 0x000000008d000000, 0x000000008d000000| Complete 
| 150|0x000000008d000000, 0x000000008d100000, 0x000000008d100000|100%|HC|  |TAMS 0x000000008d100000, 0x000000008d100000| Complete 
| 151|0x000000008d100000, 0x000000008d200000, 0x000000008d200000|100%|HC|  |TAMS 0x000000008d200000, 0x000000008d200000| Complete 
| 152|0x000000008d200000, 0x000000008d300000, 0x000000008d300000|100%|HC|  |TAMS 0x000000008d300000, 0x000000008d300000| Complete 
| 153|0x000000008d300000, 0x000000008d400000, 0x000000008d400000|100%|HC|  |TAMS 0x000000008d400000, 0x000000008d400000| Complete 
| 154|0x000000008d400000, 0x000000008d500000, 0x000000008d500000|100%|HC|  |TAMS 0x000000008d500000, 0x000000008d500000| Complete 
| 155|0x000000008d500000, 0x000000008d600000, 0x000000008d600000|100%|HC|  |TAMS 0x000000008d600000, 0x000000008d600000| Complete 
| 156|0x000000008d600000, 0x000000008d700000, 0x000000008d700000|100%|HC|  |TAMS 0x000000008d700000, 0x000000008d700000| Complete 
| 157|0x000000008d700000, 0x000000008d800000, 0x000000008d800000|100%|HC|  |TAMS 0x000000008d800000, 0x000000008d800000| Complete 
| 158|0x000000008d800000, 0x000000008d900000, 0x000000008d900000|100%|HC|  |TAMS 0x000000008d900000, 0x000000008d900000| Complete 
| 159|0x000000008d900000, 0x000000008da00000, 0x000000008da00000|100%|HS|  |TAMS 0x000000008da00000, 0x000000008da00000| Complete 
| 160|0x000000008da00000, 0x000000008db00000, 0x000000008db00000|100%|HC|  |TAMS 0x000000008db00000, 0x000000008db00000| Complete 
| 161|0x000000008db00000, 0x000000008dc00000, 0x000000008dc00000|100%|HC|  |TAMS 0x000000008dc00000, 0x000000008dc00000| Complete 
| 162|0x000000008dc00000, 0x000000008dd00000, 0x000000008dd00000|100%|HC|  |TAMS 0x000000008dd00000, 0x000000008dd00000| Complete 
| 163|0x000000008dd00000, 0x000000008de00000, 0x000000008de00000|100%|HC|  |TAMS 0x000000008de00000, 0x000000008de00000| Complete 
| 164|0x000000008de00000, 0x000000008df00000, 0x000000008df00000|100%|HC|  |TAMS 0x000000008df00000, 0x000000008df00000| Complete 
| 165|0x000000008df00000, 0x000000008e000000, 0x000000008e000000|100%|HC|  |TAMS 0x000000008e000000, 0x000000008e000000| Complete 
| 166|0x000000008e000000, 0x000000008e100000, 0x000000008e100000|100%|HC|  |TAMS 0x000000008e100000, 0x000000008e100000| Complete 
| 167|0x000000008e100000, 0x000000008e200000, 0x000000008e200000|100%|HS|  |TAMS 0x000000008e100000, 0x000000008e200000| Complete 
| 168|0x000000008e200000, 0x000000008e300000, 0x000000008e300000|100%|HC|  |TAMS 0x000000008e200000, 0x000000008e300000| Complete 
| 169|0x000000008e300000, 0x000000008e400000, 0x000000008e400000|100%|HC|  |TAMS 0x000000008e300000, 0x000000008e400000| Complete 
| 170|0x000000008e400000, 0x000000008e400000, 0x000000008e500000|  0%| F|  |TAMS 0x000000008e400000, 0x000000008e400000| Untracked 
| 171|0x000000008e500000, 0x000000008e500000, 0x000000008e600000|  0%| F|  |TAMS 0x000000008e500000, 0x000000008e500000| Untracked 
| 172|0x000000008e600000, 0x000000008e600000, 0x000000008e700000|  0%| F|  |TAMS 0x000000008e600000, 0x000000008e600000| Untracked 
| 173|0x000000008e700000, 0x000000008e700000, 0x000000008e800000|  0%| F|  |TAMS 0x000000008e700000, 0x000000008e700000| Untracked 
| 174|0x000000008e800000, 0x000000008e800000, 0x000000008e900000|  0%| F|  |TAMS 0x000000008e800000, 0x000000008e800000| Untracked 
| 175|0x000000008e900000, 0x000000008e900000, 0x000000008ea00000|  0%| F|  |TAMS 0x000000008e900000, 0x000000008e900000| Untracked 
| 176|0x000000008ea00000, 0x000000008ea00000, 0x000000008eb00000|  0%| F|  |TAMS 0x000000008ea00000, 0x000000008ea00000| Untracked 
| 177|0x000000008eb00000, 0x000000008eb00000, 0x000000008ec00000|  0%| F|  |TAMS 0x000000008eb00000, 0x000000008eb00000| Untracked 
| 178|0x000000008ec00000, 0x000000008ec00000, 0x000000008ed00000|  0%| F|  |TAMS 0x000000008ec00000, 0x000000008ec00000| Untracked 
| 179|0x000000008ed00000, 0x000000008ed00000, 0x000000008ee00000|  0%| F|  |TAMS 0x000000008ed00000, 0x000000008ed00000| Untracked 
| 180|0x000000008ee00000, 0x000000008ee00000, 0x000000008ef00000|  0%| F|  |TAMS 0x000000008ee00000, 0x000000008ee00000| Untracked 
| 181|0x000000008ef00000, 0x000000008ef00000, 0x000000008f000000|  0%| F|  |TAMS 0x000000008ef00000, 0x000000008ef00000| Untracked 
| 182|0x000000008f000000, 0x000000008f000000, 0x000000008f100000|  0%| F|  |TAMS 0x000000008f000000, 0x000000008f000000| Untracked 
| 183|0x000000008f100000, 0x000000008f100000, 0x000000008f200000|  0%| F|  |TAMS 0x000000008f100000, 0x000000008f100000| Untracked 
| 184|0x000000008f200000, 0x000000008f200000, 0x000000008f300000|  0%| F|  |TAMS 0x000000008f200000, 0x000000008f200000| Untracked 
| 185|0x000000008f300000, 0x000000008f300000, 0x000000008f400000|  0%| F|  |TAMS 0x000000008f300000, 0x000000008f300000| Untracked 
| 186|0x000000008f400000, 0x000000008f400000, 0x000000008f500000|  0%| F|  |TAMS 0x000000008f400000, 0x000000008f400000| Untracked 
| 187|0x000000008f500000, 0x000000008f500000, 0x000000008f600000|  0%| F|  |TAMS 0x000000008f500000, 0x000000008f500000| Untracked 
| 188|0x000000008f600000, 0x000000008f600000, 0x000000008f700000|  0%| F|  |TAMS 0x000000008f600000, 0x000000008f600000| Untracked 
| 189|0x000000008f700000, 0x000000008f700000, 0x000000008f800000|  0%| F|  |TAMS 0x000000008f700000, 0x000000008f700000| Untracked 
| 190|0x000000008f800000, 0x000000008f800000, 0x000000008f900000|  0%| F|  |TAMS 0x000000008f800000, 0x000000008f800000| Untracked 
| 191|0x000000008f900000, 0x000000008f900000, 0x000000008fa00000|  0%| F|  |TAMS 0x000000008f900000, 0x000000008f900000| Untracked 
| 192|0x000000008fa00000, 0x000000008fa00000, 0x000000008fb00000|  0%| F|  |TAMS 0x000000008fa00000, 0x000000008fa00000| Untracked 
| 193|0x000000008fb00000, 0x000000008fb00000, 0x000000008fc00000|  0%| F|  |TAMS 0x000000008fb00000, 0x000000008fb00000| Untracked 
| 194|0x000000008fc00000, 0x000000008fc00000, 0x000000008fd00000|  0%| F|  |TAMS 0x000000008fc00000, 0x000000008fc00000| Untracked 
| 195|0x000000008fd00000, 0x000000008fd00000, 0x000000008fe00000|  0%| F|  |TAMS 0x000000008fd00000, 0x000000008fd00000| Untracked 
| 196|0x000000008fe00000, 0x000000008fe00000, 0x000000008ff00000|  0%| F|  |TAMS 0x000000008fe00000, 0x000000008fe00000| Untracked 
| 197|0x000000008ff00000, 0x000000008ff00000, 0x0000000090000000|  0%| F|  |TAMS 0x000000008ff00000, 0x000000008ff00000| Untracked 
| 198|0x0000000090000000, 0x0000000090000000, 0x0000000090100000|  0%| F|  |TAMS 0x0000000090000000, 0x0000000090000000| Untracked 
| 199|0x0000000090100000, 0x0000000090100000, 0x0000000090200000|  0%| F|  |TAMS 0x0000000090100000, 0x0000000090100000| Untracked 
| 200|0x0000000090200000, 0x0000000090200000, 0x0000000090300000|  0%| F|  |TAMS 0x0000000090200000, 0x0000000090200000| Untracked 
| 201|0x0000000090300000, 0x0000000090300000, 0x0000000090400000|  0%| F|  |TAMS 0x0000000090300000, 0x0000000090300000| Untracked 
| 202|0x0000000090400000, 0x0000000090400000, 0x0000000090500000|  0%| F|  |TAMS 0x0000000090400000, 0x0000000090400000| Untracked 
| 203|0x0000000090500000, 0x0000000090500000, 0x0000000090600000|  0%| F|  |TAMS 0x0000000090500000, 0x0000000090500000| Untracked 
| 204|0x0000000090600000, 0x0000000090600000, 0x0000000090700000|  0%| F|  |TAMS 0x0000000090600000, 0x0000000090600000| Untracked 
| 205|0x0000000090700000, 0x0000000090700000, 0x0000000090800000|  0%| F|  |TAMS 0x0000000090700000, 0x0000000090700000| Untracked 
| 206|0x0000000090800000, 0x0000000090800000, 0x0000000090900000|  0%| F|  |TAMS 0x0000000090800000, 0x0000000090800000| Untracked 
| 207|0x0000000090900000, 0x0000000090900000, 0x0000000090a00000|  0%| F|  |TAMS 0x0000000090900000, 0x0000000090900000| Untracked 
| 208|0x0000000090a00000, 0x0000000090a00000, 0x0000000090b00000|  0%| F|  |TAMS 0x0000000090a00000, 0x0000000090a00000| Untracked 
| 209|0x0000000090b00000, 0x0000000090b00000, 0x0000000090c00000|  0%| F|  |TAMS 0x0000000090b00000, 0x0000000090b00000| Untracked 
| 210|0x0000000090c00000, 0x0000000090c00000, 0x0000000090d00000|  0%| F|  |TAMS 0x0000000090c00000, 0x0000000090c00000| Untracked 
| 211|0x0000000090d00000, 0x0000000090d00000, 0x0000000090e00000|  0%| F|  |TAMS 0x0000000090d00000, 0x0000000090d00000| Untracked 
| 212|0x0000000090e00000, 0x0000000090e00000, 0x0000000090f00000|  0%| F|  |TAMS 0x0000000090e00000, 0x0000000090e00000| Untracked 
| 213|0x0000000090f00000, 0x0000000090f00000, 0x0000000091000000|  0%| F|  |TAMS 0x0000000090f00000, 0x0000000090f00000| Untracked 
| 214|0x0000000091000000, 0x0000000091000000, 0x0000000091100000|  0%| F|  |TAMS 0x0000000091000000, 0x0000000091000000| Untracked 
| 215|0x0000000091100000, 0x0000000091100000, 0x0000000091200000|  0%| F|  |TAMS 0x0000000091100000, 0x0000000091100000| Untracked 
| 216|0x0000000091200000, 0x0000000091200000, 0x0000000091300000|  0%| F|  |TAMS 0x0000000091200000, 0x0000000091200000| Untracked 
| 217|0x0000000091300000, 0x0000000091300000, 0x0000000091400000|  0%| F|  |TAMS 0x0000000091300000, 0x0000000091300000| Untracked 
| 218|0x0000000091400000, 0x0000000091400000, 0x0000000091500000|  0%| F|  |TAMS 0x0000000091400000, 0x0000000091400000| Untracked 
| 219|0x0000000091500000, 0x0000000091500000, 0x0000000091600000|  0%| F|  |TAMS 0x0000000091500000, 0x0000000091500000| Untracked 
| 220|0x0000000091600000, 0x0000000091600000, 0x0000000091700000|  0%| F|  |TAMS 0x0000000091600000, 0x0000000091600000| Untracked 
| 221|0x0000000091700000, 0x0000000091700000, 0x0000000091800000|  0%| F|  |TAMS 0x0000000091700000, 0x0000000091700000| Untracked 
| 222|0x0000000091800000, 0x0000000091800000, 0x0000000091900000|  0%| F|  |TAMS 0x0000000091800000, 0x0000000091800000| Untracked 
| 223|0x0000000091900000, 0x0000000091900000, 0x0000000091a00000|  0%| F|  |TAMS 0x0000000091900000, 0x0000000091900000| Untracked 
| 224|0x0000000091a00000, 0x0000000091a00000, 0x0000000091b00000|  0%| F|  |TAMS 0x0000000091a00000, 0x0000000091a00000| Untracked 
| 225|0x0000000091b00000, 0x0000000091b00000, 0x0000000091c00000|  0%| F|  |TAMS 0x0000000091b00000, 0x0000000091b00000| Untracked 
| 226|0x0000000091c00000, 0x0000000091c00000, 0x0000000091d00000|  0%| F|  |TAMS 0x0000000091c00000, 0x0000000091c00000| Untracked 
| 227|0x0000000091d00000, 0x0000000091d00000, 0x0000000091e00000|  0%| F|  |TAMS 0x0000000091d00000, 0x0000000091d00000| Untracked 
| 228|0x0000000091e00000, 0x0000000091e00000, 0x0000000091f00000|  0%| F|  |TAMS 0x0000000091e00000, 0x0000000091e00000| Untracked 
| 229|0x0000000091f00000, 0x0000000091f00000, 0x0000000092000000|  0%| F|  |TAMS 0x0000000091f00000, 0x0000000091f00000| Untracked 
| 230|0x0000000092000000, 0x0000000092000000, 0x0000000092100000|  0%| F|  |TAMS 0x0000000092000000, 0x0000000092000000| Untracked 
| 231|0x0000000092100000, 0x0000000092100000, 0x0000000092200000|  0%| F|  |TAMS 0x0000000092100000, 0x0000000092100000| Untracked 
| 232|0x0000000092200000, 0x0000000092200000, 0x0000000092300000|  0%| F|  |TAMS 0x0000000092200000, 0x0000000092200000| Untracked 
| 233|0x0000000092300000, 0x0000000092300000, 0x0000000092400000|  0%| F|  |TAMS 0x0000000092300000, 0x0000000092300000| Untracked 
| 234|0x0000000092400000, 0x0000000092400000, 0x0000000092500000|  0%| F|  |TAMS 0x0000000092400000, 0x0000000092400000| Untracked 
| 235|0x0000000092500000, 0x0000000092500000, 0x0000000092600000|  0%| F|  |TAMS 0x0000000092500000, 0x0000000092500000| Untracked 
| 236|0x0000000092600000, 0x0000000092600000, 0x0000000092700000|  0%| F|  |TAMS 0x0000000092600000, 0x0000000092600000| Untracked 
| 237|0x0000000092700000, 0x0000000092700000, 0x0000000092800000|  0%| F|  |TAMS 0x0000000092700000, 0x0000000092700000| Untracked 
| 238|0x0000000092800000, 0x0000000092800000, 0x0000000092900000|  0%| F|  |TAMS 0x0000000092800000, 0x0000000092800000| Untracked 
| 239|0x0000000092900000, 0x0000000092900000, 0x0000000092a00000|  0%| F|  |TAMS 0x0000000092900000, 0x0000000092900000| Untracked 
| 240|0x0000000092a00000, 0x0000000092a00000, 0x0000000092b00000|  0%| F|  |TAMS 0x0000000092a00000, 0x0000000092a00000| Untracked 
| 241|0x0000000092b00000, 0x0000000092b00000, 0x0000000092c00000|  0%| F|  |TAMS 0x0000000092b00000, 0x0000000092b00000| Untracked 
| 242|0x0000000092c00000, 0x0000000092c00000, 0x0000000092d00000|  0%| F|  |TAMS 0x0000000092c00000, 0x0000000092c00000| Untracked 
| 243|0x0000000092d00000, 0x0000000092d00000, 0x0000000092e00000|  0%| F|  |TAMS 0x0000000092d00000, 0x0000000092d00000| Untracked 
| 244|0x0000000092e00000, 0x0000000092e00000, 0x0000000092f00000|  0%| F|  |TAMS 0x0000000092e00000, 0x0000000092e00000| Untracked 
| 245|0x0000000092f00000, 0x0000000092f00000, 0x0000000093000000|  0%| F|  |TAMS 0x0000000092f00000, 0x0000000092f00000| Untracked 
| 246|0x0000000093000000, 0x0000000093000000, 0x0000000093100000|  0%| F|  |TAMS 0x0000000093000000, 0x0000000093000000| Untracked 
| 247|0x0000000093100000, 0x0000000093100000, 0x0000000093200000|  0%| F|  |TAMS 0x0000000093100000, 0x0000000093100000| Untracked 
| 248|0x0000000093200000, 0x0000000093200000, 0x0000000093300000|  0%| F|  |TAMS 0x0000000093200000, 0x0000000093200000| Untracked 
| 249|0x0000000093300000, 0x0000000093300000, 0x0000000093400000|  0%| F|  |TAMS 0x0000000093300000, 0x0000000093300000| Untracked 
| 250|0x0000000093400000, 0x0000000093400000, 0x0000000093500000|  0%| F|  |TAMS 0x0000000093400000, 0x0000000093400000| Untracked 
| 251|0x0000000093500000, 0x0000000093500000, 0x0000000093600000|  0%| F|  |TAMS 0x0000000093500000, 0x0000000093500000| Untracked 
| 252|0x0000000093600000, 0x0000000093600000, 0x0000000093700000|  0%| F|  |TAMS 0x0000000093600000, 0x0000000093600000| Untracked 
| 253|0x0000000093700000, 0x0000000093700000, 0x0000000093800000|  0%| F|  |TAMS 0x0000000093700000, 0x0000000093700000| Untracked 
| 254|0x0000000093800000, 0x0000000093800000, 0x0000000093900000|  0%| F|  |TAMS 0x0000000093800000, 0x0000000093800000| Untracked 
| 255|0x0000000093900000, 0x0000000093900000, 0x0000000093a00000|  0%| F|  |TAMS 0x0000000093900000, 0x0000000093900000| Untracked 
| 256|0x0000000093a00000, 0x0000000093a00000, 0x0000000093b00000|  0%| F|  |TAMS 0x0000000093a00000, 0x0000000093a00000| Untracked 
| 257|0x0000000093b00000, 0x0000000093b00000, 0x0000000093c00000|  0%| F|  |TAMS 0x0000000093b00000, 0x0000000093b00000| Untracked 
| 258|0x0000000093c00000, 0x0000000093c00000, 0x0000000093d00000|  0%| F|  |TAMS 0x0000000093c00000, 0x0000000093c00000| Untracked 
| 259|0x0000000093d00000, 0x0000000093d00000, 0x0000000093e00000|  0%| F|  |TAMS 0x0000000093d00000, 0x0000000093d00000| Untracked 
| 260|0x0000000093e00000, 0x0000000093e00000, 0x0000000093f00000|  0%| F|  |TAMS 0x0000000093e00000, 0x0000000093e00000| Untracked 
| 261|0x0000000093f00000, 0x0000000093f00000, 0x0000000094000000|  0%| F|  |TAMS 0x0000000093f00000, 0x0000000093f00000| Untracked 
| 262|0x0000000094000000, 0x0000000094000000, 0x0000000094100000|  0%| F|  |TAMS 0x0000000094000000, 0x0000000094000000| Untracked 
| 263|0x0000000094100000, 0x0000000094100000, 0x0000000094200000|  0%| F|  |TAMS 0x0000000094100000, 0x0000000094100000| Untracked 
| 264|0x0000000094200000, 0x0000000094200000, 0x0000000094300000|  0%| F|  |TAMS 0x0000000094200000, 0x0000000094200000| Untracked 
| 265|0x0000000094300000, 0x0000000094300000, 0x0000000094400000|  0%| F|  |TAMS 0x0000000094300000, 0x0000000094300000| Untracked 
| 266|0x0000000094400000, 0x0000000094400000, 0x0000000094500000|  0%| F|  |TAMS 0x0000000094400000, 0x0000000094400000| Untracked 
| 267|0x0000000094500000, 0x0000000094500000, 0x0000000094600000|  0%| F|  |TAMS 0x0000000094500000, 0x0000000094500000| Untracked 
| 268|0x0000000094600000, 0x0000000094600000, 0x0000000094700000|  0%| F|  |TAMS 0x0000000094600000, 0x0000000094600000| Untracked 
| 269|0x0000000094700000, 0x0000000094700000, 0x0000000094800000|  0%| F|  |TAMS 0x0000000094700000, 0x0000000094700000| Untracked 
| 270|0x0000000094800000, 0x0000000094800000, 0x0000000094900000|  0%| F|  |TAMS 0x0000000094800000, 0x0000000094800000| Untracked 
| 271|0x0000000094900000, 0x0000000094900000, 0x0000000094a00000|  0%| F|  |TAMS 0x0000000094900000, 0x0000000094900000| Untracked 
| 272|0x0000000094a00000, 0x0000000094a00000, 0x0000000094b00000|  0%| F|  |TAMS 0x0000000094a00000, 0x0000000094a00000| Untracked 
| 273|0x0000000094b00000, 0x0000000094b00000, 0x0000000094c00000|  0%| F|  |TAMS 0x0000000094b00000, 0x0000000094b00000| Untracked 
| 274|0x0000000094c00000, 0x0000000094c00000, 0x0000000094d00000|  0%| F|  |TAMS 0x0000000094c00000, 0x0000000094c00000| Untracked 
| 275|0x0000000094d00000, 0x0000000094d00000, 0x0000000094e00000|  0%| F|  |TAMS 0x0000000094d00000, 0x0000000094d00000| Untracked 
| 276|0x0000000094e00000, 0x0000000094e00000, 0x0000000094f00000|  0%| F|  |TAMS 0x0000000094e00000, 0x0000000094e00000| Untracked 
| 277|0x0000000094f00000, 0x0000000094f00000, 0x0000000095000000|  0%| F|  |TAMS 0x0000000094f00000, 0x0000000094f00000| Untracked 
| 278|0x0000000095000000, 0x0000000095000000, 0x0000000095100000|  0%| F|  |TAMS 0x0000000095000000, 0x0000000095000000| Untracked 
| 279|0x0000000095100000, 0x0000000095100000, 0x0000000095200000|  0%| F|  |TAMS 0x0000000095100000, 0x0000000095100000| Untracked 
| 280|0x0000000095200000, 0x0000000095200000, 0x0000000095300000|  0%| F|  |TAMS 0x0000000095200000, 0x0000000095200000| Untracked 
| 281|0x0000000095300000, 0x0000000095300000, 0x0000000095400000|  0%| F|  |TAMS 0x0000000095300000, 0x0000000095300000| Untracked 
| 282|0x0000000095400000, 0x0000000095400000, 0x0000000095500000|  0%| F|  |TAMS 0x0000000095400000, 0x0000000095400000| Untracked 
| 283|0x0000000095500000, 0x0000000095500000, 0x0000000095600000|  0%| F|  |TAMS 0x0000000095500000, 0x0000000095500000| Untracked 
| 284|0x0000000095600000, 0x0000000095600000, 0x0000000095700000|  0%| F|  |TAMS 0x0000000095600000, 0x0000000095600000| Untracked 
| 285|0x0000000095700000, 0x0000000095700000, 0x0000000095800000|  0%| F|  |TAMS 0x0000000095700000, 0x0000000095700000| Untracked 
| 286|0x0000000095800000, 0x000000009589d7d0, 0x0000000095900000| 61%| S|CS|TAMS 0x0000000095800000, 0x0000000095800000| Complete 
| 287|0x0000000095900000, 0x0000000095a00000, 0x0000000095a00000|100%| S|CS|TAMS 0x0000000095900000, 0x0000000095900000| Complete 
| 288|0x0000000095a00000, 0x0000000095a00000, 0x0000000095b00000|  0%| F|  |TAMS 0x0000000095a00000, 0x0000000095a00000| Untracked 
| 289|0x0000000095b00000, 0x0000000095c00000, 0x0000000095c00000|100%| S|CS|TAMS 0x0000000095b00000, 0x0000000095b00000| Complete 
| 290|0x0000000095c00000, 0x0000000095d00000, 0x0000000095d00000|100%| S|CS|TAMS 0x0000000095c00000, 0x0000000095c00000| Complete 
| 291|0x0000000095d00000, 0x0000000095e00000, 0x0000000095e00000|100%| S|CS|TAMS 0x0000000095d00000, 0x0000000095d00000| Complete 
| 292|0x0000000095e00000, 0x0000000095e00000, 0x0000000095f00000|  0%| F|  |TAMS 0x0000000095e00000, 0x0000000095e00000| Untracked 
| 293|0x0000000095f00000, 0x0000000095f00000, 0x0000000096000000|  0%| F|  |TAMS 0x0000000095f00000, 0x0000000095f00000| Untracked 

Card table byte_map: [0x0000019dd15a0000,0x0000019dd1990000] _byte_map_base: 0x0000019dd1183000

Marking Bits (Prev, Next): (CMBitMap*) 0x0000019db9f75ae0, (CMBitMap*) 0x0000019db9f75b20
 Prev Bits: [0x0000019dd1d80000, 0x0000019dd3c98000)
 Next Bits: [0x0000019dd3ca0000, 0x0000019dd5bb8000)

Polling page: 0x0000019db96e0000

Metaspace:

Usage:
  Non-class:     15.92 MB used.
      Class:      1.89 MB used.
       Both:     17.81 MB used.

Virtual space:
  Non-class space:       64.00 MB reserved,      16.00 MB ( 25%) committed,  1 nodes.
      Class space:        1.00 GB reserved,       2.00 MB ( <1%) committed,  1 nodes.
             Both:        1.06 GB reserved,      18.00 MB (  2%) committed. 

Chunk freelists:
   Non-Class:  0 bytes
       Class:  2.00 MB
        Both:  2.00 MB

MaxMetaspaceSize: unlimited
CompressedClassSpaceSize: 1.00 GB
Initial GC threshold: 21.00 MB
Current GC threshold: 29.94 MB
CDS: on
MetaspaceReclaimPolicy: balanced
 - commit_granule_bytes: 65536.
 - commit_granule_words: 8192.
 - virtual_space_node_default_size: 8388608.
 - enlarge_chunks_in_place: 1.
 - new_chunks_are_fully_committed: 0.
 - uncommit_free_chunks: 1.
 - use_allocation_guard: 0.


Internal statistics:

num_allocs_failed_limit: 0.
num_arena_births: 190.
num_arena_deaths: 0.
num_vsnodes_births: 2.
num_vsnodes_deaths: 0.
num_space_committed: 288.
num_space_uncommitted: 0.
num_chunks_returned_to_freelist: 0.
num_chunks_taken_from_freelist: 356.
num_chunk_merges: 0.
num_chunk_splits: 232.
num_chunks_enlarged: 168.
num_inconsistent_stats: 0.

CodeHeap 'non-profiled nmethods': size=120000Kb used=889Kb max_used=889Kb free=119110Kb
 bounds [0x0000019dc9950000, 0x0000019dc9bc0000, 0x0000019dd0e80000]
CodeHeap 'profiled nmethods': size=120000Kb used=4665Kb max_used=4665Kb free=115334Kb
 bounds [0x0000019dc1e80000, 0x0000019dc2310000, 0x0000019dc93b0000]
CodeHeap 'non-nmethods': size=5760Kb used=1495Kb max_used=1536Kb free=4265Kb
 bounds [0x0000019dc93b0000, 0x0000019dc9620000, 0x0000019dc9950000]
 total_blobs=3259 nmethods=2506 adapters=663
 compilation: enabled
              stopped_count=0, restarted_count=0
 full_count=0

Compilation events (20 events):
Event: 11.804 Thread 0x0000019dd85f6f30 2498       3       javax.swing.JComponent::firePropertyChange (8 bytes)
Event: 11.805 Thread 0x0000019dd85f6f30 nmethod 2498 0x0000019dc2305810 code [0x0000019dc23059c0, 0x0000019dc2305b08]
Event: 11.805 Thread 0x0000019dd85f6f30 2501       3       java.awt.Component::isMixingNeeded (177 bytes)
Event: 11.807 Thread 0x0000019dd85f6f30 nmethod 2501 0x0000019dc2305b90 code [0x0000019dc23062a0, 0x0000019dc230a608]
Event: 11.807 Thread 0x0000019dd85f6f30 2499       3       java.awt.Component::firePropertyChange (26 bytes)
Event: 11.807 Thread 0x0000019dd85f6f30 nmethod 2499 0x0000019dc230b790 code [0x0000019dc230b960, 0x0000019dc230be68]
Event: 11.807 Thread 0x0000019dd85f6f30 2500       3       java.awt.Component::numListening (97 bytes)
Event: 11.807 Thread 0x0000019dd85f6f30 nmethod 2500 0x0000019dc230c010 code [0x0000019dc230c200, 0x0000019dc230c898]
Event: 11.807 Thread 0x0000019dd85f6f30 2502  s    3       sun.awt.SunToolkit::getSunAwtDisableMixing (32 bytes)
Event: 11.808 Thread 0x0000019dd85f6f30 nmethod 2502 0x0000019dc230ca10 code [0x0000019dc230cc60, 0x0000019dc230d648]
Event: 11.808 Thread 0x0000019dd85f6f30 2503       1       java.util.Calendar::getFirstDayOfWeek (5 bytes)
Event: 11.808 Thread 0x0000019dd85f6f30 nmethod 2503 0x0000019dc9a2df10 code [0x0000019dc9a2e0a0, 0x0000019dc9a2e158]
Event: 11.808 Thread 0x0000019dd85f6f30 2504       1       java.util.Calendar::getMinimalDaysInFirstWeek (5 bytes)
Event: 11.808 Thread 0x0000019dd85f6f30 nmethod 2504 0x0000019dc9a2e210 code [0x0000019dc9a2e3a0, 0x0000019dc9a2e458]
Event: 11.810 Thread 0x0000019dd85f6f30 2505       3       jdk.internal.misc.VM::isModuleSystemInited (13 bytes)
Event: 11.810 Thread 0x0000019dd85f6f30 nmethod 2505 0x0000019dc230d990 code [0x0000019dc230db20, 0x0000019dc230dc78]
Event: 11.810 Thread 0x0000019dd85f6f30 2506       3       java.lang.StringUTF16::checkIndex (9 bytes)
Event: 11.811 Thread 0x0000019dd85f6f30 nmethod 2506 0x0000019dc230dd10 code [0x0000019dc230dec0, 0x0000019dc230e0b8]
Event: 11.812 Thread 0x0000019dd85f6f30 2507       3       java.nio.ByteBuffer::hasArray (20 bytes)
Event: 11.812 Thread 0x0000019dd85f6f30 nmethod 2507 0x0000019dc230e210 code [0x0000019dc230e3a0, 0x0000019dc230e558]

GC Heap History (20 events):
Event: 1.599 GC heap after
{Heap after GC invocations=7 (full 0):
 garbage-first heap   total 177152K, used 77491K [0x0000000083a00000, 0x0000000100000000)
  region size 1024K, 1 young (1024K), 1 survivors (1024K)
 Metaspace       used 6410K, committed 6592K, reserved 1114112K
  class space    used 679K, committed 768K, reserved 1048576K
}
Event: 6.154 GC heap before
{Heap before GC invocations=7 (full 0):
 garbage-first heap   total 177152K, used 94899K [0x0000000083a00000, 0x0000000100000000)
  region size 1024K, 12 young (12288K), 1 survivors (1024K)
 Metaspace       used 8453K, committed 8704K, reserved 1114112K
  class space    used 913K, committed 1024K, reserved 1048576K
}
Event: 6.158 GC heap after
{Heap after GC invocations=8 (full 0):
 garbage-first heap   total 177152K, used 86842K [0x0000000083a00000, 0x0000000100000000)
  region size 1024K, 2 young (2048K), 2 survivors (2048K)
 Metaspace       used 8453K, committed 8704K, reserved 1114112K
  class space    used 913K, committed 1024K, reserved 1048576K
}
Event: 6.182 GC heap before
{Heap before GC invocations=9 (full 0):
 garbage-first heap   total 177152K, used 96058K [0x0000000083a00000, 0x0000000100000000)
  region size 1024K, 8 young (8192K), 2 survivors (2048K)
 Metaspace       used 8454K, committed 8704K, reserved 1114112K
  class space    used 913K, committed 1024K, reserved 1048576K
}
Event: 6.184 GC heap after
{Heap after GC invocations=10 (full 0):
 garbage-first heap   total 177152K, used 90975K [0x0000000083a00000, 0x0000000100000000)
  region size 1024K, 2 young (2048K), 2 survivors (2048K)
 Metaspace       used 8454K, committed 8704K, reserved 1114112K
  class space    used 913K, committed 1024K, reserved 1048576K
}
Event: 8.475 GC heap before
{Heap before GC invocations=11 (full 0):
 garbage-first heap   total 177152K, used 104287K [0x0000000083a00000, 0x0000000100000000)
  region size 1024K, 16 young (16384K), 2 survivors (2048K)
 Metaspace       used 17662K, committed 17856K, reserved 1114112K
  class space    used 1899K, committed 1984K, reserved 1048576K
}
Event: 8.482 GC heap after
{Heap after GC invocations=12 (full 0):
 garbage-first heap   total 177152K, used 94732K [0x0000000083a00000, 0x0000000100000000)
  region size 1024K, 5 young (5120K), 5 survivors (5120K)
 Metaspace       used 17662K, committed 17856K, reserved 1114112K
  class space    used 1899K, committed 1984K, reserved 1048576K
}
Event: 8.535 GC heap before
{Heap before GC invocations=13 (full 0):
 garbage-first heap   total 177152K, used 101900K [0x0000000083a00000, 0x0000000100000000)
  region size 1024K, 10 young (10240K), 5 survivors (5120K)
 Metaspace       used 17684K, committed 17856K, reserved 1114112K
  class space    used 1901K, committed 1984K, reserved 1048576K
}
Event: 8.540 GC heap after
{Heap after GC invocations=14 (full 0):
 garbage-first heap   total 177152K, used 97855K [0x0000000083a00000, 0x0000000100000000)
  region size 1024K, 4 young (4096K), 4 survivors (4096K)
 Metaspace       used 17684K, committed 17856K, reserved 1114112K
  class space    used 1901K, committed 1984K, reserved 1048576K
}
Event: 9.934 GC heap before
{Heap before GC invocations=15 (full 0):
 garbage-first heap   total 177152K, used 101951K [0x0000000083a00000, 0x0000000100000000)
  region size 1024K, 8 young (8192K), 4 survivors (4096K)
 Metaspace       used 17872K, committed 18112K, reserved 1114112K
  class space    used 1911K, committed 2048K, reserved 1048576K
}
Event: 9.940 GC heap after
{Heap after GC invocations=16 (full 0):
 garbage-first heap   total 216064K, used 99213K [0x0000000083a00000, 0x0000000100000000)
  region size 1024K, 5 young (5120K), 5 survivors (5120K)
 Metaspace       used 17872K, committed 18112K, reserved 1114112K
  class space    used 1911K, committed 2048K, reserved 1048576K
}
Event: 9.950 GC heap before
{Heap before GC invocations=16 (full 0):
 garbage-first heap   total 216064K, used 103309K [0x0000000083a00000, 0x0000000100000000)
  region size 1024K, 8 young (8192K), 5 survivors (5120K)
 Metaspace       used 17872K, committed 18112K, reserved 1114112K
  class space    used 1911K, committed 2048K, reserved 1048576K
}
Event: 9.956 GC heap after
{Heap after GC invocations=17 (full 0):
 garbage-first heap   total 216064K, used 101030K [0x0000000083a00000, 0x0000000100000000)
  region size 1024K, 4 young (4096K), 4 survivors (4096K)
 Metaspace       used 17872K, committed 18112K, reserved 1114112K
  class space    used 1911K, committed 2048K, reserved 1048576K
}
Event: 11.291 GC heap before
{Heap before GC invocations=18 (full 0):
 garbage-first heap   total 216064K, used 107174K [0x0000000083a00000, 0x0000000100000000)
  region size 1024K, 9 young (9216K), 4 survivors (4096K)
 Metaspace       used 18168K, committed 18368K, reserved 1114112K
  class space    used 1927K, committed 2048K, reserved 1048576K
}
Event: 11.296 GC heap after
{Heap after GC invocations=19 (full 0):
 garbage-first heap   total 216064K, used 103056K [0x0000000083a00000, 0x0000000100000000)
  region size 1024K, 4 young (4096K), 4 survivors (4096K)
 Metaspace       used 18168K, committed 18368K, reserved 1114112K
  class space    used 1927K, committed 2048K, reserved 1048576K
}
Event: 11.745 GC heap before
{Heap before GC invocations=20 (full 0):
 garbage-first heap   total 281600K, used 246416K [0x0000000083a00000, 0x0000000100000000)
  region size 1024K, 84 young (86016K), 4 survivors (4096K)
 Metaspace       used 18168K, committed 18368K, reserved 1114112K
  class space    used 1927K, committed 2048K, reserved 1048576K
}
Event: 11.750 GC heap after
{Heap after GC invocations=21 (full 0):
 garbage-first heap   total 281600K, used 166929K [0x0000000083a00000, 0x0000000100000000)
  region size 1024K, 5 young (5120K), 5 survivors (5120K)
 Metaspace       used 18168K, committed 18368K, reserved 1114112K
  class space    used 1927K, committed 2048K, reserved 1048576K
}
Event: 11.773 GC heap before
{Heap before GC invocations=22 (full 0):
 garbage-first heap   total 295936K, used 182289K [0x0000000083a00000, 0x0000000100000000)
  region size 1024K, 13 young (13312K), 5 survivors (5120K)
 Metaspace       used 18168K, committed 18368K, reserved 1114112K
  class space    used 1927K, committed 2048K, reserved 1048576K
}
Event: 11.778 GC heap after
{Heap after GC invocations=23 (full 0):
 garbage-first heap   total 295936K, used 174998K [0x0000000083a00000, 0x0000000100000000)
  region size 1024K, 5 young (5120K), 5 survivors (5120K)
 Metaspace       used 18168K, committed 18368K, reserved 1114112K
  class space    used 1927K, committed 2048K, reserved 1048576K
}
Event: 11.812 GC heap before
{Heap before GC invocations=24 (full 0):
 garbage-first heap   total 301056K, used 180118K [0x0000000083a00000, 0x0000000100000000)
  region size 1024K, 8 young (8192K), 5 survivors (5120K)
 Metaspace       used 18238K, committed 18432K, reserved 1114112K
  class space    used 1934K, committed 2048K, reserved 1048576K
}

Dll operation events (12 events):
Event: 0.009 Loaded shared library C:\Program Files\Java\jdk-19\bin\java.dll
Event: 0.019 Loaded shared library C:\Program Files\Java\jdk-19\bin\jsvml.dll
Event: 0.068 Loaded shared library C:\Program Files\Java\jdk-19\bin\net.dll
Event: 0.069 Loaded shared library C:\Program Files\Java\jdk-19\bin\nio.dll
Event: 0.091 Loaded shared library C:\Program Files\Java\jdk-19\bin\zip.dll
Event: 0.103 Loaded shared library C:\Program Files\Java\jdk-19\bin\jimage.dll
Event: 0.114 Loaded shared library C:\Program Files\Java\jdk-19\bin\awt.dll
Event: 0.361 Loaded shared library C:\Program Files\Java\jdk-19\bin\javajpeg.dll
Event: 1.530 Loaded shared library C:\Program Files\Java\jdk-19\bin\freetype.dll
Event: 1.531 Loaded shared library C:\Program Files\Java\jdk-19\bin\fontmanager.dll
Event: 6.381 Loaded shared library C:\Program Files\Java\jdk-19\bin\extnet.dll
Event: 6.773 Loaded shared library C:\Program Files\Java\jdk-19\bin\sunmscapi.dll

Deoptimization events (20 events):
Event: 9.976 Thread 0x0000019ddcbfe140 DEOPT PACKING pc=0x0000019dc21e8091 sp=0x0000006f523fd330
Event: 9.976 Thread 0x0000019ddcbfe140 DEOPT UNPACKING pc=0x0000019dc941b0e3 sp=0x0000006f523fc760 mode 0
Event: 9.978 Thread 0x0000019ddcbfe140 DEOPT PACKING pc=0x0000019dc21e8091 sp=0x0000006f523fd1e0
Event: 9.978 Thread 0x0000019ddcbfe140 DEOPT UNPACKING pc=0x0000019dc941b0e3 sp=0x0000006f523fc610 mode 0
Event: 10.013 Thread 0x0000019ddcbfe140 Uncommon trap: trap_request=0xffffff45 fr.pc=0x0000019dc999e8ac relative=0x00000000000002ec
Event: 10.014 Thread 0x0000019ddcbfe140 Uncommon trap: reason=unstable_if action=reinterpret pc=0x0000019dc999e8ac method=java.util.concurrent.ConcurrentHashMap.get(Ljava/lang/Object;)Ljava/lang/Object; @ 152 c2
Event: 10.014 Thread 0x0000019ddcbfe140 DEOPT PACKING pc=0x0000019dc999e8ac sp=0x0000006f523fd980
Event: 10.014 Thread 0x0000019ddcbfe140 DEOPT UNPACKING pc=0x0000019dc941a5a3 sp=0x0000006f523fd8f8 mode 2
Event: 10.014 Thread 0x0000019ddcbfe140 Uncommon trap: trap_request=0xffffffde fr.pc=0x0000019dc9a02344 relative=0x0000000000000c24
Event: 10.014 Thread 0x0000019ddcbfe140 Uncommon trap: reason=class_check action=maybe_recompile pc=0x0000019dc9a02344 method=java.util.concurrent.ConcurrentHashMap.putVal(Ljava/lang/Object;Ljava/lang/Object;Z)Ljava/lang/Object; @ 242 c2
Event: 10.014 Thread 0x0000019ddcbfe140 DEOPT PACKING pc=0x0000019dc9a02344 sp=0x0000006f523fd930
Event: 10.014 Thread 0x0000019ddcbfe140 DEOPT UNPACKING pc=0x0000019dc941a5a3 sp=0x0000006f523fd890 mode 2
Event: 11.810 Thread 0x0000019ddcbd0010 Uncommon trap: trap_request=0xffffff45 fr.pc=0x0000019dc9992648 relative=0x0000000000000268
Event: 11.810 Thread 0x0000019ddcbd0010 Uncommon trap: reason=unstable_if action=reinterpret pc=0x0000019dc9992648 method=java.awt.ImageMediaEntry.parseflags(I)I @ 4 c2
Event: 11.810 Thread 0x0000019ddcbd0010 DEOPT PACKING pc=0x0000019dc9992648 sp=0x0000006f51aff0e0
Event: 11.810 Thread 0x0000019ddcbd0010 DEOPT UNPACKING pc=0x0000019dc941a5a3 sp=0x0000006f51afecd0 mode 2
Event: 11.811 Thread 0x0000019ddde381a0 Uncommon trap: trap_request=0xffffff45 fr.pc=0x0000019dc99930e8 relative=0x0000000000000208
Event: 11.811 Thread 0x0000019ddde381a0 Uncommon trap: reason=unstable_if action=reinterpret pc=0x0000019dc99930e8 method=java.awt.ImageMediaEntry.parseflags(I)I @ 4 c2
Event: 11.811 Thread 0x0000019ddde381a0 DEOPT PACKING pc=0x0000019dc99930e8 sp=0x0000006f524ff090
Event: 11.811 Thread 0x0000019ddde381a0 DEOPT UNPACKING pc=0x0000019dc941a5a3 sp=0x0000006f524fed00 mode 2

Classes loaded (20 events):
Event: 11.801 Loading class javax/accessibility/AccessibleComponent done
Event: 11.802 Loading class javax/accessibility/AccessibleValue
Event: 11.802 Loading class javax/accessibility/AccessibleValue done
Event: 11.802 Loading class javax/accessibility/AccessibleContext
Event: 11.803 Loading class javax/accessibility/AccessibleContext done
Event: 11.803 Loading class javax/swing/JTabbedPane$Page done
Event: 11.803 Loading class javax/accessibility/AccessibleContext$1
Event: 11.803 Loading class sun/awt/AWTAccessor$AccessibleContextAccessor
Event: 11.803 Loading class sun/awt/AWTAccessor$AccessibleContextAccessor done
Event: 11.803 Loading class javax/accessibility/AccessibleContext$1 done
Event: 11.803 Loading class javax/accessibility/AccessibleRelationSet
Event: 11.804 Loading class javax/accessibility/AccessibleRelationSet done
Event: 11.809 Loading class sun/awt/image/ImageFormatException
Event: 11.809 Loading class sun/awt/image/ImageFormatException done
Event: 11.809 Loading class java/lang/Throwable$WrappedPrintStream
Event: 11.809 Loading class java/lang/Throwable$PrintStreamOrWriter
Event: 11.809 Loading class java/lang/Throwable$PrintStreamOrWriter done
Event: 11.809 Loading class java/lang/Throwable$WrappedPrintStream done
Event: 11.810 Loading class java/lang/StackTraceElement$HashedModules
Event: 11.810 Loading class java/lang/StackTraceElement$HashedModules done

Classes unloaded (0 events):
No events

Classes redefined (0 events):
No events

Internal exceptions (20 events):
Event: 0.183 Thread 0x0000019db9f17ed0 Exception <a 'java/lang/NoSuchMethodError'{0x000000008b33b7a8}: 'void java.lang.invoke.DirectMethodHandle$Holder.invokeSpecial(java.lang.Object, java.lang.Object, java.lang.Object)'> (0x000000008b33b7a8) 
thrown [s\open\src\hotspot\share\interpreter\linkResolver.cpp, line 774]
Event: 0.192 Thread 0x0000019db9f17ed0 Exception <a 'java/lang/NoSuchMethodError'{0x000000008b366328}: 'java.lang.Object java.lang.invoke.DirectMethodHandle$Holder.newInvokeSpecial(java.lang.Object, java.lang.Object, java.lang.Object, java.lang.Object, java.lang.Object)'> (0x000000008b366328) 
thrown [s\open\src\hotspot\share\interpreter\linkResolver.cpp, line 774]
Event: 0.197 Thread 0x0000019db9f17ed0 Exception <a 'java/lang/NoSuchMethodError'{0x000000008b397ff0}: 'java.lang.Object java.lang.invoke.DirectMethodHandle$Holder.invokeStatic(java.lang.Object, int, java.lang.Object)'> (0x000000008b397ff0) 
thrown [s\open\src\hotspot\share\interpreter\linkResolver.cpp, line 774]
Event: 0.215 Thread 0x0000019db9f17ed0 Exception <a 'java/lang/ClassNotFoundException'{0x000000008b2540d8}: com/sun/swing/internal/plaf/metal/resources/spi/metalProvider> (0x000000008b2540d8) 
thrown [s\open\src\hotspot\share\classfile\systemDictionary.cpp, line 255]
Event: 0.216 Thread 0x0000019db9f17ed0 Exception <a 'java/lang/ClassNotFoundException'{0x000000008b258008}: com/sun/swing/internal/plaf/basic/resources/spi/basicProvider> (0x000000008b258008) 
thrown [s\open\src\hotspot\share\classfile\systemDictionary.cpp, line 255]
Event: 0.222 Thread 0x0000019db9f17ed0 Exception <a 'java/lang/NoSuchMethodError'{0x000000008b277f88}: 'int java.lang.invoke.Invokers$Holder.invokeExact_MT(java.lang.Object, java.lang.Object)'> (0x000000008b277f88) 
thrown [s\open\src\hotspot\share\interpreter\linkResolver.cpp, line 774]
Event: 0.283 Thread 0x0000019ddcbd0010 Exception <a 'java/lang/NoSuchMethodError'{0x000000008b088660}: 'java.lang.Object java.lang.invoke.DirectMethodHandle$Holder.newInvokeSpecial(java.lang.Object, java.lang.Object, java.lang.Object, int, int, int, int, int)'> (0x000000008b088660) 
thrown [s\open\src\hotspot\share\interpreter\linkResolver.cpp, line 774]
Event: 1.496 Thread 0x0000019ddca52d90 Exception <a 'java/lang/NoSuchMethodError'{0x000000008b408558}: 'void java.lang.invoke.DirectMethodHandle$Holder.invokeVirtual(java.lang.Object, java.lang.Object)'> (0x000000008b408558) 
thrown [s\open\src\hotspot\share\interpreter\linkResolver.cpp, line 774]
Event: 1.521 Thread 0x0000019db9f17ed0 Exception <a 'java/lang/NoSuchMethodError'{0x000000008b5a8828}: 'void java.lang.invoke.DirectMethodHandle$Holder.invokeStaticInit(java.lang.Object)'> (0x000000008b5a8828) 
thrown [s\open\src\hotspot\share\interpreter\linkResolver.cpp, line 774]
Event: 6.228 Thread 0x0000019ddcbfe140 Implicit null exception at 0x0000019dc99b0c7f to 0x0000019dc99b0d1c
Event: 6.253 Thread 0x0000019ddcbfe140 Exception <a 'java/lang/NoSuchMethodError'{0x000000008e45a700}: 'java.lang.Object java.lang.invoke.DirectMethodHandle$Holder.invokeInterface(java.lang.Object, java.lang.Object)'> (0x000000008e45a700) 
thrown [s\open\src\hotspot\share\interpreter\linkResolver.cpp, line 774]
Event: 6.287 Thread 0x0000019ddcbfe140 Exception <a 'java/lang/NoSuchMethodError'{0x000000008e4d3020}: 'void java.lang.invoke.DirectMethodHandle$Holder.invokeStatic(java.lang.Object, java.lang.Object, java.lang.Object)'> (0x000000008e4d3020) 
thrown [s\open\src\hotspot\share\interpreter\linkResolver.cpp, line 774]
Event: 6.289 Thread 0x0000019ddcbfe140 Exception <a 'java/lang/NoSuchMethodError'{0x000000008e4dd0b8}: 'java.lang.Object java.lang.invoke.DirectMethodHandle$Holder.invokeVirtual(java.lang.Object, java.lang.Object, java.lang.Object)'> (0x000000008e4dd0b8) 
thrown [s\open\src\hotspot\share\interpreter\linkResolver.cpp, line 774]
Event: 6.383 Thread 0x0000019ddcbfe140 Exception <a 'java/lang/NoSuchMethodError'{0x000000008e1d1668}: 'void java.lang.invoke.DirectMethodHandle$Holder.invokeStatic(java.lang.Object, java.lang.Object)'> (0x000000008e1d1668) 
thrown [s\open\src\hotspot\share\interpreter\linkResolver.cpp, line 774]
Event: 6.472 Thread 0x0000019ddcbfe140 Exception <a 'java/lang/NoSuchMethodError'{0x000000008dd61338}: 'void java.lang.invoke.DirectMethodHandle$Holder.invokeStaticInit(java.lang.Object, java.lang.Object)'> (0x000000008dd61338) 
thrown [s\open\src\hotspot\share\interpreter\linkResolver.cpp, line 774]
Event: 6.554 Thread 0x0000019ddcbfe140 Exception <a 'sun/nio/fs/WindowsException'{0x000000008dc89fb0}> (0x000000008dc89fb0) 
thrown [s\open\src\hotspot\share\prims\jni.cpp, line 517]
Event: 6.627 Thread 0x0000019ddcbfe140 Exception <a 'java/lang/NoSuchMethodError'{0x000000008db41ac8}: 'java.lang.Object java.lang.invoke.DirectMethodHandle$Holder.invokeStaticInit(java.lang.Object, int, int, int, int)'> (0x000000008db41ac8) 
thrown [s\open\src\hotspot\share\interpreter\linkResolver.cpp, line 774]
Event: 6.724 Thread 0x0000019ddcbfe140 Exception <a 'java/lang/NoSuchMethodError'{0x000000008dbb04e0}: 'java.lang.Object java.lang.invoke.DirectMethodHandle$Holder.invokeStaticInit(java.lang.Object, java.lang.Object, int, int, int, int)'> (0x000000008dbb04e0) 
thrown [s\open\src\hotspot\share\interpreter\linkResolver.cpp, line 774]
Event: 11.809 Thread 0x0000019ddcbd0010 Exception <a 'sun/awt/image/ImageFormatException'{0x0000000095ecc8b8}: Insufficient memory (case 4)> (0x0000000095ecc8b8) 
thrown [s\open\src\hotspot\share\prims\jni.cpp, line 536]
Event: 11.811 Thread 0x0000019ddde381a0 Exception <a 'sun/awt/image/ImageFormatException'{0x0000000095e61578}: Insufficient memory (case 4)> (0x0000000095e61578) 
thrown [s\open\src\hotspot\share\prims\jni.cpp, line 536]

VM Operations (20 events):
Event: 10.973 Executing VM operation: Cleanup done
Event: 11.291 Executing VM operation: G1TryInitiateConcMark
Event: 11.296 Executing VM operation: G1TryInitiateConcMark done
Event: 11.301 Executing VM operation: G1PauseRemark
Event: 11.317 Executing VM operation: G1PauseRemark done
Event: 11.319 Executing VM operation: G1PauseCleanup
Event: 11.319 Executing VM operation: G1PauseCleanup done
Event: 11.745 Executing VM operation: G1TryInitiateConcMark
Event: 11.750 Executing VM operation: G1TryInitiateConcMark done
Event: 11.753 Executing VM operation: G1PauseRemark
Event: 11.755 Executing VM operation: G1PauseRemark done
Event: 11.757 Executing VM operation: G1PauseCleanup
Event: 11.757 Executing VM operation: G1PauseCleanup done
Event: 11.773 Executing VM operation: G1TryInitiateConcMark
Event: 11.778 Executing VM operation: G1TryInitiateConcMark done
Event: 11.783 Executing VM operation: G1PauseRemark
Event: 11.785 Executing VM operation: G1PauseRemark done
Event: 11.786 Executing VM operation: G1PauseCleanup
Event: 11.787 Executing VM operation: G1PauseCleanup done
Event: 11.812 Executing VM operation: G1TryInitiateConcMark

Events (20 events):
Event: 0.159 Thread 0x0000019ddca52850 Thread added: 0x0000019ddca52850
Event: 0.160 Thread 0x0000019ddcb015b0 Thread added: 0x0000019ddcb015b0
Event: 0.161 Thread 0x0000019ddca52d90 Thread added: 0x0000019ddca52d90
Event: 0.227 Thread 0x0000019ddcbd0010 Thread added: 0x0000019ddcbd0010
Event: 1.157 Thread 0x0000019ddcb015b0 Thread exited: 0x0000019ddcb015b0
Event: 1.481 Thread 0x0000019ddd6856a0 Thread added: 0x0000019ddd6856a0
Event: 1.482 Thread 0x0000019ddcbfe140 Thread added: 0x0000019ddcbfe140
Event: 1.586 Thread 0x0000019db9f17ed0 Thread exited: 0x0000019db9f17ed0
Event: 1.586 Thread 0x0000019db9f17ed0 Thread added: 0x0000019db9f17ed0
Event: 2.526 Thread 0x0000019ddd86c100 Thread added: 0x0000019ddd86c100
Event: 4.528 Thread 0x0000019ddd86c100 Thread exited: 0x0000019ddd86c100
Event: 6.171 Thread 0x0000019ddde381a0 Thread added: 0x0000019ddde381a0
Event: 6.218 Thread 0x0000019ddd935b50 Thread added: 0x0000019ddd935b50
Event: 6.266 Thread 0x0000019dddd898f0 Thread added: 0x0000019dddd898f0
Event: 7.685 Thread 0x0000019dddd898f0 Thread exited: 0x0000019dddd898f0
Event: 8.509 Thread 0x0000019ddc962f50 Thread added: 0x0000019ddc962f50
Event: 8.697 Thread 0x0000019dde64d910 Thread added: 0x0000019dde64d910
Event: 9.218 Thread 0x0000019ddc962f50 Thread exited: 0x0000019ddc962f50
Event: 9.970 Thread 0x0000019ddeac0d10 Thread added: 0x0000019ddeac0d10
Event: 10.449 Thread 0x0000019ddeac0d10 Thread exited: 0x0000019ddeac0d10


Dynamic libraries:
0x00007ff777f30000 - 0x00007ff777f40000 	C:\Program Files\Java\jdk-19\bin\java.exe
0x00007ff85c270000 - 0x00007ff85c484000 	C:\WINDOWS\SYSTEM32\ntdll.dll
0x00007ff85a9b0000 - 0x00007ff85aa74000 	C:\WINDOWS\System32\KERNEL32.DLL
0x00007ff859a90000 - 0x00007ff859e34000 	C:\WINDOWS\System32\KERNELBASE.dll
0x00007ff859970000 - 0x00007ff859a81000 	C:\WINDOWS\System32\ucrtbase.dll
0x00007ff856580000 - 0x00007ff85659b000 	C:\Program Files\Java\jdk-19\bin\VCRUNTIME140.dll
0x00007ff84e550000 - 0x00007ff84e568000 	C:\Program Files\Java\jdk-19\bin\jli.dll
0x00007ff85a140000 - 0x00007ff85a1f0000 	C:\WINDOWS\System32\ADVAPI32.dll
0x00007ff85af00000 - 0x00007ff85afa7000 	C:\WINDOWS\System32\msvcrt.dll
0x00007ff85a090000 - 0x00007ff85a136000 	C:\WINDOWS\System32\sechost.dll
0x00007ff85afb0000 - 0x00007ff85b0c7000 	C:\WINDOWS\System32\RPCRT4.dll
0x00007ff85bc70000 - 0x00007ff85be1a000 	C:\WINDOWS\System32\USER32.dll
0x00007ff859650000 - 0x00007ff859676000 	C:\WINDOWS\System32\win32u.dll
0x00007ff85bf60000 - 0x00007ff85bf89000 	C:\WINDOWS\System32\GDI32.dll
0x00007ff83b970000 - 0x00007ff83bbff000 	C:\WINDOWS\WinSxS\amd64_microsoft.windows.common-controls_6595b64144ccf1df_6.0.22621.2070_none_2713e6537381f706\COMCTL32.dll
0x00007ff859850000 - 0x00007ff859969000 	C:\WINDOWS\System32\gdi32full.dll
0x00007ff8596f0000 - 0x00007ff85978a000 	C:\WINDOWS\System32\msvcp_win.dll
0x00007ff853160000 - 0x00007ff85316a000 	C:\WINDOWS\SYSTEM32\VERSION.dll
0x00007ff85a790000 - 0x00007ff85a7c1000 	C:\WINDOWS\System32\IMM32.DLL
0x00007ff856540000 - 0x00007ff85654c000 	C:\Program Files\Java\jdk-19\bin\vcruntime140_1.dll
0x00007ff845c00000 - 0x00007ff845c8e000 	C:\Program Files\Java\jdk-19\bin\msvcp140.dll
0x00007ff81c400000 - 0x00007ff81d0c0000 	C:\Program Files\Java\jdk-19\bin\server\jvm.dll
0x00007ff84f220000 - 0x00007ff84f229000 	C:\WINDOWS\SYSTEM32\WSOCK32.dll
0x00007ff85bac0000 - 0x00007ff85bb31000 	C:\WINDOWS\System32\WS2_32.dll
0x00007ff852880000 - 0x00007ff8528b4000 	C:\WINDOWS\SYSTEM32\WINMM.dll
0x00007ff858640000 - 0x00007ff858658000 	C:\WINDOWS\SYSTEM32\kernel.appcore.dll
0x00007ff8547a0000 - 0x00007ff8547aa000 	C:\Program Files\Java\jdk-19\bin\jimage.dll
0x00007ff856f80000 - 0x00007ff8571ae000 	C:\WINDOWS\SYSTEM32\DBGHELP.DLL
0x00007ff85a390000 - 0x00007ff85a71a000 	C:\WINDOWS\System32\combase.dll
0x00007ff85a820000 - 0x00007ff85a8f7000 	C:\WINDOWS\System32\OLEAUT32.dll
0x00007ff841330000 - 0x00007ff841362000 	C:\WINDOWS\SYSTEM32\dbgcore.DLL
0x00007ff859e40000 - 0x00007ff859eba000 	C:\WINDOWS\System32\bcryptPrimitives.dll
0x00007ff8540d0000 - 0x00007ff8540f6000 	C:\Program Files\Java\jdk-19\bin\java.dll
0x00007ff83e910000 - 0x00007ff83e9e7000 	C:\Program Files\Java\jdk-19\bin\jsvml.dll
0x00007ff85b2a0000 - 0x00007ff85bab6000 	C:\WINDOWS\System32\SHELL32.dll
0x00007ff857620000 - 0x00007ff857f0a000 	C:\WINDOWS\SYSTEM32\windows.storage.dll
0x00007ff8574e0000 - 0x00007ff85761e000 	C:\WINDOWS\SYSTEM32\wintypes.dll
0x00007ff85a290000 - 0x00007ff85a383000 	C:\WINDOWS\System32\SHCORE.dll
0x00007ff85a030000 - 0x00007ff85a08e000 	C:\WINDOWS\System32\shlwapi.dll
0x00007ff859580000 - 0x00007ff8595a6000 	C:\WINDOWS\SYSTEM32\profapi.dll
0x00007ff854730000 - 0x00007ff854743000 	C:\Program Files\Java\jdk-19\bin\net.dll
0x00007ff852b50000 - 0x00007ff852c87000 	C:\WINDOWS\SYSTEM32\WINHTTP.dll
0x00007ff858b10000 - 0x00007ff858b79000 	C:\WINDOWS\system32\mswsock.dll
0x00007ff84f740000 - 0x00007ff84f756000 	C:\Program Files\Java\jdk-19\bin\nio.dll
0x00007ff84f150000 - 0x00007ff84f168000 	C:\Program Files\Java\jdk-19\bin\zip.dll
0x00007ff82b5a0000 - 0x00007ff82b731000 	C:\Program Files\Java\jdk-19\bin\awt.dll
0x00007ff856610000 - 0x00007ff8566a7000 	C:\WINDOWS\SYSTEM32\apphelp.dll
0x00007ff856bf0000 - 0x00007ff856c1b000 	C:\WINDOWS\system32\DWMAPI.DLL
0x00007ff8567e0000 - 0x00007ff85688b000 	C:\WINDOWS\system32\uxtheme.dll
0x00007ff847980000 - 0x00007ff847a80000 	C:\WINDOWS\system32\opengl32.dll
0x00007ff848e30000 - 0x00007ff848e5d000 	C:\WINDOWS\SYSTEM32\GLU32.dll
0x00007ff8568c0000 - 0x00007ff8568f8000 	C:\WINDOWS\SYSTEM32\dxcore.dll
0x00007ff85bb40000 - 0x00007ff85bc67000 	C:\WINDOWS\System32\MSCTF.dll
0x00007ff85bf90000 - 0x00007ff85c12c000 	C:\WINDOWS\System32\ole32.dll
0x00007ff849ad0000 - 0x00007ff849afe000 	C:\Program Files\Java\jdk-19\bin\javajpeg.dll
0x00007ff83feb0000 - 0x00007ff83ff36000 	C:\Program Files\Java\jdk-19\bin\freetype.dll
0x00007ff83f080000 - 0x00007ff83f146000 	C:\Program Files\Java\jdk-19\bin\fontmanager.dll
0x00007ff84e8f0000 - 0x00007ff84ea1d000 	C:\WINDOWS\SYSTEM32\textinputframework.dll
0x00007ff8561e0000 - 0x00007ff856313000 	C:\WINDOWS\SYSTEM32\CoreMessaging.dll
0x00007ff8524a0000 - 0x00007ff85280c000 	C:\WINDOWS\SYSTEM32\CoreUIComponents.dll
0x00007ff858d80000 - 0x00007ff858d8c000 	C:\WINDOWS\SYSTEM32\CRYPTBASE.DLL
0x00007ff858230000 - 0x00007ff858323000 	C:\WINDOWS\SYSTEM32\DNSAPI.dll
0x00007ff8581b0000 - 0x00007ff8581dd000 	C:\WINDOWS\SYSTEM32\IPHLPAPI.DLL
0x00007ff85a1f0000 - 0x00007ff85a1f9000 	C:\WINDOWS\System32\NSI.dll
0x00007ff8508d0000 - 0x00007ff8508da000 	C:\Windows\System32\rasadhlp.dll
0x00007ff851070000 - 0x00007ff8510f4000 	C:\WINDOWS\System32\fwpuclnt.dll
0x00007ff853dd0000 - 0x00007ff853dd8000 	C:\Program Files\Java\jdk-19\bin\extnet.dll
0x00007ff858d60000 - 0x00007ff858d7b000 	C:\WINDOWS\SYSTEM32\CRYPTSP.dll
0x00007ff858600000 - 0x00007ff858635000 	C:\WINDOWS\system32\rsaenh.dll
0x00007ff858c00000 - 0x00007ff858c2c000 	C:\WINDOWS\SYSTEM32\USERENV.dll
0x00007ff858f20000 - 0x00007ff858f48000 	C:\WINDOWS\SYSTEM32\bcrypt.dll
0x00007ff852430000 - 0x00007ff852449000 	C:\WINDOWS\SYSTEM32\dhcpcsvc6.DLL
0x00007ff852340000 - 0x00007ff85235f000 	C:\WINDOWS\SYSTEM32\dhcpcsvc.DLL
0x00007ff8542f0000 - 0x00007ff8542fe000 	C:\Program Files\Java\jdk-19\bin\sunmscapi.dll
0x00007ff859ec0000 - 0x00007ff85a027000 	C:\WINDOWS\System32\CRYPT32.dll
0x00007ff858ef0000 - 0x00007ff858f1e000 	C:\WINDOWS\SYSTEM32\ncrypt.dll
0x00007ff858eb0000 - 0x00007ff858ee7000 	C:\WINDOWS\SYSTEM32\NTASN1.dll
0x00007ff85beb0000 - 0x00007ff85bf60000 	C:\WINDOWS\System32\clbcatq.dll
0x00007ff854f30000 - 0x00007ff8550e0000 	C:\WINDOWS\SYSTEM32\WindowsCodecs.dll
0x00007ff83cba0000 - 0x00007ff83cbfe000 	C:\WINDOWS\system32\dataexchange.dll
0x00007ff850630000 - 0x00007ff85089e000 	C:\WINDOWS\system32\twinapi.appcore.dll

dbghelp: loaded successfully - version: 4.0.5 - missing functions: none
symbol engine: initialized successfully - sym options: 0x614 - pdb path: .;C:\Program Files\Java\jdk-19\bin;C:\WINDOWS\SYSTEM32;C:\WINDOWS\WinSxS\amd64_microsoft.windows.common-controls_6595b64144ccf1df_6.0.22621.2070_none_2713e6537381f706;C:\Program Files\Java\jdk-19\bin\server

VM Arguments:
jvm_args: -Dfile.encoding=UTF-8 --module-path=C:\Users\akrit\OneDrive\Documents\NetBeansProjects\Tripify Management System\build\classes 
java_command: tripify.management.system.Dashboard
java_class_path (initial): C:\Users\akrit\Downloads\mysql-connector-java-8.0.28.jar;C:\Users\akrit\OneDrive\Documents\NetBeansProjects\Tripify Management System\build\classes
Launcher Type: SUN_STANDARD

[Global flags]
     intx CICompilerCount                          = 4                                         {product} {ergonomic}
     uint ConcGCThreads                            = 2                                         {product} {ergonomic}
     uint G1ConcRefinementThreads                  = 8                                         {product} {ergonomic}
   size_t G1HeapRegionSize                         = 1048576                                   {product} {ergonomic}
    uintx GCDrainStackTargetSize                   = 64                                        {product} {ergonomic}
   size_t InitialHeapSize                          = 132120576                                 {product} {ergonomic}
   size_t MarkStackSize                            = 4194304                                   {product} {ergonomic}
   size_t MaxHeapSize                              = 2086666240                                {product} {ergonomic}
   size_t MaxNewSize                               = 1251999744                                {product} {ergonomic}
   size_t MinHeapDeltaBytes                        = 1048576                                   {product} {ergonomic}
   size_t MinHeapSize                              = 8388608                                   {product} {ergonomic}
    uintx NonNMethodCodeHeapSize                   = 5839372                                {pd product} {ergonomic}
    uintx NonProfiledCodeHeapSize                  = 122909434                              {pd product} {ergonomic}
    uintx ProfiledCodeHeapSize                     = 122909434                              {pd product} {ergonomic}
    uintx ReservedCodeCacheSize                    = 251658240                              {pd product} {ergonomic}
     bool SegmentedCodeCache                       = true                                      {product} {ergonomic}
   size_t SoftMaxHeapSize                          = 2086666240                             {manageable} {ergonomic}
     bool UseCompressedClassPointers               = true                           {product lp64_product} {ergonomic}
     bool UseCompressedOops                        = true                           {product lp64_product} {ergonomic}
     bool UseG1GC                                  = true                                      {product} {ergonomic}
     bool UseLargePagesIndividualAllocation        = false                                  {pd product} {ergonomic}

Logging:
Log output configuration:
 #0: stdout all=warning uptime,level,tags foldmultilines=false
 #1: stderr all=off uptime,level,tags foldmultilines=false

Environment Variables:
PATH=C:\Program Files\Java\jdk-17\bin;C:\Program Files\Common Files\Oracle\Java\javapath;C:\Python3.10\Scripts\;C:\Python3.10\;C:\WINDOWS\system32;C:\WINDOWS;C:\WINDOWS\System32\Wbem;C:\WINDOWS\System32\WindowsPowerShell\v1.0\;C:\WINDOWS\System32\OpenSSH\;C:\Program Files\dotnet\;C:\Program Files\Amazon\AWSCLIV2\;C:\Program Files\PuTTY\;C:\Program Files\nodejs\;C:\Program Files\Java\jdk-19\bin;C:\Program Files\MySQL\MySQL Shell 8.0\bin\;C:\Users\akrit\AppData\Local\Microsoft\WindowsApps;;C:\Users\akrit\AppData\Local\Programs\Microsoft VS Code\bin;C:\Program Files\JetBrains\IntelliJ IDEA Community Edition 2022.2.3\new\IntelliJ IDEA Community Edition 2022.2.3\bin;;C:\Users\akrit\AppData\Roaming\npm
USERNAME=akrit
OS=Windows_NT
PROCESSOR_IDENTIFIER=Intel64 Family 6 Model 126 Stepping 5, GenuineIntel
TMP=C:\Users\akrit\AppData\Local\Temp
TEMP=C:\Users\akrit\AppData\Local\Temp



---------------  S Y S T E M  ---------------

OS:
 Windows 11 , 64 bit Build 22621 (10.0.22621.2070)
OS uptime: 3 days 19:51 hours

CPU: total 8 (initial active 8) (4 cores per cpu, 2 threads per core) family 6 model 126 stepping 5 microcode 0xbc, cx8, cmov, fxsr, ht, mmx, 3dnowpref, sse, sse2, sse3, ssse3, sse4.1, sse4.2, popcnt, lzcnt, tsc, tscinvbit, avx, avx2, aes, erms, clmul, bmi1, bmi2, adx, avx512f, avx512dq, avx512cd, avx512bw, avx512vl, sha, fma, vzeroupper, avx512_vpopcntdq, avx512_vpclmulqdq, avx512_vaes, avx512_vnni, clflush, clflushopt, avx512_vbmi2, avx512_vbmi, rdtscp, rdpid, fsrm, gfni, avx512_bitalg

Memory: 4k page, system-wide physical 7959M (485M free)
TotalPageFile size 32535M (AvailPageFile size 95M)
current process WorkingSet (physical memory assigned to process): 380M, peak: 405M
current process commit charge ("private bytes"): 438M, peak: 656M

vm_info: Java HotSpot(TM) 64-Bit Server VM (19.0.2+7-44) for windows-amd64 JRE (19.0.2+7-44), built on 2022-11-30T18:02:09Z by "mach5one" with MS VC++ 17.1 (VS2022)

END.
