#
# There is insufficient memory for the Java Runtime Environment to continue.
# Native memory allocation (mmap) failed to map 65536 bytes for Failed to commit metaspace.
# Possible reasons:
#   The system is out of physical RAM or swap space
#   The process is running with CompressedOops enabled, and the Java Heap may be blocking the growth of the native heap
# Possible solutions:
#   Reduce memory load on the system
#   Increase physical memory or swap space
#   Check if swap backing store is full
#   Decrease Java heap size (-Xmx/-Xms)
#   Decrease number of Java threads
#   Decrease Java thread stack sizes (-Xss)
#   Set larger code cache with -XX:ReservedCodeCacheSize=
#   JVM is running with Unscaled Compressed Oops mode in which the Java heap is
#     placed in the first 4GB address space. The Java Heap base address is the
#     maximum limit for the native heap growth. Please use -XX:HeapBaseMinAddress
#     to set the Java Heap base and to place the Java Heap above 4GB virtual address.
# This output file may be truncated or incomplete.
#
#  Out of Memory Error (virtualSpaceNode.cpp:110), pid=25224, tid=568
#
# JRE version: Java(TM) SE Runtime Environment (19.0.2+7) (build 19.0.2+7-44)
# Java VM: Java HotSpot(TM) 64-Bit Server VM (19.0.2+7-44, mixed mode, tiered, compressed oops, compressed class ptrs, g1 gc, windows-amd64)
# No core dump will be written. Minidumps are not enabled by default on client versions of Windows
#

---------------  S U M M A R Y ------------

Command Line: -Dfile.encoding=UTF-8 --module-path=C:\Users\akrit\OneDrive\Documents\NetBeansProjects\Tripify Management System\build\classes tripify.management.system.AddProfile

Host: Intel(R) Core(TM) i5-1035G1 CPU @ 1.00GHz, 8 cores, 7G,  Windows 11 , 64 bit Build 22621 (10.0.22621.1778)
Time: Tue Jul 11 14:26:51 2023 India Standard Time elapsed time: 0.196305 seconds (0d 0h 0m 0s)

---------------  T H R E A D  ---------------

Current thread (0x00000154763e9d10):  JavaThread "main" [_thread_in_vm, id=568, stack(0x000000063b200000,0x000000063b300000)]

Stack: [0x000000063b200000,0x000000063b300000]
Native frames: (J=compiled Java code, j=interpreted, Vv=VM code, C=native code)
V  [jvm.dll+0x6ee21a]
V  [jvm.dll+0x85765e]
V  [jvm.dll+0x85904e]
V  [jvm.dll+0x859703]
V  [jvm.dll+0x28298f]
V  [jvm.dll+0x8532db]
V  [jvm.dll+0x692cb6]
V  [jvm.dll+0x692d1a]
V  [jvm.dll+0x695613]
V  [jvm.dll+0x6954de]
V  [jvm.dll+0x6936de]
V  [jvm.dll+0x26f591]
V  [jvm.dll+0x21ea57]
V  [jvm.dll+0x2146a1]
V  [jvm.dll+0x5a9cb6]
V  [jvm.dll+0x2257aa]
V  [jvm.dll+0x7cc802]
V  [jvm.dll+0x7cdc4a]
V  [jvm.dll+0x7cdf78]
V  [jvm.dll+0x271e1b]
V  [jvm.dll+0x27203f]
V  [jvm.dll+0x5cb4e8]
V  [jvm.dll+0x5ce447]
V  [jvm.dll+0x3ddda7]
V  [jvm.dll+0x3dd3ff]
C  0x000001540755c9b7

Java frames: (J=compiled Java code, j=interpreted, Vv=VM code)
j  jdk.internal.loader.NativeLibraries.loadLibrary(Ljava/lang/Class;Ljava/lang/String;Z)Ljdk/internal/loader/NativeLibrary;+132 java.base@19.0.2
j  jdk.internal.loader.NativeLibraries.loadLibrary(Ljava/lang/Class;Ljava/io/File;)Ljdk/internal/loader/NativeLibrary;+51 java.base@19.0.2
j  jdk.internal.loader.NativeLibraries.findFromPaths([Ljava/lang/String;Ljava/lang/Class;Ljava/lang/String;)Ljdk/internal/loader/NativeLibrary;+44 java.base@19.0.2
j  jdk.internal.loader.NativeLibraries.loadLibrary(Ljava/lang/Class;Ljava/lang/String;)Ljdk/internal/loader/NativeLibrary;+30 java.base@19.0.2
j  jdk.internal.loader.NativeLibraries.loadLibrary(Ljava/lang/String;)Ljdk/internal/loader/NativeLibrary;+30 java.base@19.0.2
j  jdk.internal.loader.BootLoader.loadLibrary(Ljava/lang/String;)V+10 java.base@19.0.2
j  sun.nio.fs.WindowsNativeDispatcher.<clinit>()V+8 java.base@19.0.2
v  ~StubRoutines::call_stub 0x00000154075310e8
j  sun.nio.fs.WindowsFileAttributes.get(Lsun/nio/fs/WindowsPath;Z)Lsun/nio/fs/WindowsFileAttributes;+26 java.base@19.0.2
j  sun.nio.fs.WindowsFileAttributeViews$Basic.readAttributes()Lsun/nio/fs/WindowsFileAttributes;+15 java.base@19.0.2
j  sun.nio.fs.WindowsFileAttributeViews$Basic.readAttributes()Ljava/nio/file/attribute/BasicFileAttributes;+1 java.base@19.0.2
j  sun.nio.fs.WindowsFileSystemProvider.readAttributes(Ljava/nio/file/Path;Ljava/lang/Class;[Ljava/nio/file/LinkOption;)Ljava/nio/file/attribute/BasicFileAttributes;+57 java.base@19.0.2
j  java.nio.file.Files.readAttributes(Ljava/nio/file/Path;Ljava/lang/Class;[Ljava/nio/file/LinkOption;)Ljava/nio/file/attribute/BasicFileAttributes;+7 java.base@19.0.2
j  jdk.internal.module.ModulePath.scan(Ljava/nio/file/Path;)Ljava/util/Map;+7 java.base@19.0.2
j  jdk.internal.module.ModulePath.scanNextEntry()V+23 java.base@19.0.2
j  jdk.internal.module.ModulePath.findAll()Ljava/util/Set;+8 java.base@19.0.2
j  java.lang.module.ModuleFinder$2.lambda$findAll$2(Ljava/lang/module/ModuleFinder;)Ljava/util/stream/Stream;+1 java.base@19.0.2
j  java.lang.module.ModuleFinder$2$$Lambda$17+0x000000010001ca10.apply(Ljava/lang/Object;)Ljava/lang/Object;+4 java.base@19.0.2
j  java.util.stream.ReferencePipeline$7$1.accept(Ljava/lang/Object;)V+8 java.base@19.0.2
j  java.util.AbstractList$RandomAccessSpliterator.forEachRemaining(Ljava/util/function/Consumer;)V+39 java.base@19.0.2
j  java.util.stream.AbstractPipeline.copyInto(Ljava/util/stream/Sink;Ljava/util/Spliterator;)V+32 java.base@19.0.2
j  java.util.stream.AbstractPipeline.wrapAndCopyInto(Ljava/util/stream/Sink;Ljava/util/Spliterator;)Ljava/util/stream/Sink;+13 java.base@19.0.2
j  java.util.stream.ForEachOps$ForEachOp.evaluateSequential(Ljava/util/stream/PipelineHelper;Ljava/util/Spliterator;)Ljava/lang/Void;+3 java.base@19.0.2
j  java.util.stream.ForEachOps$ForEachOp$OfRef.evaluateSequential(Ljava/util/stream/PipelineHelper;Ljava/util/Spliterator;)Ljava/lang/Object;+3 java.base@19.0.2
j  java.util.stream.AbstractPipeline.evaluate(Ljava/util/stream/TerminalOp;)Ljava/lang/Object;+88 java.base@19.0.2
j  java.util.stream.ReferencePipeline.forEach(Ljava/util/function/Consumer;)V+6 java.base@19.0.2
j  java.lang.module.ModuleFinder$2.findAll()Ljava/util/Set;+55 java.base@19.0.2
j  java.lang.module.Resolver.findAll()Ljava/util/Set;+4 java.base@19.0.2
j  java.lang.module.Resolver.bind(Z)Ljava/lang/module/Resolver;+9 java.base@19.0.2
j  java.lang.module.Configuration.resolveAndBind(Ljava/lang/module/ModuleFinder;Ljava/util/Collection;Ljava/io/PrintStream;)Ljava/lang/module/Configuration;+33 java.base@19.0.2
j  java.lang.module.ModuleDescriptor$1.resolveAndBind(Ljava/lang/module/ModuleFinder;Ljava/util/Collection;Ljava/io/PrintStream;)Ljava/lang/module/Configuration;+3 java.base@19.0.2
j  jdk.internal.module.Modules.newBootLayerConfiguration(Ljava/lang/module/ModuleFinder;Ljava/util/Collection;Ljava/io/PrintStream;)Ljava/lang/module/Configuration;+6 java.base@19.0.2
j  jdk.internal.module.ModuleBootstrap.boot2()Ljava/lang/ModuleLayer;+896 java.base@19.0.2
j  jdk.internal.module.ModuleBootstrap.boot()Ljava/lang/ModuleLayer;+64 java.base@19.0.2
j  java.lang.System.initPhase2(ZZ)I+0 java.base@19.0.2
v  ~StubRoutines::call_stub 0x00000154075310e8

---------------  P R O C E S S  ---------------

Threads class SMR info:
_java_thread_list=0x000001541add9c70, length=11, elements={
0x00000154763e9d10, 0x000001541ac9b550, 0x000001541ac9c080, 0x000001541ac83a70,
0x000001541ac843a0, 0x000001541ac84dc0, 0x000001541ac857e0, 0x000001541ac87450,
0x000001541ac87dc0, 0x000001541ac88730, 0x000001541ad6fb70
}

Java Threads: ( => current thread )
=>0x00000154763e9d10 JavaThread "main" [_thread_in_vm, id=568, stack(0x000000063b200000,0x000000063b300000)]
  0x000001541ac9b550 JavaThread "Reference Handler" daemon [_thread_blocked, id=23848, stack(0x000000063b900000,0x000000063ba00000)]
  0x000001541ac9c080 JavaThread "Finalizer" daemon [_thread_blocked, id=16212, stack(0x000000063ba00000,0x000000063bb00000)]
  0x000001541ac83a70 JavaThread "Signal Dispatcher" daemon [_thread_blocked, id=12488, stack(0x000000063bb00000,0x000000063bc00000)]
  0x000001541ac843a0 JavaThread "Attach Listener" daemon [_thread_blocked, id=25004, stack(0x000000063bc00000,0x000000063bd00000)]
  0x000001541ac84dc0 JavaThread "Service Thread" daemon [_thread_blocked, id=8508, stack(0x000000063bd00000,0x000000063be00000)]
  0x000001541ac857e0 JavaThread "Monitor Deflation Thread" daemon [_thread_blocked, id=19016, stack(0x000000063be00000,0x000000063bf00000)]
  0x000001541ac87450 JavaThread "C2 CompilerThread0" daemon [_thread_blocked, id=14616, stack(0x000000063bf00000,0x000000063c000000)]
  0x000001541ac87dc0 JavaThread "C1 CompilerThread0" daemon [_thread_blocked, id=21424, stack(0x000000063c000000,0x000000063c100000)]
  0x000001541ac88730 JavaThread "Sweeper thread" daemon [_thread_blocked, id=27912, stack(0x000000063c100000,0x000000063c200000)]
  0x000001541ad6fb70 JavaThread "Common-Cleaner" daemon [_thread_blocked, id=27436, stack(0x000000063c200000,0x000000063c300000)]

Other Threads:
  0x000001541ac26230 VMThread "VM Thread" [stack: 0x000000063b800000,0x000000063b900000] [id=11304]
  0x00000154764474c0 WorkerThread "GC Thread#0" [stack: 0x000000063b300000,0x000000063b400000] [id=10136]
  0x0000015476457fe0 ConcurrentGCThread "G1 Main Marker" [stack: 0x000000063b400000,0x000000063b500000] [id=29276]
  0x0000015476458a10 WorkerThread "G1 Conc#0" [stack: 0x000000063b500000,0x000000063b600000] [id=20816]
  0x000001547649e190 ConcurrentGCThread "G1 Refine#0" [stack: 0x000000063b600000,0x000000063b700000] [id=27592]
  0x000001547649eb70 ConcurrentGCThread "G1 Service" [stack: 0x000000063b700000,0x000000063b800000] [id=10980]

Threads with active compile tasks:

VM state: not at safepoint (normal execution)

VM Mutex/Monitor currently owned by a thread:  ([mutex/lock_event])
[0x00000154762fa240] Metaspace_lock - owner thread: 0x00000154763e9d10

Heap address: 0x0000000083a00000, size: 1990 MB, Compressed Oops mode: 32-bit

CDS archive(s) not mapped
Compressed class space mapped at: 0x0000000100000000-0x0000000140000000, reserved size: 1073741824
Narrow klass base: 0x0000000000000000, Narrow klass shift: 3, Narrow klass range: 0x140000000

GC Precious Log:
 CardTable entry size: 512
 Card Set container configuration: InlinePtr #cards 5 size 8 Array Of Cards #cards 12 size 40 Howl #buckets 4 coarsen threshold 1843 Howl Bitmap #cards 512 size 80 coarsen threshold 460 Card regions per heap region 1 cards per card region 2048
 CPUs: 8 total, 8 available
 Memory: 7959M
 Large Page Support: Disabled
 NUMA Support: Disabled
 Compressed Oops: Enabled (32-bit)
 Heap Region Size: 1M
 Heap Min Capacity: 8M
 Heap Initial Capacity: 126M
 Heap Max Capacity: 1990M
 Pre-touch: Disabled
 Parallel Workers: 8
 Concurrent Workers: 2
 Concurrent Refinement Workers: 8
 Periodic GC: Disabled

Heap:
 garbage-first heap   total 129024K, used 1024K [0x0000000083a00000, 0x0000000100000000)
  region size 1024K, 2 young (2048K), 0 survivors (0K)
 Metaspace       used 5836K, committed 5952K, reserved 1114112K
  class space    used 457K, committed 512K, reserved 1048576K

Heap Regions: E=young(eden), S=young(survivor), O=old, HS=humongous(starts), HC=humongous(continues), CS=collection set, F=free, OA=open archive, CA=closed archive, TAMS=top-at-mark-start (previous, next)
|   0|0x0000000083a00000, 0x0000000083a00000, 0x0000000083b00000|  0%| F|  |TAMS 0x0000000083a00000, 0x0000000083a00000| Untracked 
|   1|0x0000000083b00000, 0x0000000083b00000, 0x0000000083c00000|  0%| F|  |TAMS 0x0000000083b00000, 0x0000000083b00000| Untracked 
|   2|0x0000000083c00000, 0x0000000083c00000, 0x0000000083d00000|  0%| F|  |TAMS 0x0000000083c00000, 0x0000000083c00000| Untracked 
|   3|0x0000000083d00000, 0x0000000083d00000, 0x0000000083e00000|  0%| F|  |TAMS 0x0000000083d00000, 0x0000000083d00000| Untracked 
|   4|0x0000000083e00000, 0x0000000083e00000, 0x0000000083f00000|  0%| F|  |TAMS 0x0000000083e00000, 0x0000000083e00000| Untracked 
|   5|0x0000000083f00000, 0x0000000083f00000, 0x0000000084000000|  0%| F|  |TAMS 0x0000000083f00000, 0x0000000083f00000| Untracked 
|   6|0x0000000084000000, 0x0000000084000000, 0x0000000084100000|  0%| F|  |TAMS 0x0000000084000000, 0x0000000084000000| Untracked 
|   7|0x0000000084100000, 0x0000000084100000, 0x0000000084200000|  0%| F|  |TAMS 0x0000000084100000, 0x0000000084100000| Untracked 
|   8|0x0000000084200000, 0x0000000084200000, 0x0000000084300000|  0%| F|  |TAMS 0x0000000084200000, 0x0000000084200000| Untracked 
|   9|0x0000000084300000, 0x0000000084300000, 0x0000000084400000|  0%| F|  |TAMS 0x0000000084300000, 0x0000000084300000| Untracked 
|  10|0x0000000084400000, 0x0000000084400000, 0x0000000084500000|  0%| F|  |TAMS 0x0000000084400000, 0x0000000084400000| Untracked 
|  11|0x0000000084500000, 0x0000000084500000, 0x0000000084600000|  0%| F|  |TAMS 0x0000000084500000, 0x0000000084500000| Untracked 
|  12|0x0000000084600000, 0x0000000084600000, 0x0000000084700000|  0%| F|  |TAMS 0x0000000084600000, 0x0000000084600000| Untracked 
|  13|0x0000000084700000, 0x0000000084700000, 0x0000000084800000|  0%| F|  |TAMS 0x0000000084700000, 0x0000000084700000| Untracked 
|  14|0x0000000084800000, 0x0000000084800000, 0x0000000084900000|  0%| F|  |TAMS 0x0000000084800000, 0x0000000084800000| Untracked 
|  15|0x0000000084900000, 0x0000000084900000, 0x0000000084a00000|  0%| F|  |TAMS 0x0000000084900000, 0x0000000084900000| Untracked 
|  16|0x0000000084a00000, 0x0000000084a00000, 0x0000000084b00000|  0%| F|  |TAMS 0x0000000084a00000, 0x0000000084a00000| Untracked 
|  17|0x0000000084b00000, 0x0000000084b00000, 0x0000000084c00000|  0%| F|  |TAMS 0x0000000084b00000, 0x0000000084b00000| Untracked 
|  18|0x0000000084c00000, 0x0000000084c00000, 0x0000000084d00000|  0%| F|  |TAMS 0x0000000084c00000, 0x0000000084c00000| Untracked 
|  19|0x0000000084d00000, 0x0000000084d00000, 0x0000000084e00000|  0%| F|  |TAMS 0x0000000084d00000, 0x0000000084d00000| Untracked 
|  20|0x0000000084e00000, 0x0000000084e00000, 0x0000000084f00000|  0%| F|  |TAMS 0x0000000084e00000, 0x0000000084e00000| Untracked 
|  21|0x0000000084f00000, 0x0000000084f00000, 0x0000000085000000|  0%| F|  |TAMS 0x0000000084f00000, 0x0000000084f00000| Untracked 
|  22|0x0000000085000000, 0x0000000085000000, 0x0000000085100000|  0%| F|  |TAMS 0x0000000085000000, 0x0000000085000000| Untracked 
|  23|0x0000000085100000, 0x0000000085100000, 0x0000000085200000|  0%| F|  |TAMS 0x0000000085100000, 0x0000000085100000| Untracked 
|  24|0x0000000085200000, 0x0000000085200000, 0x0000000085300000|  0%| F|  |TAMS 0x0000000085200000, 0x0000000085200000| Untracked 
|  25|0x0000000085300000, 0x0000000085300000, 0x0000000085400000|  0%| F|  |TAMS 0x0000000085300000, 0x0000000085300000| Untracked 
|  26|0x0000000085400000, 0x0000000085400000, 0x0000000085500000|  0%| F|  |TAMS 0x0000000085400000, 0x0000000085400000| Untracked 
|  27|0x0000000085500000, 0x0000000085500000, 0x0000000085600000|  0%| F|  |TAMS 0x0000000085500000, 0x0000000085500000| Untracked 
|  28|0x0000000085600000, 0x0000000085600000, 0x0000000085700000|  0%| F|  |TAMS 0x0000000085600000, 0x0000000085600000| Untracked 
|  29|0x0000000085700000, 0x0000000085700000, 0x0000000085800000|  0%| F|  |TAMS 0x0000000085700000, 0x0000000085700000| Untracked 
|  30|0x0000000085800000, 0x0000000085800000, 0x0000000085900000|  0%| F|  |TAMS 0x0000000085800000, 0x0000000085800000| Untracked 
|  31|0x0000000085900000, 0x0000000085900000, 0x0000000085a00000|  0%| F|  |TAMS 0x0000000085900000, 0x0000000085900000| Untracked 
|  32|0x0000000085a00000, 0x0000000085a00000, 0x0000000085b00000|  0%| F|  |TAMS 0x0000000085a00000, 0x0000000085a00000| Untracked 
|  33|0x0000000085b00000, 0x0000000085b00000, 0x0000000085c00000|  0%| F|  |TAMS 0x0000000085b00000, 0x0000000085b00000| Untracked 
|  34|0x0000000085c00000, 0x0000000085c00000, 0x0000000085d00000|  0%| F|  |TAMS 0x0000000085c00000, 0x0000000085c00000| Untracked 
|  35|0x0000000085d00000, 0x0000000085d00000, 0x0000000085e00000|  0%| F|  |TAMS 0x0000000085d00000, 0x0000000085d00000| Untracked 
|  36|0x0000000085e00000, 0x0000000085e00000, 0x0000000085f00000|  0%| F|  |TAMS 0x0000000085e00000, 0x0000000085e00000| Untracked 
|  37|0x0000000085f00000, 0x0000000085f00000, 0x0000000086000000|  0%| F|  |TAMS 0x0000000085f00000, 0x0000000085f00000| Untracked 
|  38|0x0000000086000000, 0x0000000086000000, 0x0000000086100000|  0%| F|  |TAMS 0x0000000086000000, 0x0000000086000000| Untracked 
|  39|0x0000000086100000, 0x0000000086100000, 0x0000000086200000|  0%| F|  |TAMS 0x0000000086100000, 0x0000000086100000| Untracked 
|  40|0x0000000086200000, 0x0000000086200000, 0x0000000086300000|  0%| F|  |TAMS 0x0000000086200000, 0x0000000086200000| Untracked 
|  41|0x0000000086300000, 0x0000000086300000, 0x0000000086400000|  0%| F|  |TAMS 0x0000000086300000, 0x0000000086300000| Untracked 
|  42|0x0000000086400000, 0x0000000086400000, 0x0000000086500000|  0%| F|  |TAMS 0x0000000086400000, 0x0000000086400000| Untracked 
|  43|0x0000000086500000, 0x0000000086500000, 0x0000000086600000|  0%| F|  |TAMS 0x0000000086500000, 0x0000000086500000| Untracked 
|  44|0x0000000086600000, 0x0000000086600000, 0x0000000086700000|  0%| F|  |TAMS 0x0000000086600000, 0x0000000086600000| Untracked 
|  45|0x0000000086700000, 0x0000000086700000, 0x0000000086800000|  0%| F|  |TAMS 0x0000000086700000, 0x0000000086700000| Untracked 
|  46|0x0000000086800000, 0x0000000086800000, 0x0000000086900000|  0%| F|  |TAMS 0x0000000086800000, 0x0000000086800000| Untracked 
|  47|0x0000000086900000, 0x0000000086900000, 0x0000000086a00000|  0%| F|  |TAMS 0x0000000086900000, 0x0000000086900000| Untracked 
|  48|0x0000000086a00000, 0x0000000086a00000, 0x0000000086b00000|  0%| F|  |TAMS 0x0000000086a00000, 0x0000000086a00000| Untracked 
|  49|0x0000000086b00000, 0x0000000086b00000, 0x0000000086c00000|  0%| F|  |TAMS 0x0000000086b00000, 0x0000000086b00000| Untracked 
|  50|0x0000000086c00000, 0x0000000086c00000, 0x0000000086d00000|  0%| F|  |TAMS 0x0000000086c00000, 0x0000000086c00000| Untracked 
|  51|0x0000000086d00000, 0x0000000086d00000, 0x0000000086e00000|  0%| F|  |TAMS 0x0000000086d00000, 0x0000000086d00000| Untracked 
|  52|0x0000000086e00000, 0x0000000086e00000, 0x0000000086f00000|  0%| F|  |TAMS 0x0000000086e00000, 0x0000000086e00000| Untracked 
|  53|0x0000000086f00000, 0x0000000086f00000, 0x0000000087000000|  0%| F|  |TAMS 0x0000000086f00000, 0x0000000086f00000| Untracked 
|  54|0x0000000087000000, 0x0000000087000000, 0x0000000087100000|  0%| F|  |TAMS 0x0000000087000000, 0x0000000087000000| Untracked 
|  55|0x0000000087100000, 0x0000000087100000, 0x0000000087200000|  0%| F|  |TAMS 0x0000000087100000, 0x0000000087100000| Untracked 
|  56|0x0000000087200000, 0x0000000087200000, 0x0000000087300000|  0%| F|  |TAMS 0x0000000087200000, 0x0000000087200000| Untracked 
|  57|0x0000000087300000, 0x0000000087300000, 0x0000000087400000|  0%| F|  |TAMS 0x0000000087300000, 0x0000000087300000| Untracked 
|  58|0x0000000087400000, 0x0000000087400000, 0x0000000087500000|  0%| F|  |TAMS 0x0000000087400000, 0x0000000087400000| Untracked 
|  59|0x0000000087500000, 0x0000000087500000, 0x0000000087600000|  0%| F|  |TAMS 0x0000000087500000, 0x0000000087500000| Untracked 
|  60|0x0000000087600000, 0x0000000087600000, 0x0000000087700000|  0%| F|  |TAMS 0x0000000087600000, 0x0000000087600000| Untracked 
|  61|0x0000000087700000, 0x0000000087700000, 0x0000000087800000|  0%| F|  |TAMS 0x0000000087700000, 0x0000000087700000| Untracked 
|  62|0x0000000087800000, 0x0000000087800000, 0x0000000087900000|  0%| F|  |TAMS 0x0000000087800000, 0x0000000087800000| Untracked 
|  63|0x0000000087900000, 0x0000000087900000, 0x0000000087a00000|  0%| F|  |TAMS 0x0000000087900000, 0x0000000087900000| Untracked 
|  64|0x0000000087a00000, 0x0000000087a00000, 0x0000000087b00000|  0%| F|  |TAMS 0x0000000087a00000, 0x0000000087a00000| Untracked 
|  65|0x0000000087b00000, 0x0000000087b00000, 0x0000000087c00000|  0%| F|  |TAMS 0x0000000087b00000, 0x0000000087b00000| Untracked 
|  66|0x0000000087c00000, 0x0000000087c00000, 0x0000000087d00000|  0%| F|  |TAMS 0x0000000087c00000, 0x0000000087c00000| Untracked 
|  67|0x0000000087d00000, 0x0000000087d00000, 0x0000000087e00000|  0%| F|  |TAMS 0x0000000087d00000, 0x0000000087d00000| Untracked 
|  68|0x0000000087e00000, 0x0000000087e00000, 0x0000000087f00000|  0%| F|  |TAMS 0x0000000087e00000, 0x0000000087e00000| Untracked 
|  69|0x0000000087f00000, 0x0000000087f00000, 0x0000000088000000|  0%| F|  |TAMS 0x0000000087f00000, 0x0000000087f00000| Untracked 
|  70|0x0000000088000000, 0x0000000088000000, 0x0000000088100000|  0%| F|  |TAMS 0x0000000088000000, 0x0000000088000000| Untracked 
|  71|0x0000000088100000, 0x0000000088100000, 0x0000000088200000|  0%| F|  |TAMS 0x0000000088100000, 0x0000000088100000| Untracked 
|  72|0x0000000088200000, 0x0000000088200000, 0x0000000088300000|  0%| F|  |TAMS 0x0000000088200000, 0x0000000088200000| Untracked 
|  73|0x0000000088300000, 0x0000000088300000, 0x0000000088400000|  0%| F|  |TAMS 0x0000000088300000, 0x0000000088300000| Untracked 
|  74|0x0000000088400000, 0x0000000088400000, 0x0000000088500000|  0%| F|  |TAMS 0x0000000088400000, 0x0000000088400000| Untracked 
|  75|0x0000000088500000, 0x0000000088500000, 0x0000000088600000|  0%| F|  |TAMS 0x0000000088500000, 0x0000000088500000| Untracked 
|  76|0x0000000088600000, 0x0000000088600000, 0x0000000088700000|  0%| F|  |TAMS 0x0000000088600000, 0x0000000088600000| Untracked 
|  77|0x0000000088700000, 0x0000000088700000, 0x0000000088800000|  0%| F|  |TAMS 0x0000000088700000, 0x0000000088700000| Untracked 
|  78|0x0000000088800000, 0x0000000088800000, 0x0000000088900000|  0%| F|  |TAMS 0x0000000088800000, 0x0000000088800000| Untracked 
|  79|0x0000000088900000, 0x0000000088900000, 0x0000000088a00000|  0%| F|  |TAMS 0x0000000088900000, 0x0000000088900000| Untracked 
|  80|0x0000000088a00000, 0x0000000088a00000, 0x0000000088b00000|  0%| F|  |TAMS 0x0000000088a00000, 0x0000000088a00000| Untracked 
|  81|0x0000000088b00000, 0x0000000088b00000, 0x0000000088c00000|  0%| F|  |TAMS 0x0000000088b00000, 0x0000000088b00000| Untracked 
|  82|0x0000000088c00000, 0x0000000088c00000, 0x0000000088d00000|  0%| F|  |TAMS 0x0000000088c00000, 0x0000000088c00000| Untracked 
|  83|0x0000000088d00000, 0x0000000088d00000, 0x0000000088e00000|  0%| F|  |TAMS 0x0000000088d00000, 0x0000000088d00000| Untracked 
|  84|0x0000000088e00000, 0x0000000088e00000, 0x0000000088f00000|  0%| F|  |TAMS 0x0000000088e00000, 0x0000000088e00000| Untracked 
|  85|0x0000000088f00000, 0x0000000088f00000, 0x0000000089000000|  0%| F|  |TAMS 0x0000000088f00000, 0x0000000088f00000| Untracked 
|  86|0x0000000089000000, 0x0000000089000000, 0x0000000089100000|  0%| F|  |TAMS 0x0000000089000000, 0x0000000089000000| Untracked 
|  87|0x0000000089100000, 0x0000000089100000, 0x0000000089200000|  0%| F|  |TAMS 0x0000000089100000, 0x0000000089100000| Untracked 
|  88|0x0000000089200000, 0x0000000089200000, 0x0000000089300000|  0%| F|  |TAMS 0x0000000089200000, 0x0000000089200000| Untracked 
|  89|0x0000000089300000, 0x0000000089300000, 0x0000000089400000|  0%| F|  |TAMS 0x0000000089300000, 0x0000000089300000| Untracked 
|  90|0x0000000089400000, 0x0000000089400000, 0x0000000089500000|  0%| F|  |TAMS 0x0000000089400000, 0x0000000089400000| Untracked 
|  91|0x0000000089500000, 0x0000000089500000, 0x0000000089600000|  0%| F|  |TAMS 0x0000000089500000, 0x0000000089500000| Untracked 
|  92|0x0000000089600000, 0x0000000089600000, 0x0000000089700000|  0%| F|  |TAMS 0x0000000089600000, 0x0000000089600000| Untracked 
|  93|0x0000000089700000, 0x0000000089700000, 0x0000000089800000|  0%| F|  |TAMS 0x0000000089700000, 0x0000000089700000| Untracked 
|  94|0x0000000089800000, 0x0000000089800000, 0x0000000089900000|  0%| F|  |TAMS 0x0000000089800000, 0x0000000089800000| Untracked 
|  95|0x0000000089900000, 0x0000000089900000, 0x0000000089a00000|  0%| F|  |TAMS 0x0000000089900000, 0x0000000089900000| Untracked 
|  96|0x0000000089a00000, 0x0000000089a00000, 0x0000000089b00000|  0%| F|  |TAMS 0x0000000089a00000, 0x0000000089a00000| Untracked 
|  97|0x0000000089b00000, 0x0000000089b00000, 0x0000000089c00000|  0%| F|  |TAMS 0x0000000089b00000, 0x0000000089b00000| Untracked 
|  98|0x0000000089c00000, 0x0000000089c00000, 0x0000000089d00000|  0%| F|  |TAMS 0x0000000089c00000, 0x0000000089c00000| Untracked 
|  99|0x0000000089d00000, 0x0000000089d00000, 0x0000000089e00000|  0%| F|  |TAMS 0x0000000089d00000, 0x0000000089d00000| Untracked 
| 100|0x0000000089e00000, 0x0000000089e00000, 0x0000000089f00000|  0%| F|  |TAMS 0x0000000089e00000, 0x0000000089e00000| Untracked 
| 101|0x0000000089f00000, 0x0000000089f00000, 0x000000008a000000|  0%| F|  |TAMS 0x0000000089f00000, 0x0000000089f00000| Untracked 
| 102|0x000000008a000000, 0x000000008a000000, 0x000000008a100000|  0%| F|  |TAMS 0x000000008a000000, 0x000000008a000000| Untracked 
| 103|0x000000008a100000, 0x000000008a100000, 0x000000008a200000|  0%| F|  |TAMS 0x000000008a100000, 0x000000008a100000| Untracked 
| 104|0x000000008a200000, 0x000000008a200000, 0x000000008a300000|  0%| F|  |TAMS 0x000000008a200000, 0x000000008a200000| Untracked 
| 105|0x000000008a300000, 0x000000008a300000, 0x000000008a400000|  0%| F|  |TAMS 0x000000008a300000, 0x000000008a300000| Untracked 
| 106|0x000000008a400000, 0x000000008a400000, 0x000000008a500000|  0%| F|  |TAMS 0x000000008a400000, 0x000000008a400000| Untracked 
| 107|0x000000008a500000, 0x000000008a500000, 0x000000008a600000|  0%| F|  |TAMS 0x000000008a500000, 0x000000008a500000| Untracked 
| 108|0x000000008a600000, 0x000000008a600000, 0x000000008a700000|  0%| F|  |TAMS 0x000000008a600000, 0x000000008a600000| Untracked 
| 109|0x000000008a700000, 0x000000008a700000, 0x000000008a800000|  0%| F|  |TAMS 0x000000008a700000, 0x000000008a700000| Untracked 
| 110|0x000000008a800000, 0x000000008a800000, 0x000000008a900000|  0%| F|  |TAMS 0x000000008a800000, 0x000000008a800000| Untracked 
| 111|0x000000008a900000, 0x000000008a900000, 0x000000008aa00000|  0%| F|  |TAMS 0x000000008a900000, 0x000000008a900000| Untracked 
| 112|0x000000008aa00000, 0x000000008aa00000, 0x000000008ab00000|  0%| F|  |TAMS 0x000000008aa00000, 0x000000008aa00000| Untracked 
| 113|0x000000008ab00000, 0x000000008ab00000, 0x000000008ac00000|  0%| F|  |TAMS 0x000000008ab00000, 0x000000008ab00000| Untracked 
| 114|0x000000008ac00000, 0x000000008ac00000, 0x000000008ad00000|  0%| F|  |TAMS 0x000000008ac00000, 0x000000008ac00000| Untracked 
| 115|0x000000008ad00000, 0x000000008ad00000, 0x000000008ae00000|  0%| F|  |TAMS 0x000000008ad00000, 0x000000008ad00000| Untracked 
| 116|0x000000008ae00000, 0x000000008ae00000, 0x000000008af00000|  0%| F|  |TAMS 0x000000008ae00000, 0x000000008ae00000| Untracked 
| 117|0x000000008af00000, 0x000000008af00000, 0x000000008b000000|  0%| F|  |TAMS 0x000000008af00000, 0x000000008af00000| Untracked 
| 118|0x000000008b000000, 0x000000008b000000, 0x000000008b100000|  0%| F|  |TAMS 0x000000008b000000, 0x000000008b000000| Untracked 
| 119|0x000000008b100000, 0x000000008b100000, 0x000000008b200000|  0%| F|  |TAMS 0x000000008b100000, 0x000000008b100000| Untracked 
| 120|0x000000008b200000, 0x000000008b200000, 0x000000008b300000|  0%| F|  |TAMS 0x000000008b200000, 0x000000008b200000| Untracked 
| 121|0x000000008b300000, 0x000000008b300000, 0x000000008b400000|  0%| F|  |TAMS 0x000000008b300000, 0x000000008b300000| Untracked 
| 122|0x000000008b400000, 0x000000008b400000, 0x000000008b500000|  0%| F|  |TAMS 0x000000008b400000, 0x000000008b400000| Untracked 
| 123|0x000000008b500000, 0x000000008b500000, 0x000000008b600000|  0%| F|  |TAMS 0x000000008b500000, 0x000000008b500000| Untracked 
| 124|0x000000008b600000, 0x000000008b700000, 0x000000008b700000|100%| E|  |TAMS 0x000000008b600000, 0x000000008b600000| Complete 
| 125|0x000000008b700000, 0x000000008b800000, 0x000000008b800000|100%| E|CS|TAMS 0x000000008b700000, 0x000000008b700000| Complete 

Card table byte_map: [0x000001540fa60000,0x000001540fe50000] _byte_map_base: 0x000001540f643000

Marking Bits (Prev, Next): (CMBitMap*) 0x0000015476447af0, (CMBitMap*) 0x0000015476447b30
 Prev Bits: [0x0000015410240000, 0x0000015412158000)
 Next Bits: [0x0000015412160000, 0x0000015414078000)

Polling page: 0x00000154764a0000

Metaspace:

Usage:
  Non-class:      5.25 MB used.
      Class:    457.93 KB used.
       Both:      5.70 MB used.

Virtual space:
  Non-class space:       64.00 MB reserved,       5.31 MB (  8%) committed,  1 nodes.
      Class space:        1.00 GB reserved,     512.00 KB ( <1%) committed,  1 nodes.
             Both:        1.06 GB reserved,       5.81 MB ( <1%) committed. 

Chunk freelists:
   Non-Class:  2.50 MB
       Class:  3.53 MB
        Both:  6.02 MB

MaxMetaspaceSize: unlimited
CompressedClassSpaceSize: 1.00 GB
Initial GC threshold: 21.00 MB
Current GC threshold: 21.00 MB
CDS: off
MetaspaceReclaimPolicy: balanced
 - commit_granule_bytes: 65536.
 - commit_granule_words: 8192.
 - virtual_space_node_default_size: 8388608.
 - enlarge_chunks_in_place: 1.
 - new_chunks_are_fully_committed: 0.
 - uncommit_free_chunks: 1.
 - use_allocation_guard: 0.


Internal statistics:

num_allocs_failed_limit: 0.
num_arena_births: 6.
num_arena_deaths: 0.
num_vsnodes_births: 2.
num_vsnodes_deaths: 0.
num_space_committed: 93.
num_space_uncommitted: 0.
num_chunks_returned_to_freelist: 0.
num_chunks_taken_from_freelist: 12.
num_chunk_merges: 0.
num_chunk_splits: 5.
num_chunks_enlarged: 2.
num_inconsistent_stats: 0.

CodeHeap 'non-profiled nmethods': size=120000Kb used=38Kb max_used=38Kb free=119961Kb
 bounds [0x0000015407ad0000, 0x0000015407d40000, 0x000001540f000000]
CodeHeap 'profiled nmethods': size=120000Kb used=130Kb max_used=130Kb free=119869Kb
 bounds [0x0000015400000000, 0x0000015400270000, 0x0000015407530000]
CodeHeap 'non-nmethods': size=5760Kb used=1196Kb max_used=1196Kb free=4563Kb
 bounds [0x0000015407530000, 0x00000154077a0000, 0x0000015407ad0000]
 total_blobs=500 nmethods=126 adapters=285
 compilation: enabled
              stopped_count=0, restarted_count=0
 full_count=0

Compilation events (20 events):
Event: 0.189 Thread 0x000001541ac87dc0  118       3       java.util.HashMap::getNode (150 bytes)
Event: 0.189 Thread 0x000001541ac87dc0 nmethod 118 0x000001540001c490 code [0x000001540001c6e0, 0x000001540001d278]
Event: 0.189 Thread 0x000001541ac87dc0  119       3       java.util.HashMap$Node::<init> (26 bytes)
Event: 0.189 Thread 0x000001541ac87dc0 nmethod 119 0x000001540001d590 code [0x000001540001d740, 0x000001540001d9b8]
Event: 0.189 Thread 0x000001541ac87dc0  120       3       java.util.HashMap::newNode (13 bytes)
Event: 0.190 Thread 0x000001541ac87dc0 nmethod 120 0x000001540001da90 code [0x000001540001dc40, 0x000001540001df78]
Event: 0.190 Thread 0x000001541ac87dc0  117       3       java.util.Optional::<init> (10 bytes)
Event: 0.190 Thread 0x000001541ac87dc0 nmethod 117 0x000001540001e090 code [0x000001540001e240, 0x000001540001e3f8]
Event: 0.190 Thread 0x000001541ac87dc0  121       3       java.util.HashMap::put (13 bytes)
Event: 0.190 Thread 0x000001541ac87dc0 nmethod 121 0x000001540001e490 code [0x000001540001e660, 0x000001540001e958]
Event: 0.190 Thread 0x000001541ac87dc0  124       3       java.util.concurrent.ConcurrentHashMap::get (162 bytes)
Event: 0.190 Thread 0x000001541ac87dc0 nmethod 124 0x000001540001ea90 code [0x000001540001ece0, 0x000001540001f7a8]
Event: 0.190 Thread 0x000001541ac87dc0  122       3       java.lang.String::<init> (15 bytes)
Event: 0.190 Thread 0x000001541ac87dc0 nmethod 122 0x000001540001fa90 code [0x000001540001fc40, 0x000001540001fdf8]
Event: 0.190 Thread 0x000001541ac87dc0  123       3       java.lang.StringBuilder::append (8 bytes)
Event: 0.190 Thread 0x000001541ac87dc0 nmethod 123 0x000001540001fe90 code [0x0000015400020040, 0x0000015400020188]
Event: 0.190 Thread 0x000001541ac87dc0  125       3       java.util.ImmutableCollections$SetN$SetNIterator::<init> (36 bytes)
Event: 0.191 Thread 0x000001541ac87dc0 nmethod 125 0x0000015400020210 code [0x00000154000203c0, 0x00000154000205b8]
Event: 0.194 Thread 0x000001541ac87dc0  126       3       jdk.internal.util.Preconditions::checkFromToIndex (24 bytes)
Event: 0.194 Thread 0x000001541ac87dc0 nmethod 126 0x0000015400020690 code [0x0000015400020840, 0x0000015400020a28]

GC Heap History (0 events):
No events

Dll operation events (2 events):
Event: 0.009 Loaded shared library C:\Program Files\Java\jdk-19\bin\java.dll
Event: 0.070 Loaded shared library C:\Program Files\Java\jdk-19\bin\jsvml.dll

Deoptimization events (0 events):
No events

Classes loaded (20 events):
Event: 0.193 Loading class java/lang/ThreadLocal$ThreadLocalMap$Entry done
Event: 0.193 Loading class java/util/IdentityHashMap
Event: 0.193 Loading class java/util/IdentityHashMap done
Event: 0.193 Loading class java/util/IdentityHashMap$KeySet
Event: 0.193 Loading class java/util/IdentityHashMap$KeySet done
Event: 0.193 Loading class sun/nio/fs/NativeBuffer
Event: 0.193 Loading class sun/nio/fs/NativeBuffer done
Event: 0.193 Loading class sun/nio/fs/NativeBuffer$Deallocator
Event: 0.193 Loading class sun/nio/fs/NativeBuffer$Deallocator done
Event: 0.193 Loading class sun/nio/fs/WindowsNativeDispatcher
Event: 0.193 Loading class sun/nio/fs/WindowsNativeDispatcher done
Event: 0.193 Loading class jdk/internal/loader/NativeLibraries$LibraryPaths
Event: 0.194 Loading class jdk/internal/loader/NativeLibraries$LibraryPaths done
Event: 0.194 Loading class jdk/internal/loader/NativeLibraries$1
Event: 0.194 Loading class jdk/internal/loader/NativeLibraries$1 done
Event: 0.194 Loading class jdk/internal/loader/NativeLibraries$2
Event: 0.194 Loading class jdk/internal/loader/NativeLibraries$2 done
Event: 0.194 Loading class jdk/internal/loader/NativeLibraries$CountedLock
Event: 0.194 Loading class jdk/internal/loader/NativeLibraries$CountedLock done
Event: 0.194 Loading class jdk/internal/loader/NativeLibraries$NativeLibraryContext

Classes unloaded (0 events):
No events

Classes redefined (0 events):
No events

Internal exceptions (0 events):
No events

VM Operations (0 events):
No events

Events (11 events):
Event: 0.071 Thread 0x00000154763e9d10 Thread added: 0x00000154763e9d10
Event: 0.103 Thread 0x000001541ac9b550 Thread added: 0x000001541ac9b550
Event: 0.104 Thread 0x000001541ac9c080 Thread added: 0x000001541ac9c080
Event: 0.106 Thread 0x000001541ac83a70 Thread added: 0x000001541ac83a70
Event: 0.106 Thread 0x000001541ac843a0 Thread added: 0x000001541ac843a0
Event: 0.106 Thread 0x000001541ac84dc0 Thread added: 0x000001541ac84dc0
Event: 0.106 Thread 0x000001541ac857e0 Thread added: 0x000001541ac857e0
Event: 0.106 Thread 0x000001541ac87450 Thread added: 0x000001541ac87450
Event: 0.106 Thread 0x000001541ac87dc0 Thread added: 0x000001541ac87dc0
Event: 0.106 Thread 0x000001541ac88730 Thread added: 0x000001541ac88730
Event: 0.172 Thread 0x000001541ad6fb70 Thread added: 0x000001541ad6fb70


Dynamic libraries:
0x00007ff619280000 - 0x00007ff619290000 	C:\Program Files\Java\jdk-19\bin\java.exe
0x00007ffd42670000 - 0x00007ffd42884000 	C:\WINDOWS\SYSTEM32\ntdll.dll
0x00007ffd424c0000 - 0x00007ffd42582000 	C:\WINDOWS\System32\KERNEL32.DLL
0x00007ffd3fdc0000 - 0x00007ffd40163000 	C:\WINDOWS\System32\KERNELBASE.dll
0x00007ffd3cad0000 - 0x00007ffd3cb67000 	C:\WINDOWS\SYSTEM32\apphelp.dll
0x00007ffd3fa70000 - 0x00007ffd3fb81000 	C:\WINDOWS\System32\ucrtbase.dll
0x00007ffd39a30000 - 0x00007ffd39a4b000 	C:\Program Files\Java\jdk-19\bin\VCRUNTIME140.dll
0x00007ffd2f460000 - 0x00007ffd2f478000 	C:\Program Files\Java\jdk-19\bin\jli.dll
0x00007ffd42410000 - 0x00007ffd424be000 	C:\WINDOWS\System32\ADVAPI32.dll
0x00007ffd409c0000 - 0x00007ffd40a67000 	C:\WINDOWS\System32\msvcrt.dll
0x00007ffd412c0000 - 0x00007ffd41364000 	C:\WINDOWS\System32\sechost.dll
0x00007ffd406c0000 - 0x00007ffd407d7000 	C:\WINDOWS\System32\RPCRT4.dll
0x00007ffd41370000 - 0x00007ffd4151b000 	C:\WINDOWS\System32\USER32.dll
0x00007ffd40290000 - 0x00007ffd402b6000 	C:\WINDOWS\System32\win32u.dll
0x00007ffd205f0000 - 0x00007ffd2087e000 	C:\WINDOWS\WinSxS\amd64_microsoft.windows.common-controls_6595b64144ccf1df_6.0.22621.1635_none_270f70857386168e\COMCTL32.dll
0x00007ffd41270000 - 0x00007ffd41299000 	C:\WINDOWS\System32\GDI32.dll
0x00007ffd40170000 - 0x00007ffd40289000 	C:\WINDOWS\System32\gdi32full.dll
0x00007ffd40330000 - 0x00007ffd403ca000 	C:\WINDOWS\System32\msvcp_win.dll
0x00007ffd38bd0000 - 0x00007ffd38bda000 	C:\WINDOWS\SYSTEM32\VERSION.dll
0x00007ffd425f0000 - 0x00007ffd42621000 	C:\WINDOWS\System32\IMM32.DLL
0x00007ffd3acc0000 - 0x00007ffd3accc000 	C:\Program Files\Java\jdk-19\bin\vcruntime140_1.dll
0x00007ffd2f900000 - 0x00007ffd2f98e000 	C:\Program Files\Java\jdk-19\bin\msvcp140.dll
0x00007ffccde70000 - 0x00007ffcceb30000 	C:\Program Files\Java\jdk-19\bin\server\jvm.dll
0x00007ffd39930000 - 0x00007ffd39939000 	C:\WINDOWS\SYSTEM32\WSOCK32.dll
0x00007ffd37c00000 - 0x00007ffd37c34000 	C:\WINDOWS\SYSTEM32\WINMM.dll
0x00007ffd41520000 - 0x00007ffd41591000 	C:\WINDOWS\System32\WS2_32.dll
0x00007ffd3ea70000 - 0x00007ffd3ea88000 	C:\WINDOWS\SYSTEM32\kernel.appcore.dll
0x00007ffd39a20000 - 0x00007ffd39a2a000 	C:\Program Files\Java\jdk-19\bin\jimage.dll
0x00007ffd3d3c0000 - 0x00007ffd3d5ee000 	C:\WINDOWS\SYSTEM32\DBGHELP.DLL
0x00007ffd42080000 - 0x00007ffd42409000 	C:\WINDOWS\System32\combase.dll
0x00007ffd408e0000 - 0x00007ffd409b7000 	C:\WINDOWS\System32\OLEAUT32.dll
0x00007ffd23c10000 - 0x00007ffd23c42000 	C:\WINDOWS\SYSTEM32\dbgcore.DLL
0x00007ffd403d0000 - 0x00007ffd4044b000 	C:\WINDOWS\System32\bcryptPrimitives.dll
0x00007ffd39940000 - 0x00007ffd39966000 	C:\Program Files\Java\jdk-19\bin\java.dll
0x00007ffd18080000 - 0x00007ffd18157000 	C:\Program Files\Java\jdk-19\bin\jsvml.dll
0x00007ffd40a70000 - 0x00007ffd4126a000 	C:\WINDOWS\System32\SHELL32.dll
0x00007ffd3da70000 - 0x00007ffd3e33e000 	C:\WINDOWS\SYSTEM32\windows.storage.dll
0x00007ffd3d930000 - 0x00007ffd3da6e000 	C:\WINDOWS\SYSTEM32\wintypes.dll
0x00007ffd41890000 - 0x00007ffd41981000 	C:\WINDOWS\System32\SHCORE.dll
0x00007ffd42590000 - 0x00007ffd425ee000 	C:\WINDOWS\System32\shlwapi.dll
0x00007ffd3f9a0000 - 0x00007ffd3f9c1000 	C:\WINDOWS\SYSTEM32\profapi.dll

dbghelp: loaded successfully - version: 4.0.5 - missing functions: none
symbol engine: initialized successfully - sym options: 0x614 - pdb path: .;C:\Program Files\Java\jdk-19\bin;C:\WINDOWS\SYSTEM32;C:\WINDOWS\WinSxS\amd64_microsoft.windows.common-controls_6595b64144ccf1df_6.0.22621.1635_none_270f70857386168e;C:\Program Files\Java\jdk-19\bin\server

VM Arguments:
jvm_args: -Dfile.encoding=UTF-8 --module-path=C:\Users\akrit\OneDrive\Documents\NetBeansProjects\Tripify Management System\build\classes 
java_command: tripify.management.system.AddProfile
java_class_path (initial): C:\Users\akrit\Downloads\mysql-connector-java-8.0.28.jar;C:\Users\akrit\OneDrive\Documents\NetBeansProjects\Tripify Management System\build\classes
Launcher Type: SUN_STANDARD

[Global flags]
     intx CICompilerCount                          = 4                                         {product} {ergonomic}
     uint ConcGCThreads                            = 2                                         {product} {ergonomic}
     uint G1ConcRefinementThreads                  = 8                                         {product} {ergonomic}
   size_t G1HeapRegionSize                         = 1048576                                   {product} {ergonomic}
    uintx GCDrainStackTargetSize                   = 64                                        {product} {ergonomic}
   size_t InitialHeapSize                          = 132120576                                 {product} {ergonomic}
   size_t MarkStackSize                            = 4194304                                   {product} {ergonomic}
   size_t MaxHeapSize                              = 2086666240                                {product} {ergonomic}
   size_t MaxNewSize                               = 1251999744                                {product} {ergonomic}
   size_t MinHeapDeltaBytes                        = 1048576                                   {product} {ergonomic}
   size_t MinHeapSize                              = 8388608                                   {product} {ergonomic}
    uintx NonNMethodCodeHeapSize                   = 5839372                                {pd product} {ergonomic}
    uintx NonProfiledCodeHeapSize                  = 122909434                              {pd product} {ergonomic}
    uintx ProfiledCodeHeapSize                     = 122909434                              {pd product} {ergonomic}
    uintx ReservedCodeCacheSize                    = 251658240                              {pd product} {ergonomic}
     bool SegmentedCodeCache                       = true                                      {product} {ergonomic}
   size_t SoftMaxHeapSize                          = 2086666240                             {manageable} {ergonomic}
     bool UseCompressedClassPointers               = true                           {product lp64_product} {ergonomic}
     bool UseCompressedOops                        = true                           {product lp64_product} {ergonomic}
     bool UseG1GC                                  = true                                      {product} {ergonomic}
     bool UseLargePagesIndividualAllocation        = false                                  {pd product} {ergonomic}

Logging:
Log output configuration:
 #0: stdout all=warning uptime,level,tags foldmultilines=false
 #1: stderr all=off uptime,level,tags foldmultilines=false

Environment Variables:
PATH=C:\Program Files\Java\jdk-17\bin;C:\Program Files\Common Files\Oracle\Java\javapath;C:\Python3.10\Scripts\;C:\Python3.10\;C:\WINDOWS\system32;C:\WINDOWS;C:\WINDOWS\System32\Wbem;C:\WINDOWS\System32\WindowsPowerShell\v1.0\;C:\WINDOWS\System32\OpenSSH\;C:\Program Files\dotnet\;C:\Program Files\Amazon\AWSCLIV2\;C:\Program Files\PuTTY\;C:\Program Files\nodejs\;C:\Program Files\Java\jdk-19\bin;C:\Program Files\MySQL\MySQL Shell 8.0\bin\;C:\Users\akrit\AppData\Local\Microsoft\WindowsApps;;C:\Users\akrit\AppData\Local\Programs\Microsoft VS Code\bin;C:\Program Files\JetBrains\IntelliJ IDEA Community Edition 2022.2.3\new\IntelliJ IDEA Community Edition 2022.2.3\bin;;C:\Users\akrit\AppData\Roaming\npm
USERNAME=akrit
OS=Windows_NT
PROCESSOR_IDENTIFIER=Intel64 Family 6 Model 126 Stepping 5, GenuineIntel
TMP=C:\Users\akrit\AppData\Local\Temp
TEMP=C:\Users\akrit\AppData\Local\Temp



---------------  S Y S T E M  ---------------

OS:
 Windows 11 , 64 bit Build 22621 (10.0.22621.1778)
OS uptime: 12 days 2:30 hours

CPU: total 8 (initial active 8) (4 cores per cpu, 2 threads per core) family 6 model 126 stepping 5 microcode 0xb8, cx8, cmov, fxsr, ht, mmx, 3dnowpref, sse, sse2, sse3, ssse3, sse4.1, sse4.2, popcnt, lzcnt, tsc, tscinvbit, avx, avx2, aes, erms, clmul, bmi1, bmi2, adx, avx512f, avx512dq, avx512cd, avx512bw, avx512vl, sha, fma, vzeroupper, avx512_vpopcntdq, avx512_vpclmulqdq, avx512_vaes, avx512_vnni, clflush, clflushopt, avx512_vbmi2, avx512_vbmi, rdtscp, rdpid, fsrm, gfni, avx512_bitalg

Memory: 4k page, system-wide physical 7959M (483M free)
TotalPageFile size 32535M (AvailPageFile size 2M)
current process WorkingSet (physical memory assigned to process): 30M, peak: 30M
current process commit charge ("private bytes"): 202M, peak: 204M

vm_info: Java HotSpot(TM) 64-Bit Server VM (19.0.2+7-44) for windows-amd64 JRE (19.0.2+7-44), built on 2022-11-30T18:02:09Z by "mach5one" with MS VC++ 17.1 (VS2022)

END.
